[2020-01-06T19:26:46.5239946Z][Information][Middleware]
{"ContentLength":0,"StatusCode":204,"ContentType":null,"Body":null,"Headers":{"Access-Control-Allow-Headers":["authorization"],"Access-Control-Allow-Methods":["GET"],"Access-Control-Allow-Origin":["*"]}}

[2020-01-06T19:26:53.2472119Z][Information][Middleware]
{"ContentLength":4,"StatusCode":200,"ContentType":"application/json","Body":null,"Headers":{"Connection":["close"],"Date":["Mon, 06 Jan 2020 19:26:52 GMT"],"Content-Type":["application/json"],"Server":["Kestrel"],"Access-Control-Allow-Origin":["*"],"Content-Length":["4"]}}

[2020-01-06T19:27:25.1844305Z][Information][Middleware]
{"ContentLength":36,"StatusCode":452,"ContentType":null,"Body":null,"Headers":{"Connection":["close"],"Date":["Mon, 06 Jan 2020 19:27:24 GMT"],"Server":["Kestrel"],"Access-Control-Allow-Origin":["*"],"Content-Length":["36"]}}

[2020-01-06T19:27:42.4327956Z][Information][Middleware]
{"ContentLength":45,"StatusCode":500,"ContentType":"text/plain","Body":null,"Headers":{"Connection":["close"],"Date":["Mon, 06 Jan 2020 19:27:41 GMT"],"Content-Type":["text/plain"],"Server":["Kestrel"],"Access-Control-Allow-Origin":["*"],"Content-Length":["45"]}}

[2020-01-06T19:28:59.3898878Z][Information][Middleware]
{"ContentLength":0,"StatusCode":401,"ContentType":"application/problem+json; charset=utf-8","Body":null,"Headers":{"Connection":["close"],"Date":["Mon, 06 Jan 2020 19:28:58 GMT"],"Content-Type":["application/problem+json; charset=utf-8"],"Server":["Kestrel"],"Access-Control-Allow-Origin":["*"]}}

[2020-01-06T19:29:06.8071834Z][Information][Middleware]
{"ContentLength":299,"StatusCode":200,"ContentType":null,"Body":null,"Headers":{"Connection":["close"],"Date":["Mon, 06 Jan 2020 19:29:06 GMT"],"Server":["Kestrel"],"Access-Control-Allow-Origin":["*"],"Content-Length":["299"]}}

[2020-01-06T19:29:09.8375760Z][Information][Middleware]
{"ContentLength":0,"StatusCode":204,"ContentType":null,"Body":null,"Headers":{"Access-Control-Allow-Headers":["authorization"],"Access-Control-Allow-Methods":["GET"],"Access-Control-Allow-Origin":["*"]}}

[2020-01-06T19:29:09.8952521Z][Information][Middleware]
{"ContentLength":0,"StatusCode":204,"ContentType":null,"Body":null,"Headers":{"Access-Control-Allow-Headers":["authorization"],"Access-Control-Allow-Methods":["GET"],"Access-Control-Allow-Origin":["*"]}}

[2020-01-06T19:29:09.9105660Z][Information][Middleware]
{"ContentLength":0,"StatusCode":204,"ContentType":null,"Body":null,"Headers":{"Access-Control-Allow-Headers":["authorization"],"Access-Control-Allow-Methods":["GET"],"Access-Control-Allow-Origin":["*"]}}

[2020-01-06T19:29:10.0476297Z][Information][Middleware]
{"ContentLength":0,"StatusCode":204,"ContentType":null,"Body":null,"Headers":{"Access-Control-Allow-Headers":["authorization"],"Access-Control-Allow-Methods":["GET"],"Access-Control-Allow-Origin":["*"]}}

[2020-01-06T19:29:10.0515929Z][Information][Middleware]
{"ContentLength":0,"StatusCode":204,"ContentType":null,"Body":null,"Headers":{"Access-Control-Allow-Headers":["authorization"],"Access-Control-Allow-Methods":["GET"],"Access-Control-Allow-Origin":["*"]}}

[2020-01-06T19:29:10.0869119Z][Information][Middleware]
{"ContentLength":26,"StatusCode":200,"ContentType":"application/json","Body":null,"Headers":{"Connection":["close"],"Date":["Mon, 06 Jan 2020 19:29:09 GMT"],"Content-Type":["application/json"],"Server":["Kestrel"],"Access-Control-Allow-Origin":["*"],"Content-Length":["26"]}}

[2020-01-06T19:29:10.4114762Z][Information][Middleware]
{"ContentLength":46,"StatusCode":200,"ContentType":"application/json","Body":null,"Headers":{"Connection":["close"],"Date":["Mon, 06 Jan 2020 19:29:09 GMT"],"Content-Type":["application/json"],"Server":["Kestrel"],"Access-Control-Allow-Origin":["*"],"Content-Length":["46"]}}

[2020-01-06T19:29:10.4890455Z][Information][Middleware]
{"ContentLength":254,"StatusCode":200,"ContentType":"application/json","Body":null,"Headers":{"Connection":["close"],"Date":["Mon, 06 Jan 2020 19:29:09 GMT"],"Content-Type":["application/json"],"Server":["Kestrel"],"Access-Control-Allow-Origin":["*"],"Content-Length":["254"]}}

[2020-01-06T19:29:11.7283949Z][Information][Middleware]
{"ContentLength":28,"StatusCode":452,"ContentType":null,"Body":null,"Headers":{"Connection":["close"],"Date":["Mon, 06 Jan 2020 19:29:10 GMT"],"Server":["Kestrel"],"Access-Control-Allow-Origin":["*"],"Content-Length":["28"]}}

[2020-01-06T19:29:12.0477372Z][Information][Middleware]
{"ContentLength":37,"StatusCode":500,"ContentType":"text/plain","Body":null,"Headers":{"Connection":["close"],"Date":["Mon, 06 Jan 2020 19:29:11 GMT"],"Content-Type":["text/plain"],"Server":["Kestrel"],"Access-Control-Allow-Origin":["*"],"Content-Length":["37"]}}

[2020-01-06T19:29:42.3016625Z][Information][Middleware]
{"ContentLength":0,"StatusCode":204,"ContentType":null,"Body":null,"Headers":{"Access-Control-Allow-Headers":["authorization,content-type"],"Access-Control-Allow-Methods":["PUT"],"Access-Control-Allow-Origin":["*"]}}

[2020-01-06T19:29:48.4117965Z][Information][Middleware]
{"ContentLength":0,"StatusCode":204,"ContentType":null,"Body":null,"Headers":{"Access-Control-Allow-Headers":["authorization,content-type"],"Access-Control-Allow-Methods":["PUT"],"Access-Control-Allow-Origin":["*"]}}

[2020-01-06T19:30:17.9121608Z][Information][Middleware]
{"ContentLength":0,"StatusCode":204,"ContentType":null,"Body":null,"Headers":{"Access-Control-Allow-Headers":["authorization,content-type"],"Access-Control-Allow-Methods":["PUT"],"Access-Control-Allow-Origin":["*"]}}

[2020-01-06T19:30:20.1645539Z][Information][Middleware]
{"ContentLength":0,"StatusCode":200,"ContentType":null,"Body":null,"Headers":{"Access-Control-Allow-Origin":["*"]}}

[2020-01-06T19:31:04.1854544Z][Information][Middleware]
{"ContentLength":0,"StatusCode":204,"ContentType":null,"Body":null,"Headers":{"Access-Control-Allow-Headers":["authorization"],"Access-Control-Allow-Methods":["GET"],"Access-Control-Allow-Origin":["*"]}}

[2020-01-06T19:31:33.3610576Z][Information][Middleware]
{"ContentLength":0,"StatusCode":204,"ContentType":null,"Body":null,"Headers":{"Access-Control-Allow-Headers":["authorization"],"Access-Control-Allow-Methods":["GET"],"Access-Control-Allow-Origin":["*"]}}

[2020-01-06T19:31:33.3644451Z][Information][Middleware]
{"ContentLength":0,"StatusCode":204,"ContentType":null,"Body":null,"Headers":{"Access-Control-Allow-Headers":["authorization"],"Access-Control-Allow-Methods":["GET"],"Access-Control-Allow-Origin":["*"]}}

[2020-01-06T19:31:33.3847374Z][Information][Middleware]
{"ContentLength":0,"StatusCode":204,"ContentType":null,"Body":null,"Headers":{"Access-Control-Allow-Headers":["authorization"],"Access-Control-Allow-Methods":["GET"],"Access-Control-Allow-Origin":["*"]}}

[2020-01-06T19:31:33.3925491Z][Information][Middleware]
{"ContentLength":0,"StatusCode":204,"ContentType":null,"Body":null,"Headers":{"Access-Control-Allow-Headers":["authorization"],"Access-Control-Allow-Methods":["GET"],"Access-Control-Allow-Origin":["*"]}}

[2020-01-06T19:31:33.4222378Z][Information][Middleware]
{"ContentLength":0,"StatusCode":204,"ContentType":null,"Body":null,"Headers":{"Access-Control-Allow-Headers":["authorization"],"Access-Control-Allow-Methods":["GET"],"Access-Control-Allow-Origin":["*"]}}

[2020-01-06T19:31:33.5257959Z][Information][Middleware]
{"ContentLength":26,"StatusCode":200,"ContentType":"application/json","Body":null,"Headers":{"Connection":["close"],"Date":["Mon, 06 Jan 2020 19:31:32 GMT"],"Content-Type":["application/json"],"Server":["Kestrel"],"Access-Control-Allow-Origin":["*"],"Content-Length":["26"]}}

[2020-01-06T19:31:33.5272530Z][Information][Middleware]
{"ContentLength":254,"StatusCode":200,"ContentType":"application/json","Body":null,"Headers":{"Connection":["close"],"Date":["Mon, 06 Jan 2020 19:31:32 GMT"],"Content-Type":["application/json"],"Server":["Kestrel"],"Access-Control-Allow-Origin":["*"],"Content-Length":["254"]}}

[2020-01-06T19:31:34.7471587Z][Information][Middleware]
{"ContentLength":46,"StatusCode":200,"ContentType":"application/json","Body":null,"Headers":{"Connection":["close"],"Date":["Mon, 06 Jan 2020 19:31:34 GMT"],"Content-Type":["application/json"],"Server":["Kestrel"],"Access-Control-Allow-Origin":["*"],"Content-Length":["46"]}}

[2020-01-06T19:31:35.3844735Z][Information][Middleware]
{"ContentLength":293294,"StatusCode":200,"ContentType":"application/json","Body":null,"Headers":{"Connection":["close"],"Date":["Mon, 06 Jan 2020 19:31:34 GMT"],"Content-Type":["application/json"],"Server":["Kestrel"],"Access-Control-Allow-Origin":["*"],"Content-Length":["293294"]}}

[2020-01-06T19:31:36.1416677Z][Information][Middleware]
{"ContentLength":293354,"StatusCode":200,"ContentType":"application/json","Body":null,"Headers":{"Connection":["close"],"Date":["Mon, 06 Jan 2020 19:31:35 GMT"],"Content-Type":["application/json"],"Server":["Kestrel"],"Access-Control-Allow-Origin":["*"],"Content-Length":["293354"]}}

[2020-01-06T19:31:45.2735607Z][Information][Middleware]
{"ContentLength":0,"StatusCode":204,"ContentType":null,"Body":null,"Headers":{"Access-Control-Allow-Headers":["authorization"],"Access-Control-Allow-Methods":["PUT"],"Access-Control-Allow-Origin":["*"]}}

[2020-01-06T19:31:45.5424911Z][Information][Middleware]
{"ContentLength":0,"StatusCode":200,"ContentType":null,"Body":null,"Headers":{"Access-Control-Allow-Origin":["*"]}}

[2020-01-06T19:31:45.5615843Z][Information][Middleware]
{"ContentLength":0,"StatusCode":204,"ContentType":null,"Body":null,"Headers":{"Access-Control-Allow-Headers":["authorization"],"Access-Control-Allow-Methods":["GET"],"Access-Control-Allow-Origin":["*"]}}

[2020-01-06T19:31:48.4276789Z][Information][Middleware]
{"ContentLength":293512,"StatusCode":200,"ContentType":"application/json","Body":null,"Headers":{"Connection":["close"],"Date":["Mon, 06 Jan 2020 19:31:47 GMT"],"Content-Type":["application/json"],"Server":["Kestrel"],"Access-Control-Allow-Origin":["*"],"Content-Length":["293512"]}}

[2020-01-06T19:32:24.6947077Z][Information][Middleware]
{"ContentLength":0,"StatusCode":204,"ContentType":null,"Body":null,"Headers":{"Access-Control-Allow-Headers":["authorization,content-type"],"Access-Control-Allow-Methods":["PUT"],"Access-Control-Allow-Origin":["*"]}}

[2020-01-06T19:32:24.9451952Z][Information][Middleware]
{"ContentLength":0,"StatusCode":200,"ContentType":null,"Body":null,"Headers":{"Access-Control-Allow-Origin":["*"]}}

[2020-01-06T19:32:27.2186347Z][Information][Middleware]
{"ContentLength":0,"StatusCode":204,"ContentType":null,"Body":null,"Headers":{"Access-Control-Allow-Headers":["authorization"],"Access-Control-Allow-Methods":["GET"],"Access-Control-Allow-Origin":["*"]}}

[2020-01-06T19:32:27.3258027Z][Information][Middleware]
{"ContentLength":256,"StatusCode":200,"ContentType":"application/json","Body":null,"Headers":{"Connection":["close"],"Date":["Mon, 06 Jan 2020 19:32:26 GMT"],"Content-Type":["application/json"],"Server":["Kestrel"],"Access-Control-Allow-Origin":["*"],"Content-Length":["256"]}}

[2020-01-06T19:32:31.2049004Z][Information][Middleware]
{"ContentLength":0,"StatusCode":204,"ContentType":null,"Body":null,"Headers":{"Access-Control-Allow-Headers":["authorization"],"Access-Control-Allow-Methods":["GET"],"Access-Control-Allow-Origin":["*"]}}

[2020-01-06T19:32:31.2184977Z][Information][Middleware]
{"ContentLength":0,"StatusCode":204,"ContentType":null,"Body":null,"Headers":{"Access-Control-Allow-Headers":["authorization"],"Access-Control-Allow-Methods":["GET"],"Access-Control-Allow-Origin":["*"]}}

[2020-01-06T19:32:31.2187892Z][Information][Middleware]
{"ContentLength":0,"StatusCode":204,"ContentType":null,"Body":null,"Headers":{"Access-Control-Allow-Headers":["authorization"],"Access-Control-Allow-Methods":["GET"],"Access-Control-Allow-Origin":["*"]}}

[2020-01-06T19:32:31.2262348Z][Information][Middleware]
{"ContentLength":0,"StatusCode":204,"ContentType":null,"Body":null,"Headers":{"Access-Control-Allow-Headers":["authorization"],"Access-Control-Allow-Methods":["GET"],"Access-Control-Allow-Origin":["*"]}}

[2020-01-06T19:32:31.2333387Z][Information][Middleware]
{"ContentLength":0,"StatusCode":204,"ContentType":null,"Body":null,"Headers":{"Access-Control-Allow-Headers":["authorization"],"Access-Control-Allow-Methods":["GET"],"Access-Control-Allow-Origin":["*"]}}

[2020-01-06T19:32:31.3761250Z][Information][Middleware]
{"ContentLength":50,"StatusCode":200,"ContentType":"application/json","Body":null,"Headers":{"Connection":["close"],"Date":["Mon, 06 Jan 2020 19:32:30 GMT"],"Content-Type":["application/json"],"Server":["Kestrel"],"Access-Control-Allow-Origin":["*"],"Content-Length":["50"]}}

[2020-01-06T19:32:31.3775908Z][Information][Middleware]
{"ContentLength":254,"StatusCode":200,"ContentType":"application/json","Body":null,"Headers":{"Connection":["close"],"Date":["Mon, 06 Jan 2020 19:32:30 GMT"],"Content-Type":["application/json"],"Server":["Kestrel"],"Access-Control-Allow-Origin":["*"],"Content-Length":["254"]}}

[2020-01-06T19:32:31.3944050Z][Information][Middleware]
{"ContentLength":26,"StatusCode":200,"ContentType":"application/json","Body":null,"Headers":{"Connection":["close"],"Date":["Mon, 06 Jan 2020 19:32:30 GMT"],"Content-Type":["application/json"],"Server":["Kestrel"],"Access-Control-Allow-Origin":["*"],"Content-Length":["26"]}}

[2020-01-06T19:32:33.1037380Z][Information][Middleware]
{"ContentLength":293294,"StatusCode":200,"ContentType":"application/json","Body":null,"Headers":{"Connection":["close"],"Date":["Mon, 06 Jan 2020 19:32:32 GMT"],"Content-Type":["application/json"],"Server":["Kestrel"],"Access-Control-Allow-Origin":["*"],"Content-Length":["293294"]}}

[2020-01-06T19:32:33.1552412Z][Information][Middleware]
{"ContentLength":293515,"StatusCode":200,"ContentType":"application/json","Body":null,"Headers":{"Connection":["close"],"Date":["Mon, 06 Jan 2020 19:32:32 GMT"],"Content-Type":["application/json"],"Server":["Kestrel"],"Access-Control-Allow-Origin":["*"],"Content-Length":["293515"]}}

[2020-01-06T19:33:03.1428127Z][Information][Middleware]
{"ContentLength":0,"StatusCode":204,"ContentType":null,"Body":null,"Headers":{"Access-Control-Allow-Headers":["authorization"],"Access-Control-Allow-Methods":["GET"],"Access-Control-Allow-Origin":["*"]}}

[2020-01-06T20:58:15.2954062Z][Information][Middleware]
{"ContentLength":0,"StatusCode":204,"ContentType":null,"Body":null,"Headers":{"Access-Control-Allow-Headers":["authorization"],"Access-Control-Allow-Methods":["GET"],"Access-Control-Allow-Origin":["*"]}}

[2020-01-06T20:58:21.5748477Z][Information][Middleware]
{"ContentLength":256,"StatusCode":200,"ContentType":"application/json","Body":null,"Headers":{"Connection":["close"],"Date":["Mon, 06 Jan 2020 20:58:21 GMT"],"Content-Type":["application/json"],"Server":["Kestrel"],"Access-Control-Allow-Origin":["*"],"Content-Length":["256"]}}

[2020-01-06T20:58:30.1607127Z][Information][Middleware]
{"ContentLength":0,"StatusCode":204,"ContentType":null,"Body":null,"Headers":{"Access-Control-Allow-Headers":["authorization"],"Access-Control-Allow-Methods":["GET"],"Access-Control-Allow-Origin":["*"]}}

[2020-01-06T20:58:30.1627515Z][Information][Middleware]
{"ContentLength":0,"StatusCode":204,"ContentType":null,"Body":null,"Headers":{"Access-Control-Allow-Headers":["authorization"],"Access-Control-Allow-Methods":["GET"],"Access-Control-Allow-Origin":["*"]}}

[2020-01-06T20:58:30.1596302Z][Information][Middleware]
{"ContentLength":0,"StatusCode":204,"ContentType":null,"Body":null,"Headers":{"Access-Control-Allow-Headers":["authorization"],"Access-Control-Allow-Methods":["GET"],"Access-Control-Allow-Origin":["*"]}}

[2020-01-06T20:58:30.1741458Z][Information][Middleware]
{"ContentLength":0,"StatusCode":204,"ContentType":null,"Body":null,"Headers":{"Access-Control-Allow-Headers":["authorization"],"Access-Control-Allow-Methods":["GET"],"Access-Control-Allow-Origin":["*"]}}

[2020-01-06T20:58:30.1781260Z][Information][Middleware]
{"ContentLength":0,"StatusCode":204,"ContentType":null,"Body":null,"Headers":{"Access-Control-Allow-Headers":["authorization"],"Access-Control-Allow-Methods":["GET"],"Access-Control-Allow-Origin":["*"]}}

[2020-01-06T20:58:30.7213655Z][Information][Middleware]
{"ContentLength":293294,"StatusCode":200,"ContentType":"application/json","Body":null,"Headers":{"Connection":["close"],"Date":["Mon, 06 Jan 2020 20:58:30 GMT"],"Content-Type":["application/json"],"Server":["Kestrel"],"Access-Control-Allow-Origin":["*"],"Content-Length":["293294"]}}

[2020-01-06T20:58:30.8418465Z][Information][Middleware]
{"ContentLength":254,"StatusCode":200,"ContentType":"application/json","Body":null,"Headers":{"Connection":["close"],"Date":["Mon, 06 Jan 2020 20:58:30 GMT"],"Content-Type":["application/json"],"Server":["Kestrel"],"Access-Control-Allow-Origin":["*"],"Content-Length":["254"]}}

[2020-01-06T20:58:30.8418467Z][Information][Middleware]
{"ContentLength":50,"StatusCode":200,"ContentType":"application/json","Body":null,"Headers":{"Connection":["close"],"Date":["Mon, 06 Jan 2020 20:58:30 GMT"],"Content-Type":["application/json"],"Server":["Kestrel"],"Access-Control-Allow-Origin":["*"],"Content-Length":["50"]}}

[2020-01-06T20:58:30.8428925Z][Information][Middleware]
{"ContentLength":26,"StatusCode":200,"ContentType":"application/json","Body":null,"Headers":{"Connection":["close"],"Date":["Mon, 06 Jan 2020 20:58:30 GMT"],"Content-Type":["application/json"],"Server":["Kestrel"],"Access-Control-Allow-Origin":["*"],"Content-Length":["26"]}}

[2020-01-06T20:58:31.5568692Z][Information][Middleware]
{"ContentLength":293515,"StatusCode":200,"ContentType":"application/json","Body":null,"Headers":{"Connection":["close"],"Date":["Mon, 06 Jan 2020 20:58:31 GMT"],"Content-Type":["application/json"],"Server":["Kestrel"],"Access-Control-Allow-Origin":["*"],"Content-Length":["293515"]}}

[2020-01-06T20:58:41.6110451Z][Information][Middleware]
{"ContentLength":0,"StatusCode":204,"ContentType":null,"Body":null,"Headers":{"Access-Control-Allow-Headers":["authorization"],"Access-Control-Allow-Methods":["GET"],"Access-Control-Allow-Origin":["*"]}}

[2020-01-06T20:58:41.6951021Z][Information][Middleware]
{"ContentLength":43,"StatusCode":200,"ContentType":"application/json","Body":null,"Headers":{"Connection":["close"],"Date":["Mon, 06 Jan 2020 20:58:41 GMT"],"Content-Type":["application/json"],"Server":["Kestrel"],"Access-Control-Allow-Origin":["*"],"Content-Length":["43"]}}

[2020-01-06T20:58:43.6803097Z][Information][Middleware]
{"ContentLength":0,"StatusCode":204,"ContentType":null,"Body":null,"Headers":{"Access-Control-Allow-Headers":["authorization"],"Access-Control-Allow-Methods":["GET"],"Access-Control-Allow-Origin":["*"]}}

[2020-01-06T20:58:43.7845191Z][Information][Middleware]
{"ContentLength":28,"StatusCode":200,"ContentType":"application/json","Body":null,"Headers":{"Connection":["close"],"Date":["Mon, 06 Jan 2020 20:58:43 GMT"],"Content-Type":["application/json"],"Server":["Kestrel"],"Access-Control-Allow-Origin":["*"],"Content-Length":["28"]}}

[2020-01-06T20:58:45.5811229Z][Information][Middleware]
{"ContentLength":0,"StatusCode":204,"ContentType":null,"Body":null,"Headers":{"Access-Control-Allow-Headers":["authorization"],"Access-Control-Allow-Methods":["GET"],"Access-Control-Allow-Origin":["*"]}}

[2020-01-06T20:58:45.6498428Z][Information][Middleware]
{"ContentLength":28,"StatusCode":200,"ContentType":"application/json","Body":null,"Headers":{"Connection":["close"],"Date":["Mon, 06 Jan 2020 20:58:45 GMT"],"Content-Type":["application/json"],"Server":["Kestrel"],"Access-Control-Allow-Origin":["*"],"Content-Length":["28"]}}

