[2020-01-07T19:06:47.5097863Z][Information][Middleware]
{"ContentLength":0,"StatusCode":204,"ContentType":null,"Body":null,"Headers":{"Access-Control-Allow-Headers":["authorization"],"Access-Control-Allow-Methods":["GET"],"Access-Control-Allow-Origin":["*"]}}

[2020-01-07T19:06:48.4598450Z][Information][Middleware]
{"ContentLength":0,"StatusCode":404,"ContentType":null,"Body":null,"Headers":{}}

[2020-01-07T19:07:17.0587562Z][Information][Middleware]
{"ContentLength":0,"StatusCode":404,"ContentType":null,"Body":null,"Headers":{}}

[2020-01-07T19:07:36.4229710Z][Information][Middleware]
{"ContentLength":0,"StatusCode":404,"ContentType":null,"Body":null,"Headers":{}}

[2020-01-07T19:18:19.4317706Z][Information][Middleware]
{"ContentLength":0,"StatusCode":204,"ContentType":null,"Body":null,"Headers":{"Access-Control-Allow-Headers":["authorization"],"Access-Control-Allow-Methods":["PUT"],"Access-Control-Allow-Origin":["*"]}}

[2020-01-07T19:18:26.1015326Z][Information][Middleware]
{"ContentLength":0,"StatusCode":200,"ContentType":null,"Body":null,"Headers":{"Access-Control-Allow-Origin":["*"]}}

[2020-01-07T19:18:26.1450630Z][Information][Middleware]
{"ContentLength":0,"StatusCode":204,"ContentType":null,"Body":null,"Headers":{"Access-Control-Allow-Headers":["authorization"],"Access-Control-Allow-Methods":["GET"],"Access-Control-Allow-Origin":["*"]}}

[2020-01-07T19:18:27.1709499Z][Information][Middleware]
{"ContentLength":293676,"StatusCode":200,"ContentType":"application/json","Body":null,"Headers":{"Connection":["close"],"Date":["Tue, 07 Jan 2020 19:18:26 GMT"],"Content-Type":["application/json"],"Server":["Kestrel"],"Access-Control-Allow-Origin":["*"],"Content-Length":["293676"]}}

[2020-01-07T19:18:49.3753978Z][Information][Middleware]
{"ContentLength":0,"StatusCode":204,"ContentType":null,"Body":null,"Headers":{"Access-Control-Allow-Headers":["authorization"],"Access-Control-Allow-Methods":["GET"],"Access-Control-Allow-Origin":["*"]}}

[2020-01-07T19:18:49.3773916Z][Information][Middleware]
{"ContentLength":0,"StatusCode":204,"ContentType":null,"Body":null,"Headers":{"Access-Control-Allow-Headers":["authorization"],"Access-Control-Allow-Methods":["GET"],"Access-Control-Allow-Origin":["*"]}}

[2020-01-07T19:18:49.3901124Z][Information][Middleware]
{"ContentLength":0,"StatusCode":204,"ContentType":null,"Body":null,"Headers":{"Access-Control-Allow-Headers":["authorization"],"Access-Control-Allow-Methods":["GET"],"Access-Control-Allow-Origin":["*"]}}

[2020-01-07T19:18:49.3943867Z][Information][Middleware]
{"ContentLength":0,"StatusCode":204,"ContentType":null,"Body":null,"Headers":{"Access-Control-Allow-Headers":["authorization"],"Access-Control-Allow-Methods":["GET"],"Access-Control-Allow-Origin":["*"]}}

[2020-01-07T19:18:49.4020251Z][Information][Middleware]
{"ContentLength":0,"StatusCode":204,"ContentType":null,"Body":null,"Headers":{"Access-Control-Allow-Headers":["authorization"],"Access-Control-Allow-Methods":["GET"],"Access-Control-Allow-Origin":["*"]}}

[2020-01-07T19:18:50.0018664Z][Information][Middleware]
{"ContentLength":321,"StatusCode":200,"ContentType":"application/json","Body":null,"Headers":{"Connection":["close"],"Date":["Tue, 07 Jan 2020 19:18:48 GMT"],"Content-Type":["application/json"],"Server":["Kestrel"],"Access-Control-Allow-Origin":["*"],"Content-Length":["321"]}}

[2020-01-07T19:18:50.4630768Z][Information][Middleware]
{"ContentLength":50,"StatusCode":200,"ContentType":"application/json","Body":null,"Headers":{"Connection":["close"],"Date":["Tue, 07 Jan 2020 19:18:50 GMT"],"Content-Type":["application/json"],"Server":["Kestrel"],"Access-Control-Allow-Origin":["*"],"Content-Length":["50"]}}

[2020-01-07T19:18:50.4662286Z][Information][Middleware]
{"ContentLength":26,"StatusCode":200,"ContentType":"application/json","Body":null,"Headers":{"Connection":["close"],"Date":["Tue, 07 Jan 2020 19:18:50 GMT"],"Content-Type":["application/json"],"Server":["Kestrel"],"Access-Control-Allow-Origin":["*"],"Content-Length":["26"]}}

[2020-01-07T19:18:50.7667864Z][Information][Middleware]
{"ContentLength":293294,"StatusCode":200,"ContentType":"application/json","Body":null,"Headers":{"Connection":["close"],"Date":["Tue, 07 Jan 2020 19:18:50 GMT"],"Content-Type":["application/json"],"Server":["Kestrel"],"Access-Control-Allow-Origin":["*"],"Content-Length":["293294"]}}

[2020-01-07T19:18:50.8591976Z][Information][Middleware]
{"ContentLength":293676,"StatusCode":200,"ContentType":"application/json","Body":null,"Headers":{"Connection":["close"],"Date":["Tue, 07 Jan 2020 19:18:50 GMT"],"Content-Type":["application/json"],"Server":["Kestrel"],"Access-Control-Allow-Origin":["*"],"Content-Length":["293676"]}}

[2020-01-07T19:19:01.3239014Z][Information][Middleware]
{"ContentLength":0,"StatusCode":204,"ContentType":null,"Body":null,"Headers":{"Access-Control-Allow-Headers":["authorization"],"Access-Control-Allow-Methods":["GET"],"Access-Control-Allow-Origin":["*"]}}

[2020-01-07T19:19:01.4944724Z][Information][Middleware]
{"ContentLength":28,"StatusCode":200,"ContentType":"application/json","Body":null,"Headers":{"Connection":["close"],"Date":["Tue, 07 Jan 2020 19:19:00 GMT"],"Content-Type":["application/json"],"Server":["Kestrel"],"Access-Control-Allow-Origin":["*"],"Content-Length":["28"]}}

[2020-01-07T19:19:13.5844938Z][Information][Middleware]
{"ContentLength":0,"StatusCode":204,"ContentType":null,"Body":null,"Headers":{"Access-Control-Allow-Headers":["authorization,content-type"],"Access-Control-Allow-Methods":["PUT"],"Access-Control-Allow-Origin":["*"]}}

[2020-01-07T19:19:13.8444470Z][Information][Middleware]
{"ContentLength":0,"StatusCode":200,"ContentType":null,"Body":null,"Headers":{"Access-Control-Allow-Origin":["*"]}}

[2020-01-07T19:19:44.0819408Z][Information][Middleware]
{"ContentLength":0,"StatusCode":204,"ContentType":null,"Body":null,"Headers":{"Access-Control-Allow-Headers":["authorization"],"Access-Control-Allow-Methods":["GET"],"Access-Control-Allow-Origin":["*"]}}

[2020-01-07T19:19:44.3235392Z][Information][Middleware]
{"ContentLength":345,"StatusCode":200,"ContentType":"application/json","Body":null,"Headers":{"Connection":["close"],"Date":["Tue, 07 Jan 2020 19:19:43 GMT"],"Content-Type":["application/json"],"Server":["Kestrel"],"Access-Control-Allow-Origin":["*"],"Content-Length":["345"]}}

