[2020-01-07T19:08:28.3753507Z][Information][Middleware]
{"ContentLength":299,"StatusCode":200,"ContentType":null,"Body":null,"Headers":{"Connection":["close"],"Date":["Tue, 07 Jan 2020 19:08:28 GMT"],"Server":["Kestrel"],"Access-Control-Allow-Origin":["*"],"Content-Length":["299"]}}

[2020-01-07T19:09:19.3512839Z][Information][Middleware]
{"ContentLength":0,"StatusCode":204,"ContentType":null,"Body":null,"Headers":{"Access-Control-Allow-Headers":["authorization"],"Access-Control-Allow-Methods":["GET"],"Access-Control-Allow-Origin":["*"]}}

[2020-01-07T19:09:19.3587008Z][Information][Middleware]
{"ContentLength":0,"StatusCode":204,"ContentType":null,"Body":null,"Headers":{"Access-Control-Allow-Headers":["authorization"],"Access-Control-Allow-Methods":["GET"],"Access-Control-Allow-Origin":["*"]}}

[2020-01-07T19:09:19.3661898Z][Information][Middleware]
{"ContentLength":0,"StatusCode":204,"ContentType":null,"Body":null,"Headers":{"Access-Control-Allow-Headers":["authorization"],"Access-Control-Allow-Methods":["GET"],"Access-Control-Allow-Origin":["*"]}}

[2020-01-07T19:09:19.3692328Z][Information][Middleware]
{"ContentLength":0,"StatusCode":204,"ContentType":null,"Body":null,"Headers":{"Access-Control-Allow-Headers":["authorization"],"Access-Control-Allow-Methods":["GET"],"Access-Control-Allow-Origin":["*"]}}

[2020-01-07T19:09:19.4118733Z][Information][Middleware]
{"ContentLength":0,"StatusCode":204,"ContentType":null,"Body":null,"Headers":{"Access-Control-Allow-Headers":["authorization"],"Access-Control-Allow-Methods":["GET"],"Access-Control-Allow-Origin":["*"]}}

[2020-01-07T19:09:19.8507493Z][Information][Middleware]
{"ContentLength":50,"StatusCode":200,"ContentType":"application/json","Body":null,"Headers":{"Connection":["close"],"Date":["Tue, 07 Jan 2020 19:09:19 GMT"],"Content-Type":["application/json"],"Server":["Kestrel"],"Access-Control-Allow-Origin":["*"],"Content-Length":["50"]}}

[2020-01-07T19:09:19.8564060Z][Information][Middleware]
{"ContentLength":26,"StatusCode":200,"ContentType":"application/json","Body":null,"Headers":{"Connection":["close"],"Date":["Tue, 07 Jan 2020 19:09:19 GMT"],"Content-Type":["application/json"],"Server":["Kestrel"],"Access-Control-Allow-Origin":["*"],"Content-Length":["26"]}}

[2020-01-07T19:09:19.9308329Z][Information][Middleware]
{"ContentLength":321,"StatusCode":200,"ContentType":"application/json","Body":null,"Headers":{"Connection":["close"],"Date":["Tue, 07 Jan 2020 19:09:19 GMT"],"Content-Type":["application/json"],"Server":["Kestrel"],"Access-Control-Allow-Origin":["*"],"Content-Length":["321"]}}

[2020-01-07T19:09:20.5778570Z][Information][Middleware]
{"ContentLength":293515,"StatusCode":200,"ContentType":"application/json","Body":null,"Headers":{"Connection":["close"],"Date":["Tue, 07 Jan 2020 19:09:20 GMT"],"Content-Type":["application/json"],"Server":["Kestrel"],"Access-Control-Allow-Origin":["*"],"Content-Length":["293515"]}}

[2020-01-07T19:09:21.0845979Z][Information][Middleware]
{"ContentLength":293294,"StatusCode":200,"ContentType":"application/json","Body":null,"Headers":{"Connection":["close"],"Date":["Tue, 07 Jan 2020 19:09:20 GMT"],"Content-Type":["application/json"],"Server":["Kestrel"],"Access-Control-Allow-Origin":["*"],"Content-Length":["293294"]}}

[2020-01-07T19:09:30.5192649Z][Information][Middleware]
{"ContentLength":0,"StatusCode":204,"ContentType":null,"Body":null,"Headers":{"Access-Control-Allow-Headers":["authorization"],"Access-Control-Allow-Methods":["GET"],"Access-Control-Allow-Origin":["*"]}}

[2020-01-07T19:09:30.5989598Z][Information][Middleware]
{"ContentLength":28,"StatusCode":200,"ContentType":"application/json","Body":null,"Headers":{"Connection":["close"],"Date":["Tue, 07 Jan 2020 19:09:30 GMT"],"Content-Type":["application/json"],"Server":["Kestrel"],"Access-Control-Allow-Origin":["*"],"Content-Length":["28"]}}

[2020-01-07T19:09:32.4753833Z][Information][Middleware]
{"ContentLength":0,"StatusCode":204,"ContentType":null,"Body":null,"Headers":{"Access-Control-Allow-Headers":["authorization"],"Access-Control-Allow-Methods":["GET"],"Access-Control-Allow-Origin":["*"]}}

[2020-01-07T19:09:32.5956566Z][Information][Middleware]
{"ContentLength":21,"StatusCode":200,"ContentType":"application/json","Body":null,"Headers":{"Connection":["close"],"Date":["Tue, 07 Jan 2020 19:09:32 GMT"],"Content-Type":["application/json"],"Server":["Kestrel"],"Access-Control-Allow-Origin":["*"],"Content-Length":["21"]}}

[2020-01-07T19:09:44.7571021Z][Information][Middleware]
{"ContentLength":0,"StatusCode":204,"ContentType":null,"Body":null,"Headers":{"Access-Control-Allow-Headers":["authorization,content-type"],"Access-Control-Allow-Methods":["PUT"],"Access-Control-Allow-Origin":["*"]}}

[2020-01-07T19:09:45.0333310Z][Information][Middleware]
{"ContentLength":0,"StatusCode":200,"ContentType":null,"Body":null,"Headers":{"Access-Control-Allow-Origin":["*"]}}

[2020-01-07T19:10:10.6062504Z][Information][Middleware]
{"ContentLength":0,"StatusCode":204,"ContentType":null,"Body":null,"Headers":{"Access-Control-Allow-Headers":["authorization"],"Access-Control-Allow-Methods":["GET"],"Access-Control-Allow-Origin":["*"]}}

[2020-01-07T19:10:10.6499716Z][Information][Middleware]
{"ContentLength":0,"StatusCode":204,"ContentType":null,"Body":null,"Headers":{"Access-Control-Allow-Headers":["authorization"],"Access-Control-Allow-Methods":["GET"],"Access-Control-Allow-Origin":["*"]}}

[2020-01-07T19:10:10.6563080Z][Information][Middleware]
{"ContentLength":0,"StatusCode":204,"ContentType":null,"Body":null,"Headers":{"Access-Control-Allow-Headers":["authorization"],"Access-Control-Allow-Methods":["GET"],"Access-Control-Allow-Origin":["*"]}}

[2020-01-07T19:10:10.6585853Z][Information][Middleware]
{"ContentLength":0,"StatusCode":204,"ContentType":null,"Body":null,"Headers":{"Access-Control-Allow-Headers":["authorization"],"Access-Control-Allow-Methods":["GET"],"Access-Control-Allow-Origin":["*"]}}

[2020-01-07T19:10:10.6674785Z][Information][Middleware]
{"ContentLength":0,"StatusCode":204,"ContentType":null,"Body":null,"Headers":{"Access-Control-Allow-Headers":["authorization"],"Access-Control-Allow-Methods":["GET"],"Access-Control-Allow-Origin":["*"]}}

[2020-01-07T19:10:10.9793028Z][Information][Middleware]
{"ContentLength":50,"StatusCode":200,"ContentType":"application/json","Body":null,"Headers":{"Connection":["close"],"Date":["Tue, 07 Jan 2020 19:10:10 GMT"],"Content-Type":["application/json"],"Server":["Kestrel"],"Access-Control-Allow-Origin":["*"],"Content-Length":["50"]}}

[2020-01-07T19:10:10.9827498Z][Information][Middleware]
{"ContentLength":321,"StatusCode":200,"ContentType":"application/json","Body":null,"Headers":{"Connection":["close"],"Date":["Tue, 07 Jan 2020 19:10:10 GMT"],"Content-Type":["application/json"],"Server":["Kestrel"],"Access-Control-Allow-Origin":["*"],"Content-Length":["321"]}}

[2020-01-07T19:10:11.2066285Z][Information][Middleware]
{"ContentLength":293294,"StatusCode":200,"ContentType":"application/json","Body":null,"Headers":{"Connection":["close"],"Date":["Tue, 07 Jan 2020 19:10:11 GMT"],"Content-Type":["application/json"],"Server":["Kestrel"],"Access-Control-Allow-Origin":["*"],"Content-Length":["293294"]}}

[2020-01-07T19:10:11.5415672Z][Information][Middleware]
{"ContentLength":26,"StatusCode":200,"ContentType":"application/json","Body":null,"Headers":{"Connection":["close"],"Date":["Tue, 07 Jan 2020 19:10:11 GMT"],"Content-Type":["application/json"],"Server":["Kestrel"],"Access-Control-Allow-Origin":["*"],"Content-Length":["26"]}}

[2020-01-07T19:10:11.8190041Z][Information][Middleware]
{"ContentLength":293515,"StatusCode":200,"ContentType":"application/json","Body":null,"Headers":{"Connection":["close"],"Date":["Tue, 07 Jan 2020 19:10:11 GMT"],"Content-Type":["application/json"],"Server":["Kestrel"],"Access-Control-Allow-Origin":["*"],"Content-Length":["293515"]}}

[2020-01-07T19:10:12.9836845Z][Information][Middleware]
{"ContentLength":0,"StatusCode":204,"ContentType":null,"Body":null,"Headers":{"Access-Control-Allow-Headers":["authorization"],"Access-Control-Allow-Methods":["GET"],"Access-Control-Allow-Origin":["*"]}}

[2020-01-07T19:10:13.0624679Z][Information][Middleware]
{"ContentLength":96,"StatusCode":200,"ContentType":"application/json","Body":null,"Headers":{"Connection":["close"],"Date":["Tue, 07 Jan 2020 19:10:12 GMT"],"Content-Type":["application/json"],"Server":["Kestrel"],"Access-Control-Allow-Origin":["*"],"Content-Length":["96"]}}

[2020-01-07T19:10:19.5030626Z][Information][Middleware]
{"ContentLength":0,"StatusCode":204,"ContentType":null,"Body":null,"Headers":{"Access-Control-Allow-Headers":["authorization,content-type"],"Access-Control-Allow-Methods":["PUT"],"Access-Control-Allow-Origin":["*"]}}

[2020-01-07T19:10:19.5872123Z][Information][Middleware]
{"ContentLength":0,"StatusCode":200,"ContentType":null,"Body":null,"Headers":{"Access-Control-Allow-Origin":["*"]}}

[2020-01-07T19:10:39.1278967Z][Information][Middleware]
{"ContentLength":0,"StatusCode":204,"ContentType":null,"Body":null,"Headers":{"Access-Control-Allow-Headers":["authorization"],"Access-Control-Allow-Methods":["PUT"],"Access-Control-Allow-Origin":["*"]}}

[2020-01-07T19:10:39.3117264Z][Information][Middleware]
{"ContentLength":0,"StatusCode":500,"ContentType":"text/plain","Body":null,"Headers":{"Connection":["close"],"Date":["Tue, 07 Jan 2020 19:10:39 GMT"],"Content-Type":["text/plain"],"Server":["Kestrel"],"Access-Control-Allow-Origin":["*"],"Content-Length":["0"]}}

[2020-01-07T19:10:45.6495113Z][Information][Middleware]
{"ContentLength":0,"StatusCode":204,"ContentType":null,"Body":null,"Headers":{"Access-Control-Allow-Headers":["authorization"],"Access-Control-Allow-Methods":["GET"],"Access-Control-Allow-Origin":["*"]}}

[2020-01-07T19:10:45.8046946Z][Information][Middleware]
{"ContentLength":337,"StatusCode":200,"ContentType":"application/json","Body":null,"Headers":{"Connection":["close"],"Date":["Tue, 07 Jan 2020 19:10:45 GMT"],"Content-Type":["application/json"],"Server":["Kestrel"],"Access-Control-Allow-Origin":["*"],"Content-Length":["337"]}}

[2020-01-07T19:10:49.3516343Z][Information][Middleware]
{"ContentLength":0,"StatusCode":204,"ContentType":null,"Body":null,"Headers":{"Access-Control-Allow-Headers":["authorization"],"Access-Control-Allow-Methods":["GET"],"Access-Control-Allow-Origin":["*"]}}

[2020-01-07T19:10:49.4011077Z][Information][Middleware]
{"ContentLength":0,"StatusCode":204,"ContentType":null,"Body":null,"Headers":{"Access-Control-Allow-Headers":["authorization"],"Access-Control-Allow-Methods":["GET"],"Access-Control-Allow-Origin":["*"]}}

[2020-01-07T19:10:49.4023496Z][Information][Middleware]
{"ContentLength":0,"StatusCode":204,"ContentType":null,"Body":null,"Headers":{"Access-Control-Allow-Headers":["authorization"],"Access-Control-Allow-Methods":["GET"],"Access-Control-Allow-Origin":["*"]}}

[2020-01-07T19:10:49.4023993Z][Information][Middleware]
{"ContentLength":0,"StatusCode":204,"ContentType":null,"Body":null,"Headers":{"Access-Control-Allow-Headers":["authorization"],"Access-Control-Allow-Methods":["GET"],"Access-Control-Allow-Origin":["*"]}}

[2020-01-07T19:10:49.4035157Z][Information][Middleware]
{"ContentLength":0,"StatusCode":204,"ContentType":null,"Body":null,"Headers":{"Access-Control-Allow-Headers":["authorization"],"Access-Control-Allow-Methods":["GET"],"Access-Control-Allow-Origin":["*"]}}

[2020-01-07T19:10:49.4467012Z][Information][Middleware]
{"ContentLength":26,"StatusCode":200,"ContentType":"application/json","Body":null,"Headers":{"Connection":["close"],"Date":["Tue, 07 Jan 2020 19:10:49 GMT"],"Content-Type":["application/json"],"Server":["Kestrel"],"Access-Control-Allow-Origin":["*"],"Content-Length":["26"]}}

[2020-01-07T19:10:49.4471897Z][Information][Middleware]
{"ContentLength":50,"StatusCode":200,"ContentType":"application/json","Body":null,"Headers":{"Connection":["close"],"Date":["Tue, 07 Jan 2020 19:10:49 GMT"],"Content-Type":["application/json"],"Server":["Kestrel"],"Access-Control-Allow-Origin":["*"],"Content-Length":["50"]}}

[2020-01-07T19:10:49.4493813Z][Information][Middleware]
{"ContentLength":321,"StatusCode":200,"ContentType":"application/json","Body":null,"Headers":{"Connection":["close"],"Date":["Tue, 07 Jan 2020 19:10:49 GMT"],"Content-Type":["application/json"],"Server":["Kestrel"],"Access-Control-Allow-Origin":["*"],"Content-Length":["321"]}}

[2020-01-07T19:10:49.7236239Z][Information][Middleware]
{"ContentLength":293294,"StatusCode":200,"ContentType":"application/json","Body":null,"Headers":{"Connection":["close"],"Date":["Tue, 07 Jan 2020 19:10:49 GMT"],"Content-Type":["application/json"],"Server":["Kestrel"],"Access-Control-Allow-Origin":["*"],"Content-Length":["293294"]}}

[2020-01-07T19:10:50.1862731Z][Information][Middleware]
{"ContentLength":293515,"StatusCode":200,"ContentType":"application/json","Body":null,"Headers":{"Connection":["close"],"Date":["Tue, 07 Jan 2020 19:10:50 GMT"],"Content-Type":["application/json"],"Server":["Kestrel"],"Access-Control-Allow-Origin":["*"],"Content-Length":["293515"]}}

[2020-01-07T19:10:56.8709552Z][Information][Middleware]
{"ContentLength":0,"StatusCode":204,"ContentType":null,"Body":null,"Headers":{"Access-Control-Allow-Headers":["authorization"],"Access-Control-Allow-Methods":["PUT"],"Access-Control-Allow-Origin":["*"]}}

[2020-01-07T19:10:56.9092795Z][Information][Middleware]
{"ContentLength":0,"StatusCode":500,"ContentType":"text/plain","Body":null,"Headers":{"Connection":["close"],"Date":["Tue, 07 Jan 2020 19:10:56 GMT"],"Content-Type":["text/plain"],"Server":["Kestrel"],"Access-Control-Allow-Origin":["*"],"Content-Length":["0"]}}

[2020-01-07T19:13:24.2430058Z][Information][Middleware]
{"ContentLength":0,"StatusCode":204,"ContentType":null,"Body":null,"Headers":{"Access-Control-Allow-Headers":["authorization"],"Access-Control-Allow-Methods":["GET"],"Access-Control-Allow-Origin":["*"]}}

[2020-01-07T19:13:24.3042609Z][Information][Middleware]
{"ContentLength":337,"StatusCode":200,"ContentType":"application/json","Body":null,"Headers":{"Connection":["close"],"Date":["Tue, 07 Jan 2020 19:13:24 GMT"],"Content-Type":["application/json"],"Server":["Kestrel"],"Access-Control-Allow-Origin":["*"],"Content-Length":["337"]}}

[2020-01-07T19:13:31.6429405Z][Information][Middleware]
{"ContentLength":0,"StatusCode":204,"ContentType":null,"Body":null,"Headers":{"Access-Control-Allow-Headers":["authorization"],"Access-Control-Allow-Methods":["GET"],"Access-Control-Allow-Origin":["*"]}}

[2020-01-07T19:13:31.6545510Z][Information][Middleware]
{"ContentLength":0,"StatusCode":204,"ContentType":null,"Body":null,"Headers":{"Access-Control-Allow-Headers":["authorization"],"Access-Control-Allow-Methods":["GET"],"Access-Control-Allow-Origin":["*"]}}

[2020-01-07T19:13:31.6667511Z][Information][Middleware]
{"ContentLength":0,"StatusCode":204,"ContentType":null,"Body":null,"Headers":{"Access-Control-Allow-Headers":["authorization"],"Access-Control-Allow-Methods":["GET"],"Access-Control-Allow-Origin":["*"]}}

[2020-01-07T19:13:31.6731794Z][Information][Middleware]
{"ContentLength":0,"StatusCode":204,"ContentType":null,"Body":null,"Headers":{"Access-Control-Allow-Headers":["authorization"],"Access-Control-Allow-Methods":["GET"],"Access-Control-Allow-Origin":["*"]}}

[2020-01-07T19:13:31.6731794Z][Information][Middleware]
{"ContentLength":0,"StatusCode":204,"ContentType":null,"Body":null,"Headers":{"Access-Control-Allow-Headers":["authorization"],"Access-Control-Allow-Methods":["GET"],"Access-Control-Allow-Origin":["*"]}}

[2020-01-07T19:13:31.8011545Z][Information][Middleware]
{"ContentLength":50,"StatusCode":200,"ContentType":"application/json","Body":null,"Headers":{"Connection":["close"],"Date":["Tue, 07 Jan 2020 19:13:31 GMT"],"Content-Type":["application/json"],"Server":["Kestrel"],"Access-Control-Allow-Origin":["*"],"Content-Length":["50"]}}

[2020-01-07T19:13:31.8418130Z][Information][Middleware]
{"ContentLength":26,"StatusCode":200,"ContentType":"application/json","Body":null,"Headers":{"Connection":["close"],"Date":["Tue, 07 Jan 2020 19:13:31 GMT"],"Content-Type":["application/json"],"Server":["Kestrel"],"Access-Control-Allow-Origin":["*"],"Content-Length":["26"]}}

[2020-01-07T19:13:31.8685625Z][Information][Middleware]
{"ContentLength":321,"StatusCode":200,"ContentType":"application/json","Body":null,"Headers":{"Connection":["close"],"Date":["Tue, 07 Jan 2020 19:13:31 GMT"],"Content-Type":["application/json"],"Server":["Kestrel"],"Access-Control-Allow-Origin":["*"],"Content-Length":["321"]}}

[2020-01-07T19:13:32.2500025Z][Information][Middleware]
{"ContentLength":293515,"StatusCode":200,"ContentType":"application/json","Body":null,"Headers":{"Connection":["close"],"Date":["Tue, 07 Jan 2020 19:13:32 GMT"],"Content-Type":["application/json"],"Server":["Kestrel"],"Access-Control-Allow-Origin":["*"],"Content-Length":["293515"]}}

[2020-01-07T19:13:32.6892558Z][Information][Middleware]
{"ContentLength":293294,"StatusCode":200,"ContentType":"application/json","Body":null,"Headers":{"Connection":["close"],"Date":["Tue, 07 Jan 2020 19:13:32 GMT"],"Content-Type":["application/json"],"Server":["Kestrel"],"Access-Control-Allow-Origin":["*"],"Content-Length":["293294"]}}

[2020-01-07T19:13:34.9539603Z][Information][Middleware]
{"ContentLength":0,"StatusCode":204,"ContentType":null,"Body":null,"Headers":{"Access-Control-Allow-Headers":["authorization"],"Access-Control-Allow-Methods":["PUT"],"Access-Control-Allow-Origin":["*"]}}

[2020-01-07T19:13:34.9632147Z][Information][Middleware]
{"ContentLength":0,"StatusCode":500,"ContentType":"text/plain","Body":null,"Headers":{"Connection":["close"],"Date":["Tue, 07 Jan 2020 19:13:34 GMT"],"Content-Type":["text/plain"],"Server":["Kestrel"],"Access-Control-Allow-Origin":["*"],"Content-Length":["0"]}}

[2020-01-07T19:13:56.0056772Z][Information][Middleware]
{"ContentLength":0,"StatusCode":204,"ContentType":null,"Body":null,"Headers":{"Access-Control-Allow-Headers":["authorization"],"Access-Control-Allow-Methods":["GET"],"Access-Control-Allow-Origin":["*"]}}

[2020-01-07T19:13:56.0908887Z][Information][Middleware]
{"ContentLength":337,"StatusCode":200,"ContentType":"application/json","Body":null,"Headers":{"Connection":["close"],"Date":["Tue, 07 Jan 2020 19:13:56 GMT"],"Content-Type":["application/json"],"Server":["Kestrel"],"Access-Control-Allow-Origin":["*"],"Content-Length":["337"]}}

[2020-01-07T19:14:02.7367759Z][Information][Middleware]
{"ContentLength":0,"StatusCode":204,"ContentType":null,"Body":null,"Headers":{"Access-Control-Allow-Headers":["authorization"],"Access-Control-Allow-Methods":["GET"],"Access-Control-Allow-Origin":["*"]}}

[2020-01-07T19:14:02.7590417Z][Information][Middleware]
{"ContentLength":0,"StatusCode":204,"ContentType":null,"Body":null,"Headers":{"Access-Control-Allow-Headers":["authorization"],"Access-Control-Allow-Methods":["GET"],"Access-Control-Allow-Origin":["*"]}}

[2020-01-07T19:14:02.7592986Z][Information][Middleware]
{"ContentLength":0,"StatusCode":204,"ContentType":null,"Body":null,"Headers":{"Access-Control-Allow-Headers":["authorization"],"Access-Control-Allow-Methods":["GET"],"Access-Control-Allow-Origin":["*"]}}

[2020-01-07T19:14:02.7658165Z][Information][Middleware]
{"ContentLength":0,"StatusCode":204,"ContentType":null,"Body":null,"Headers":{"Access-Control-Allow-Headers":["authorization"],"Access-Control-Allow-Methods":["GET"],"Access-Control-Allow-Origin":["*"]}}

[2020-01-07T19:14:02.7750564Z][Information][Middleware]
{"ContentLength":0,"StatusCode":204,"ContentType":null,"Body":null,"Headers":{"Access-Control-Allow-Headers":["authorization"],"Access-Control-Allow-Methods":["GET"],"Access-Control-Allow-Origin":["*"]}}

[2020-01-07T19:14:02.8246653Z][Information][Middleware]
{"ContentLength":50,"StatusCode":200,"ContentType":"application/json","Body":null,"Headers":{"Connection":["close"],"Date":["Tue, 07 Jan 2020 19:14:02 GMT"],"Content-Type":["application/json"],"Server":["Kestrel"],"Access-Control-Allow-Origin":["*"],"Content-Length":["50"]}}

[2020-01-07T19:14:02.8322721Z][Information][Middleware]
{"ContentLength":26,"StatusCode":200,"ContentType":"application/json","Body":null,"Headers":{"Connection":["close"],"Date":["Tue, 07 Jan 2020 19:14:02 GMT"],"Content-Type":["application/json"],"Server":["Kestrel"],"Access-Control-Allow-Origin":["*"],"Content-Length":["26"]}}

[2020-01-07T19:14:02.8373237Z][Information][Middleware]
{"ContentLength":321,"StatusCode":200,"ContentType":"application/json","Body":null,"Headers":{"Connection":["close"],"Date":["Tue, 07 Jan 2020 19:14:02 GMT"],"Content-Type":["application/json"],"Server":["Kestrel"],"Access-Control-Allow-Origin":["*"],"Content-Length":["321"]}}

[2020-01-07T19:14:03.0774578Z][Information][Middleware]
{"ContentLength":293515,"StatusCode":200,"ContentType":"application/json","Body":null,"Headers":{"Connection":["close"],"Date":["Tue, 07 Jan 2020 19:14:03 GMT"],"Content-Type":["application/json"],"Server":["Kestrel"],"Access-Control-Allow-Origin":["*"],"Content-Length":["293515"]}}

[2020-01-07T19:14:03.1821259Z][Information][Middleware]
{"ContentLength":293294,"StatusCode":200,"ContentType":"application/json","Body":null,"Headers":{"Connection":["close"],"Date":["Tue, 07 Jan 2020 19:14:03 GMT"],"Content-Type":["application/json"],"Server":["Kestrel"],"Access-Control-Allow-Origin":["*"],"Content-Length":["293294"]}}

[2020-01-07T19:14:05.0699025Z][Information][Middleware]
{"ContentLength":0,"StatusCode":204,"ContentType":null,"Body":null,"Headers":{"Access-Control-Allow-Headers":["authorization"],"Access-Control-Allow-Methods":["PUT"],"Access-Control-Allow-Origin":["*"]}}

[2020-01-07T19:14:05.0869642Z][Information][Middleware]
{"ContentLength":0,"StatusCode":500,"ContentType":"text/plain","Body":null,"Headers":{"Connection":["close"],"Date":["Tue, 07 Jan 2020 19:14:05 GMT"],"Content-Type":["text/plain"],"Server":["Kestrel"],"Access-Control-Allow-Origin":["*"],"Content-Length":["0"]}}

[2020-01-07T19:14:16.5528295Z][Information][Middleware]
{"ContentLength":0,"StatusCode":204,"ContentType":null,"Body":null,"Headers":{"Access-Control-Allow-Headers":["authorization"],"Access-Control-Allow-Methods":["GET"],"Access-Control-Allow-Origin":["*"]}}

[2020-01-07T19:14:16.6429478Z][Information][Middleware]
{"ContentLength":337,"StatusCode":200,"ContentType":"application/json","Body":null,"Headers":{"Connection":["close"],"Date":["Tue, 07 Jan 2020 19:14:16 GMT"],"Content-Type":["application/json"],"Server":["Kestrel"],"Access-Control-Allow-Origin":["*"],"Content-Length":["337"]}}

[2020-01-07T19:14:17.4710269Z][Information][Middleware]
{"ContentLength":0,"StatusCode":204,"ContentType":null,"Body":null,"Headers":{"Access-Control-Allow-Headers":["authorization"],"Access-Control-Allow-Methods":["GET"],"Access-Control-Allow-Origin":["*"]}}

[2020-01-07T19:14:17.5755019Z][Information][Middleware]
{"ContentLength":337,"StatusCode":200,"ContentType":"application/json","Body":null,"Headers":{"Connection":["close"],"Date":["Tue, 07 Jan 2020 19:14:17 GMT"],"Content-Type":["application/json"],"Server":["Kestrel"],"Access-Control-Allow-Origin":["*"],"Content-Length":["337"]}}

[2020-01-07T19:14:20.7863747Z][Information][Middleware]
{"ContentLength":0,"StatusCode":204,"ContentType":null,"Body":null,"Headers":{"Access-Control-Allow-Headers":["authorization"],"Access-Control-Allow-Methods":["GET"],"Access-Control-Allow-Origin":["*"]}}

[2020-01-07T19:14:20.8183175Z][Information][Middleware]
{"ContentLength":0,"StatusCode":204,"ContentType":null,"Body":null,"Headers":{"Access-Control-Allow-Headers":["authorization"],"Access-Control-Allow-Methods":["GET"],"Access-Control-Allow-Origin":["*"]}}

[2020-01-07T19:14:20.8183175Z][Information][Middleware]
{"ContentLength":0,"StatusCode":204,"ContentType":null,"Body":null,"Headers":{"Access-Control-Allow-Headers":["authorization"],"Access-Control-Allow-Methods":["GET"],"Access-Control-Allow-Origin":["*"]}}

[2020-01-07T19:14:20.8186016Z][Information][Middleware]
{"ContentLength":0,"StatusCode":204,"ContentType":null,"Body":null,"Headers":{"Access-Control-Allow-Headers":["authorization"],"Access-Control-Allow-Methods":["GET"],"Access-Control-Allow-Origin":["*"]}}

[2020-01-07T19:14:20.8195867Z][Information][Middleware]
{"ContentLength":0,"StatusCode":204,"ContentType":null,"Body":null,"Headers":{"Access-Control-Allow-Headers":["authorization"],"Access-Control-Allow-Methods":["GET"],"Access-Control-Allow-Origin":["*"]}}

[2020-01-07T19:14:20.8559752Z][Information][Middleware]
{"ContentLength":26,"StatusCode":200,"ContentType":"application/json","Body":null,"Headers":{"Connection":["close"],"Date":["Tue, 07 Jan 2020 19:14:20 GMT"],"Content-Type":["application/json"],"Server":["Kestrel"],"Access-Control-Allow-Origin":["*"],"Content-Length":["26"]}}

[2020-01-07T19:14:20.8759889Z][Information][Middleware]
{"ContentLength":50,"StatusCode":200,"ContentType":"application/json","Body":null,"Headers":{"Connection":["close"],"Date":["Tue, 07 Jan 2020 19:14:20 GMT"],"Content-Type":["application/json"],"Server":["Kestrel"],"Access-Control-Allow-Origin":["*"],"Content-Length":["50"]}}

[2020-01-07T19:14:20.8890717Z][Information][Middleware]
{"ContentLength":321,"StatusCode":200,"ContentType":"application/json","Body":null,"Headers":{"Connection":["close"],"Date":["Tue, 07 Jan 2020 19:14:20 GMT"],"Content-Type":["application/json"],"Server":["Kestrel"],"Access-Control-Allow-Origin":["*"],"Content-Length":["321"]}}

[2020-01-07T19:14:21.0875341Z][Information][Middleware]
{"ContentLength":293294,"StatusCode":200,"ContentType":"application/json","Body":null,"Headers":{"Connection":["close"],"Date":["Tue, 07 Jan 2020 19:14:21 GMT"],"Content-Type":["application/json"],"Server":["Kestrel"],"Access-Control-Allow-Origin":["*"],"Content-Length":["293294"]}}

[2020-01-07T19:14:21.2108656Z][Information][Middleware]
{"ContentLength":293515,"StatusCode":200,"ContentType":"application/json","Body":null,"Headers":{"Connection":["close"],"Date":["Tue, 07 Jan 2020 19:14:21 GMT"],"Content-Type":["application/json"],"Server":["Kestrel"],"Access-Control-Allow-Origin":["*"],"Content-Length":["293515"]}}

[2020-01-07T19:14:23.9323825Z][Information][Middleware]
{"ContentLength":0,"StatusCode":204,"ContentType":null,"Body":null,"Headers":{"Access-Control-Allow-Headers":["authorization"],"Access-Control-Allow-Methods":["PUT"],"Access-Control-Allow-Origin":["*"]}}

[2020-01-07T19:14:23.9424581Z][Information][Middleware]
{"ContentLength":0,"StatusCode":500,"ContentType":"text/plain","Body":null,"Headers":{"Connection":["close"],"Date":["Tue, 07 Jan 2020 19:14:23 GMT"],"Content-Type":["text/plain"],"Server":["Kestrel"],"Access-Control-Allow-Origin":["*"],"Content-Length":["0"]}}

[2020-01-07T19:14:58.2976047Z][Information][Middleware]
{"ContentLength":0,"StatusCode":204,"ContentType":null,"Body":null,"Headers":{"Access-Control-Allow-Headers":["authorization"],"Access-Control-Allow-Methods":["GET"],"Access-Control-Allow-Origin":["*"]}}

[2020-01-07T19:14:58.4294709Z][Information][Middleware]
{"ContentLength":337,"StatusCode":200,"ContentType":"application/json","Body":null,"Headers":{"Connection":["close"],"Date":["Tue, 07 Jan 2020 19:14:58 GMT"],"Content-Type":["application/json"],"Server":["Kestrel"],"Access-Control-Allow-Origin":["*"],"Content-Length":["337"]}}

[2020-01-07T19:15:23.5931659Z][Information][Middleware]
{"ContentLength":0,"StatusCode":204,"ContentType":null,"Body":null,"Headers":{"Access-Control-Allow-Headers":["authorization"],"Access-Control-Allow-Methods":["GET"],"Access-Control-Allow-Origin":["*"]}}

[2020-01-07T19:15:23.6414312Z][Information][Middleware]
{"ContentLength":337,"StatusCode":200,"ContentType":"application/json","Body":null,"Headers":{"Connection":["close"],"Date":["Tue, 07 Jan 2020 19:15:23 GMT"],"Content-Type":["application/json"],"Server":["Kestrel"],"Access-Control-Allow-Origin":["*"],"Content-Length":["337"]}}

[2020-01-07T19:15:27.5135274Z][Information][Middleware]
{"ContentLength":0,"StatusCode":204,"ContentType":null,"Body":null,"Headers":{"Access-Control-Allow-Headers":["authorization"],"Access-Control-Allow-Methods":["GET"],"Access-Control-Allow-Origin":["*"]}}

[2020-01-07T19:15:27.5228044Z][Information][Middleware]
{"ContentLength":0,"StatusCode":204,"ContentType":null,"Body":null,"Headers":{"Access-Control-Allow-Headers":["authorization"],"Access-Control-Allow-Methods":["GET"],"Access-Control-Allow-Origin":["*"]}}

[2020-01-07T19:15:27.5330373Z][Information][Middleware]
{"ContentLength":0,"StatusCode":204,"ContentType":null,"Body":null,"Headers":{"Access-Control-Allow-Headers":["authorization"],"Access-Control-Allow-Methods":["GET"],"Access-Control-Allow-Origin":["*"]}}

[2020-01-07T19:15:27.5511057Z][Information][Middleware]
{"ContentLength":0,"StatusCode":204,"ContentType":null,"Body":null,"Headers":{"Access-Control-Allow-Headers":["authorization"],"Access-Control-Allow-Methods":["GET"],"Access-Control-Allow-Origin":["*"]}}

[2020-01-07T19:15:27.5576146Z][Information][Middleware]
{"ContentLength":0,"StatusCode":204,"ContentType":null,"Body":null,"Headers":{"Access-Control-Allow-Headers":["authorization"],"Access-Control-Allow-Methods":["GET"],"Access-Control-Allow-Origin":["*"]}}

[2020-01-07T19:15:27.5672367Z][Information][Middleware]
{"ContentLength":26,"StatusCode":200,"ContentType":"application/json","Body":null,"Headers":{"Connection":["close"],"Date":["Tue, 07 Jan 2020 19:15:27 GMT"],"Content-Type":["application/json"],"Server":["Kestrel"],"Access-Control-Allow-Origin":["*"],"Content-Length":["26"]}}

[2020-01-07T19:15:27.5847863Z][Information][Middleware]
{"ContentLength":321,"StatusCode":200,"ContentType":"application/json","Body":null,"Headers":{"Connection":["close"],"Date":["Tue, 07 Jan 2020 19:15:27 GMT"],"Content-Type":["application/json"],"Server":["Kestrel"],"Access-Control-Allow-Origin":["*"],"Content-Length":["321"]}}

[2020-01-07T19:15:27.6065527Z][Information][Middleware]
{"ContentLength":50,"StatusCode":200,"ContentType":"application/json","Body":null,"Headers":{"Connection":["close"],"Date":["Tue, 07 Jan 2020 19:15:27 GMT"],"Content-Type":["application/json"],"Server":["Kestrel"],"Access-Control-Allow-Origin":["*"],"Content-Length":["50"]}}

[2020-01-07T19:15:27.7542411Z][Information][Middleware]
{"ContentLength":293294,"StatusCode":200,"ContentType":"application/json","Body":null,"Headers":{"Connection":["close"],"Date":["Tue, 07 Jan 2020 19:15:27 GMT"],"Content-Type":["application/json"],"Server":["Kestrel"],"Access-Control-Allow-Origin":["*"],"Content-Length":["293294"]}}

[2020-01-07T19:15:28.0421039Z][Information][Middleware]
{"ContentLength":293515,"StatusCode":200,"ContentType":"application/json","Body":null,"Headers":{"Connection":["close"],"Date":["Tue, 07 Jan 2020 19:15:27 GMT"],"Content-Type":["application/json"],"Server":["Kestrel"],"Access-Control-Allow-Origin":["*"],"Content-Length":["293515"]}}

[2020-01-07T19:15:29.4541772Z][Information][Middleware]
{"ContentLength":0,"StatusCode":204,"ContentType":null,"Body":null,"Headers":{"Access-Control-Allow-Headers":["authorization"],"Access-Control-Allow-Methods":["PUT"],"Access-Control-Allow-Origin":["*"]}}

[2020-01-07T19:15:29.4657052Z][Information][Middleware]
{"ContentLength":0,"StatusCode":500,"ContentType":"text/plain","Body":null,"Headers":{"Connection":["close"],"Date":["Tue, 07 Jan 2020 19:15:29 GMT"],"Content-Type":["text/plain"],"Server":["Kestrel"],"Access-Control-Allow-Origin":["*"],"Content-Length":["0"]}}

[2020-01-07T19:15:43.9817398Z][Information][Middleware]
{"ContentLength":0,"StatusCode":204,"ContentType":null,"Body":null,"Headers":{"Access-Control-Allow-Headers":["authorization"],"Access-Control-Allow-Methods":["GET"],"Access-Control-Allow-Origin":["*"]}}

[2020-01-07T19:15:44.0168694Z][Information][Middleware]
{"ContentLength":337,"StatusCode":200,"ContentType":"application/json","Body":null,"Headers":{"Connection":["close"],"Date":["Tue, 07 Jan 2020 19:15:43 GMT"],"Content-Type":["application/json"],"Server":["Kestrel"],"Access-Control-Allow-Origin":["*"],"Content-Length":["337"]}}

[2020-01-07T19:15:44.8905664Z][Information][Middleware]
{"ContentLength":0,"StatusCode":204,"ContentType":null,"Body":null,"Headers":{"Access-Control-Allow-Headers":["authorization"],"Access-Control-Allow-Methods":["GET"],"Access-Control-Allow-Origin":["*"]}}

[2020-01-07T19:15:44.9719697Z][Information][Middleware]
{"ContentLength":337,"StatusCode":200,"ContentType":"application/json","Body":null,"Headers":{"Connection":["close"],"Date":["Tue, 07 Jan 2020 19:15:44 GMT"],"Content-Type":["application/json"],"Server":["Kestrel"],"Access-Control-Allow-Origin":["*"],"Content-Length":["337"]}}

[2020-01-07T19:15:48.2304553Z][Information][Middleware]
{"ContentLength":0,"StatusCode":204,"ContentType":null,"Body":null,"Headers":{"Access-Control-Allow-Headers":["authorization"],"Access-Control-Allow-Methods":["GET"],"Access-Control-Allow-Origin":["*"]}}

[2020-01-07T19:15:48.2470948Z][Information][Middleware]
{"ContentLength":0,"StatusCode":204,"ContentType":null,"Body":null,"Headers":{"Access-Control-Allow-Headers":["authorization"],"Access-Control-Allow-Methods":["GET"],"Access-Control-Allow-Origin":["*"]}}

[2020-01-07T19:15:48.2473392Z][Information][Middleware]
{"ContentLength":0,"StatusCode":204,"ContentType":null,"Body":null,"Headers":{"Access-Control-Allow-Headers":["authorization"],"Access-Control-Allow-Methods":["GET"],"Access-Control-Allow-Origin":["*"]}}

[2020-01-07T19:15:48.2761740Z][Information][Middleware]
{"ContentLength":0,"StatusCode":204,"ContentType":null,"Body":null,"Headers":{"Access-Control-Allow-Headers":["authorization"],"Access-Control-Allow-Methods":["GET"],"Access-Control-Allow-Origin":["*"]}}

[2020-01-07T19:15:48.2830082Z][Information][Middleware]
{"ContentLength":26,"StatusCode":200,"ContentType":"application/json","Body":null,"Headers":{"Connection":["close"],"Date":["Tue, 07 Jan 2020 19:15:48 GMT"],"Content-Type":["application/json"],"Server":["Kestrel"],"Access-Control-Allow-Origin":["*"],"Content-Length":["26"]}}

[2020-01-07T19:15:48.3021707Z][Information][Middleware]
{"ContentLength":0,"StatusCode":204,"ContentType":null,"Body":null,"Headers":{"Access-Control-Allow-Headers":["authorization"],"Access-Control-Allow-Methods":["GET"],"Access-Control-Allow-Origin":["*"]}}

[2020-01-07T19:15:48.3320074Z][Information][Middleware]
{"ContentLength":321,"StatusCode":200,"ContentType":"application/json","Body":null,"Headers":{"Connection":["close"],"Date":["Tue, 07 Jan 2020 19:15:48 GMT"],"Content-Type":["application/json"],"Server":["Kestrel"],"Access-Control-Allow-Origin":["*"],"Content-Length":["321"]}}

[2020-01-07T19:15:48.3794195Z][Information][Middleware]
{"ContentLength":50,"StatusCode":200,"ContentType":"application/json","Body":null,"Headers":{"Connection":["close"],"Date":["Tue, 07 Jan 2020 19:15:48 GMT"],"Content-Type":["application/json"],"Server":["Kestrel"],"Access-Control-Allow-Origin":["*"],"Content-Length":["50"]}}

[2020-01-07T19:15:48.5407035Z][Information][Middleware]
{"ContentLength":293294,"StatusCode":200,"ContentType":"application/json","Body":null,"Headers":{"Connection":["close"],"Date":["Tue, 07 Jan 2020 19:15:48 GMT"],"Content-Type":["application/json"],"Server":["Kestrel"],"Access-Control-Allow-Origin":["*"],"Content-Length":["293294"]}}

[2020-01-07T19:15:48.6913736Z][Information][Middleware]
{"ContentLength":293515,"StatusCode":200,"ContentType":"application/json","Body":null,"Headers":{"Connection":["close"],"Date":["Tue, 07 Jan 2020 19:15:48 GMT"],"Content-Type":["application/json"],"Server":["Kestrel"],"Access-Control-Allow-Origin":["*"],"Content-Length":["293515"]}}

[2020-01-07T19:15:50.3380414Z][Information][Middleware]
{"ContentLength":0,"StatusCode":204,"ContentType":null,"Body":null,"Headers":{"Access-Control-Allow-Headers":["authorization"],"Access-Control-Allow-Methods":["PUT"],"Access-Control-Allow-Origin":["*"]}}

[2020-01-07T19:15:50.3443818Z][Information][Middleware]
{"ContentLength":0,"StatusCode":500,"ContentType":"text/plain","Body":null,"Headers":{"Connection":["close"],"Date":["Tue, 07 Jan 2020 19:15:50 GMT"],"Content-Type":["text/plain"],"Server":["Kestrel"],"Access-Control-Allow-Origin":["*"],"Content-Length":["0"]}}

[2020-01-07T19:15:53.8155538Z][Information][Middleware]
{"ContentLength":0,"StatusCode":204,"ContentType":null,"Body":null,"Headers":{"Access-Control-Allow-Headers":["authorization"],"Access-Control-Allow-Methods":["GET"],"Access-Control-Allow-Origin":["*"]}}

[2020-01-07T19:15:53.8793440Z][Information][Middleware]
{"ContentLength":337,"StatusCode":200,"ContentType":"application/json","Body":null,"Headers":{"Connection":["close"],"Date":["Tue, 07 Jan 2020 19:15:53 GMT"],"Content-Type":["application/json"],"Server":["Kestrel"],"Access-Control-Allow-Origin":["*"],"Content-Length":["337"]}}

[2020-01-07T19:16:18.6948271Z][Information][Middleware]
{"ContentLength":0,"StatusCode":204,"ContentType":null,"Body":null,"Headers":{"Access-Control-Allow-Headers":["authorization"],"Access-Control-Allow-Methods":["GET"],"Access-Control-Allow-Origin":["*"]}}

[2020-01-07T19:16:18.7987183Z][Information][Middleware]
{"ContentLength":337,"StatusCode":200,"ContentType":"application/json","Body":null,"Headers":{"Connection":["close"],"Date":["Tue, 07 Jan 2020 19:16:18 GMT"],"Content-Type":["application/json"],"Server":["Kestrel"],"Access-Control-Allow-Origin":["*"],"Content-Length":["337"]}}

[2020-01-07T19:16:22.1582396Z][Information][Middleware]
{"ContentLength":0,"StatusCode":204,"ContentType":null,"Body":null,"Headers":{"Access-Control-Allow-Headers":["authorization"],"Access-Control-Allow-Methods":["GET"],"Access-Control-Allow-Origin":["*"]}}

[2020-01-07T19:16:22.1600695Z][Information][Middleware]
{"ContentLength":0,"StatusCode":204,"ContentType":null,"Body":null,"Headers":{"Access-Control-Allow-Headers":["authorization"],"Access-Control-Allow-Methods":["GET"],"Access-Control-Allow-Origin":["*"]}}

[2020-01-07T19:16:22.1639349Z][Information][Middleware]
{"ContentLength":0,"StatusCode":204,"ContentType":null,"Body":null,"Headers":{"Access-Control-Allow-Headers":["authorization"],"Access-Control-Allow-Methods":["GET"],"Access-Control-Allow-Origin":["*"]}}

[2020-01-07T19:16:22.1655782Z][Information][Middleware]
{"ContentLength":0,"StatusCode":204,"ContentType":null,"Body":null,"Headers":{"Access-Control-Allow-Headers":["authorization"],"Access-Control-Allow-Methods":["GET"],"Access-Control-Allow-Origin":["*"]}}

[2020-01-07T19:16:22.1809173Z][Information][Middleware]
{"ContentLength":0,"StatusCode":204,"ContentType":null,"Body":null,"Headers":{"Access-Control-Allow-Headers":["authorization"],"Access-Control-Allow-Methods":["GET"],"Access-Control-Allow-Origin":["*"]}}

[2020-01-07T19:16:22.2054197Z][Information][Middleware]
{"ContentLength":321,"StatusCode":200,"ContentType":"application/json","Body":null,"Headers":{"Connection":["close"],"Date":["Tue, 07 Jan 2020 19:16:22 GMT"],"Content-Type":["application/json"],"Server":["Kestrel"],"Access-Control-Allow-Origin":["*"],"Content-Length":["321"]}}

[2020-01-07T19:16:22.2352241Z][Information][Middleware]
{"ContentLength":26,"StatusCode":200,"ContentType":"application/json","Body":null,"Headers":{"Connection":["close"],"Date":["Tue, 07 Jan 2020 19:16:22 GMT"],"Content-Type":["application/json"],"Server":["Kestrel"],"Access-Control-Allow-Origin":["*"],"Content-Length":["26"]}}

[2020-01-07T19:16:22.2432350Z][Information][Middleware]
{"ContentLength":50,"StatusCode":200,"ContentType":"application/json","Body":null,"Headers":{"Connection":["close"],"Date":["Tue, 07 Jan 2020 19:16:22 GMT"],"Content-Type":["application/json"],"Server":["Kestrel"],"Access-Control-Allow-Origin":["*"],"Content-Length":["50"]}}

[2020-01-07T19:16:22.5694765Z][Information][Middleware]
{"ContentLength":293294,"StatusCode":200,"ContentType":"application/json","Body":null,"Headers":{"Connection":["close"],"Date":["Tue, 07 Jan 2020 19:16:22 GMT"],"Content-Type":["application/json"],"Server":["Kestrel"],"Access-Control-Allow-Origin":["*"],"Content-Length":["293294"]}}

[2020-01-07T19:16:22.5885020Z][Information][Middleware]
{"ContentLength":293515,"StatusCode":200,"ContentType":"application/json","Body":null,"Headers":{"Connection":["close"],"Date":["Tue, 07 Jan 2020 19:16:22 GMT"],"Content-Type":["application/json"],"Server":["Kestrel"],"Access-Control-Allow-Origin":["*"],"Content-Length":["293515"]}}

[2020-01-07T19:16:24.3822932Z][Information][Middleware]
{"ContentLength":0,"StatusCode":204,"ContentType":null,"Body":null,"Headers":{"Access-Control-Allow-Headers":["authorization"],"Access-Control-Allow-Methods":["PUT"],"Access-Control-Allow-Origin":["*"]}}

[2020-01-07T19:16:24.4262388Z][Information][Middleware]
{"ContentLength":0,"StatusCode":500,"ContentType":"text/plain","Body":null,"Headers":{"Connection":["close"],"Date":["Tue, 07 Jan 2020 19:16:24 GMT"],"Content-Type":["text/plain"],"Server":["Kestrel"],"Access-Control-Allow-Origin":["*"],"Content-Length":["0"]}}

[2020-01-07T19:16:34.2637806Z][Information][Middleware]
{"ContentLength":0,"StatusCode":204,"ContentType":null,"Body":null,"Headers":{"Access-Control-Allow-Headers":["authorization"],"Access-Control-Allow-Methods":["GET"],"Access-Control-Allow-Origin":["*"]}}

[2020-01-07T19:16:34.3355020Z][Information][Middleware]
{"ContentLength":337,"StatusCode":200,"ContentType":"application/json","Body":null,"Headers":{"Connection":["close"],"Date":["Tue, 07 Jan 2020 19:16:34 GMT"],"Content-Type":["application/json"],"Server":["Kestrel"],"Access-Control-Allow-Origin":["*"],"Content-Length":["337"]}}

[2020-01-07T19:16:38.2012259Z][Information][Middleware]
{"ContentLength":0,"StatusCode":204,"ContentType":null,"Body":null,"Headers":{"Access-Control-Allow-Headers":["authorization"],"Access-Control-Allow-Methods":["GET"],"Access-Control-Allow-Origin":["*"]}}

[2020-01-07T19:16:38.2014837Z][Information][Middleware]
{"ContentLength":0,"StatusCode":204,"ContentType":null,"Body":null,"Headers":{"Access-Control-Allow-Headers":["authorization"],"Access-Control-Allow-Methods":["GET"],"Access-Control-Allow-Origin":["*"]}}

[2020-01-07T19:16:38.2015847Z][Information][Middleware]
{"ContentLength":0,"StatusCode":204,"ContentType":null,"Body":null,"Headers":{"Access-Control-Allow-Headers":["authorization"],"Access-Control-Allow-Methods":["GET"],"Access-Control-Allow-Origin":["*"]}}

[2020-01-07T19:16:38.2114580Z][Information][Middleware]
{"ContentLength":0,"StatusCode":204,"ContentType":null,"Body":null,"Headers":{"Access-Control-Allow-Headers":["authorization"],"Access-Control-Allow-Methods":["GET"],"Access-Control-Allow-Origin":["*"]}}

[2020-01-07T19:16:38.2402139Z][Information][Middleware]
{"ContentLength":0,"StatusCode":204,"ContentType":null,"Body":null,"Headers":{"Access-Control-Allow-Headers":["authorization"],"Access-Control-Allow-Methods":["GET"],"Access-Control-Allow-Origin":["*"]}}

[2020-01-07T19:16:38.2431551Z][Information][Middleware]
{"ContentLength":26,"StatusCode":200,"ContentType":"application/json","Body":null,"Headers":{"Connection":["close"],"Date":["Tue, 07 Jan 2020 19:16:38 GMT"],"Content-Type":["application/json"],"Server":["Kestrel"],"Access-Control-Allow-Origin":["*"],"Content-Length":["26"]}}

[2020-01-07T19:16:38.2590046Z][Information][Middleware]
{"ContentLength":321,"StatusCode":200,"ContentType":"application/json","Body":null,"Headers":{"Connection":["close"],"Date":["Tue, 07 Jan 2020 19:16:38 GMT"],"Content-Type":["application/json"],"Server":["Kestrel"],"Access-Control-Allow-Origin":["*"],"Content-Length":["321"]}}

[2020-01-07T19:16:38.3064371Z][Information][Middleware]
{"ContentLength":50,"StatusCode":200,"ContentType":"application/json","Body":null,"Headers":{"Connection":["close"],"Date":["Tue, 07 Jan 2020 19:16:38 GMT"],"Content-Type":["application/json"],"Server":["Kestrel"],"Access-Control-Allow-Origin":["*"],"Content-Length":["50"]}}

[2020-01-07T19:16:38.5576017Z][Information][Middleware]
{"ContentLength":293294,"StatusCode":200,"ContentType":"application/json","Body":null,"Headers":{"Connection":["close"],"Date":["Tue, 07 Jan 2020 19:16:38 GMT"],"Content-Type":["application/json"],"Server":["Kestrel"],"Access-Control-Allow-Origin":["*"],"Content-Length":["293294"]}}

[2020-01-07T19:16:38.6389512Z][Information][Middleware]
{"ContentLength":293515,"StatusCode":200,"ContentType":"application/json","Body":null,"Headers":{"Connection":["close"],"Date":["Tue, 07 Jan 2020 19:16:38 GMT"],"Content-Type":["application/json"],"Server":["Kestrel"],"Access-Control-Allow-Origin":["*"],"Content-Length":["293515"]}}

[2020-01-07T19:16:39.6746393Z][Information][Middleware]
{"ContentLength":0,"StatusCode":204,"ContentType":null,"Body":null,"Headers":{"Access-Control-Allow-Headers":["authorization"],"Access-Control-Allow-Methods":["PUT"],"Access-Control-Allow-Origin":["*"]}}

[2020-01-07T19:16:39.6977147Z][Information][Middleware]
{"ContentLength":0,"StatusCode":500,"ContentType":"text/plain","Body":null,"Headers":{"Connection":["close"],"Date":["Tue, 07 Jan 2020 19:16:39 GMT"],"Content-Type":["text/plain"],"Server":["Kestrel"],"Access-Control-Allow-Origin":["*"],"Content-Length":["0"]}}

[2020-01-07T19:17:31.3859924Z][Information][Middleware]
{"ContentLength":0,"StatusCode":204,"ContentType":null,"Body":null,"Headers":{"Access-Control-Allow-Headers":["authorization"],"Access-Control-Allow-Methods":["GET"],"Access-Control-Allow-Origin":["*"]}}

[2020-01-07T19:17:31.5199239Z][Information][Middleware]
{"ContentLength":337,"StatusCode":200,"ContentType":"application/json","Body":null,"Headers":{"Connection":["close"],"Date":["Tue, 07 Jan 2020 19:17:31 GMT"],"Content-Type":["application/json"],"Server":["Kestrel"],"Access-Control-Allow-Origin":["*"],"Content-Length":["337"]}}

[2020-01-07T19:17:35.0312053Z][Information][Middleware]
{"ContentLength":0,"StatusCode":204,"ContentType":null,"Body":null,"Headers":{"Access-Control-Allow-Headers":["authorization"],"Access-Control-Allow-Methods":["GET"],"Access-Control-Allow-Origin":["*"]}}

[2020-01-07T19:17:35.0462584Z][Information][Middleware]
{"ContentLength":0,"StatusCode":204,"ContentType":null,"Body":null,"Headers":{"Access-Control-Allow-Headers":["authorization"],"Access-Control-Allow-Methods":["GET"],"Access-Control-Allow-Origin":["*"]}}

[2020-01-07T19:17:35.0619691Z][Information][Middleware]
{"ContentLength":0,"StatusCode":204,"ContentType":null,"Body":null,"Headers":{"Access-Control-Allow-Headers":["authorization"],"Access-Control-Allow-Methods":["GET"],"Access-Control-Allow-Origin":["*"]}}

[2020-01-07T19:17:35.1384689Z][Information][Middleware]
{"ContentLength":0,"StatusCode":204,"ContentType":null,"Body":null,"Headers":{"Access-Control-Allow-Headers":["authorization"],"Access-Control-Allow-Methods":["GET"],"Access-Control-Allow-Origin":["*"]}}

[2020-01-07T19:17:35.1983944Z][Information][Middleware]
{"ContentLength":26,"StatusCode":200,"ContentType":"application/json","Body":null,"Headers":{"Connection":["close"],"Date":["Tue, 07 Jan 2020 19:17:35 GMT"],"Content-Type":["application/json"],"Server":["Kestrel"],"Access-Control-Allow-Origin":["*"],"Content-Length":["26"]}}

[2020-01-07T19:17:35.2324434Z][Information][Middleware]
{"ContentLength":0,"StatusCode":204,"ContentType":null,"Body":null,"Headers":{"Access-Control-Allow-Headers":["authorization"],"Access-Control-Allow-Methods":["GET"],"Access-Control-Allow-Origin":["*"]}}

[2020-01-07T19:17:35.2615797Z][Information][Middleware]
{"ContentLength":321,"StatusCode":200,"ContentType":"application/json","Body":null,"Headers":{"Connection":["close"],"Date":["Tue, 07 Jan 2020 19:17:35 GMT"],"Content-Type":["application/json"],"Server":["Kestrel"],"Access-Control-Allow-Origin":["*"],"Content-Length":["321"]}}

[2020-01-07T19:17:35.2755858Z][Information][Middleware]
{"ContentLength":50,"StatusCode":200,"ContentType":"application/json","Body":null,"Headers":{"Connection":["close"],"Date":["Tue, 07 Jan 2020 19:17:35 GMT"],"Content-Type":["application/json"],"Server":["Kestrel"],"Access-Control-Allow-Origin":["*"],"Content-Length":["50"]}}

[2020-01-07T19:17:35.5099090Z][Information][Middleware]
{"ContentLength":293294,"StatusCode":200,"ContentType":"application/json","Body":null,"Headers":{"Connection":["close"],"Date":["Tue, 07 Jan 2020 19:17:35 GMT"],"Content-Type":["application/json"],"Server":["Kestrel"],"Access-Control-Allow-Origin":["*"],"Content-Length":["293294"]}}

[2020-01-07T19:17:35.6276382Z][Information][Middleware]
{"ContentLength":293515,"StatusCode":200,"ContentType":"application/json","Body":null,"Headers":{"Connection":["close"],"Date":["Tue, 07 Jan 2020 19:17:35 GMT"],"Content-Type":["application/json"],"Server":["Kestrel"],"Access-Control-Allow-Origin":["*"],"Content-Length":["293515"]}}

[2020-01-07T19:17:36.6201404Z][Information][Middleware]
{"ContentLength":0,"StatusCode":204,"ContentType":null,"Body":null,"Headers":{"Access-Control-Allow-Headers":["authorization"],"Access-Control-Allow-Methods":["PUT"],"Access-Control-Allow-Origin":["*"]}}

[2020-01-07T19:17:36.6341404Z][Information][Middleware]
{"ContentLength":0,"StatusCode":500,"ContentType":"text/plain","Body":null,"Headers":{"Connection":["close"],"Date":["Tue, 07 Jan 2020 19:17:36 GMT"],"Content-Type":["text/plain"],"Server":["Kestrel"],"Access-Control-Allow-Origin":["*"],"Content-Length":["0"]}}

[2020-01-07T19:17:49.7124327Z][Information][Middleware]
{"ContentLength":0,"StatusCode":204,"ContentType":null,"Body":null,"Headers":{"Access-Control-Allow-Headers":["authorization"],"Access-Control-Allow-Methods":["GET"],"Access-Control-Allow-Origin":["*"]}}

[2020-01-07T19:17:49.7823921Z][Information][Middleware]
{"ContentLength":337,"StatusCode":200,"ContentType":"application/json","Body":null,"Headers":{"Connection":["close"],"Date":["Tue, 07 Jan 2020 19:17:49 GMT"],"Content-Type":["application/json"],"Server":["Kestrel"],"Access-Control-Allow-Origin":["*"],"Content-Length":["337"]}}

[2020-01-07T19:17:53.5264488Z][Information][Middleware]
{"ContentLength":0,"StatusCode":204,"ContentType":null,"Body":null,"Headers":{"Access-Control-Allow-Headers":["authorization"],"Access-Control-Allow-Methods":["GET"],"Access-Control-Allow-Origin":["*"]}}

[2020-01-07T19:17:53.5391384Z][Information][Middleware]
{"ContentLength":0,"StatusCode":204,"ContentType":null,"Body":null,"Headers":{"Access-Control-Allow-Headers":["authorization"],"Access-Control-Allow-Methods":["GET"],"Access-Control-Allow-Origin":["*"]}}

[2020-01-07T19:17:53.5587691Z][Information][Middleware]
{"ContentLength":0,"StatusCode":204,"ContentType":null,"Body":null,"Headers":{"Access-Control-Allow-Headers":["authorization"],"Access-Control-Allow-Methods":["GET"],"Access-Control-Allow-Origin":["*"]}}

[2020-01-07T19:17:53.5589262Z][Information][Middleware]
{"ContentLength":0,"StatusCode":204,"ContentType":null,"Body":null,"Headers":{"Access-Control-Allow-Headers":["authorization"],"Access-Control-Allow-Methods":["GET"],"Access-Control-Allow-Origin":["*"]}}

[2020-01-07T19:17:53.5590421Z][Information][Middleware]
{"ContentLength":0,"StatusCode":204,"ContentType":null,"Body":null,"Headers":{"Access-Control-Allow-Headers":["authorization"],"Access-Control-Allow-Methods":["GET"],"Access-Control-Allow-Origin":["*"]}}

[2020-01-07T19:17:53.6070559Z][Information][Middleware]
{"ContentLength":321,"StatusCode":200,"ContentType":"application/json","Body":null,"Headers":{"Connection":["close"],"Date":["Tue, 07 Jan 2020 19:17:53 GMT"],"Content-Type":["application/json"],"Server":["Kestrel"],"Access-Control-Allow-Origin":["*"],"Content-Length":["321"]}}

[2020-01-07T19:17:53.6200497Z][Information][Middleware]
{"ContentLength":50,"StatusCode":200,"ContentType":"application/json","Body":null,"Headers":{"Connection":["close"],"Date":["Tue, 07 Jan 2020 19:17:53 GMT"],"Content-Type":["application/json"],"Server":["Kestrel"],"Access-Control-Allow-Origin":["*"],"Content-Length":["50"]}}

[2020-01-07T19:17:53.6207811Z][Information][Middleware]
{"ContentLength":26,"StatusCode":200,"ContentType":"application/json","Body":null,"Headers":{"Connection":["close"],"Date":["Tue, 07 Jan 2020 19:17:53 GMT"],"Content-Type":["application/json"],"Server":["Kestrel"],"Access-Control-Allow-Origin":["*"],"Content-Length":["26"]}}

[2020-01-07T19:17:53.8872160Z][Information][Middleware]
{"ContentLength":293294,"StatusCode":200,"ContentType":"application/json","Body":null,"Headers":{"Connection":["close"],"Date":["Tue, 07 Jan 2020 19:17:53 GMT"],"Content-Type":["application/json"],"Server":["Kestrel"],"Access-Control-Allow-Origin":["*"],"Content-Length":["293294"]}}

[2020-01-07T19:17:54.1119103Z][Information][Middleware]
{"ContentLength":293515,"StatusCode":200,"ContentType":"application/json","Body":null,"Headers":{"Connection":["close"],"Date":["Tue, 07 Jan 2020 19:17:54 GMT"],"Content-Type":["application/json"],"Server":["Kestrel"],"Access-Control-Allow-Origin":["*"],"Content-Length":["293515"]}}

[2020-01-07T19:17:55.0740183Z][Information][Middleware]
{"ContentLength":0,"StatusCode":204,"ContentType":null,"Body":null,"Headers":{"Access-Control-Allow-Headers":["authorization"],"Access-Control-Allow-Methods":["PUT"],"Access-Control-Allow-Origin":["*"]}}

[2020-01-07T19:17:55.0888824Z][Information][Middleware]
{"ContentLength":0,"StatusCode":500,"ContentType":"text/plain","Body":null,"Headers":{"Connection":["close"],"Date":["Tue, 07 Jan 2020 19:17:55 GMT"],"Content-Type":["text/plain"],"Server":["Kestrel"],"Access-Control-Allow-Origin":["*"],"Content-Length":["0"]}}

[2020-01-07T19:17:55.1231658Z][Information][Middleware]
{"ContentLength":0,"StatusCode":204,"ContentType":null,"Body":null,"Headers":{"Access-Control-Allow-Headers":["authorization"],"Access-Control-Allow-Methods":["GET"],"Access-Control-Allow-Origin":["*"]}}

[2020-01-07T19:17:55.5278925Z][Information][Middleware]
{"ContentLength":293515,"StatusCode":200,"ContentType":"application/json","Body":null,"Headers":{"Connection":["close"],"Date":["Tue, 07 Jan 2020 19:17:55 GMT"],"Content-Type":["application/json"],"Server":["Kestrel"],"Access-Control-Allow-Origin":["*"],"Content-Length":["293515"]}}

