[2020-01-03T22:08:22.9102667Z][Information][Middleware]
{"ContentLength":279,"StatusCode":200,"ContentType":null,"Body":null,"Headers":{"Connection":["close"],"Date":["Fri, 03 Jan 2020 22:08:21 GMT"],"Server":["Kestrel"],"Access-Control-Allow-Origin":["*"],"Content-Length":["279"]}}

[2020-01-03T22:08:33.5641391Z][Information][Middleware]
{"ContentLength":0,"StatusCode":204,"ContentType":null,"Body":null,"Headers":{"Access-Control-Allow-Headers":["authorization"],"Access-Control-Allow-Methods":["GET"],"Access-Control-Allow-Origin":["*"]}}

[2020-01-03T22:08:33.5655032Z][Information][Middleware]
{"ContentLength":0,"StatusCode":204,"ContentType":null,"Body":null,"Headers":{"Access-Control-Allow-Headers":["authorization"],"Access-Control-Allow-Methods":["GET"],"Access-Control-Allow-Origin":["*"]}}

[2020-01-03T22:08:33.5728444Z][Information][Middleware]
{"ContentLength":0,"StatusCode":204,"ContentType":null,"Body":null,"Headers":{"Access-Control-Allow-Headers":["authorization"],"Access-Control-Allow-Methods":["GET"],"Access-Control-Allow-Origin":["*"]}}

[2020-01-03T22:08:33.5758258Z][Information][Middleware]
{"ContentLength":0,"StatusCode":204,"ContentType":null,"Body":null,"Headers":{"Access-Control-Allow-Headers":["authorization"],"Access-Control-Allow-Methods":["GET"],"Access-Control-Allow-Origin":["*"]}}

[2020-01-03T22:08:33.5880187Z][Information][Middleware]
{"ContentLength":0,"StatusCode":204,"ContentType":null,"Body":null,"Headers":{"Access-Control-Allow-Headers":["authorization"],"Access-Control-Allow-Methods":["GET"],"Access-Control-Allow-Origin":["*"]}}

[2020-01-03T22:08:34.0401211Z][Information][Middleware]
{"ContentLength":65,"StatusCode":200,"ContentType":"application/json","Body":null,"Headers":{"Connection":["close"],"Date":["Fri, 03 Jan 2020 22:08:33 GMT"],"Content-Type":["application/json"],"Server":["Kestrel"],"Access-Control-Allow-Origin":["*"],"Content-Length":["65"]}}

[2020-01-03T22:08:34.2750582Z][Information][Middleware]
{"ContentLength":87427,"StatusCode":200,"ContentType":"application/json","Body":null,"Headers":{"Connection":["close"],"Date":["Fri, 03 Jan 2020 22:08:33 GMT"],"Content-Type":["application/json"],"Server":["Kestrel"],"Access-Control-Allow-Origin":["*"],"Content-Length":["87427"]}}

[2020-01-03T22:08:34.4759116Z][Information][Middleware]
{"ContentLength":26,"StatusCode":200,"ContentType":"application/json","Body":null,"Headers":{"Connection":["close"],"Date":["Fri, 03 Jan 2020 22:08:33 GMT"],"Content-Type":["application/json"],"Server":["Kestrel"],"Access-Control-Allow-Origin":["*"],"Content-Length":["26"]}}

[2020-01-03T22:08:35.0147255Z][Information][Middleware]
{"ContentLength":347790,"StatusCode":200,"ContentType":"application/json","Body":null,"Headers":{"Connection":["close"],"Date":["Fri, 03 Jan 2020 22:08:34 GMT"],"Content-Type":["application/json"],"Server":["Kestrel"],"Access-Control-Allow-Origin":["*"],"Content-Length":["347790"]}}

[2020-01-03T22:08:35.3624261Z][Information][Middleware]
{"ContentLength":349532,"StatusCode":200,"ContentType":"application/json","Body":null,"Headers":{"Connection":["close"],"Date":["Fri, 03 Jan 2020 22:08:34 GMT"],"Content-Type":["application/json"],"Server":["Kestrel"],"Access-Control-Allow-Origin":["*"],"Content-Length":["349532"]}}

[2020-01-03T22:09:25.7105833Z][Information][Middleware]
{"ContentLength":0,"StatusCode":204,"ContentType":null,"Body":null,"Headers":{"Access-Control-Allow-Headers":["authorization"],"Access-Control-Allow-Methods":["PUT"],"Access-Control-Allow-Origin":["*"]}}

[2020-01-03T22:09:25.9888074Z][Information][Middleware]
{"ContentLength":0,"StatusCode":200,"ContentType":null,"Body":null,"Headers":{"Access-Control-Allow-Origin":["*"]}}

[2020-01-03T22:09:26.0343992Z][Information][Middleware]
{"ContentLength":0,"StatusCode":204,"ContentType":null,"Body":null,"Headers":{"Access-Control-Allow-Headers":["authorization"],"Access-Control-Allow-Methods":["GET"],"Access-Control-Allow-Origin":["*"]}}

[2020-01-03T22:09:27.1695032Z][Information][Middleware]
{"ContentLength":349666,"StatusCode":200,"ContentType":"application/json","Body":null,"Headers":{"Connection":["close"],"Date":["Fri, 03 Jan 2020 22:09:26 GMT"],"Content-Type":["application/json"],"Server":["Kestrel"],"Access-Control-Allow-Origin":["*"],"Content-Length":["349666"]}}

[2020-01-06T18:31:05.1420110Z][Information][Middleware]
{"ContentLength":0,"StatusCode":204,"ContentType":null,"Body":null,"Headers":{"Access-Control-Allow-Headers":["authorization"],"Access-Control-Allow-Methods":["GET"],"Access-Control-Allow-Origin":["*"]}}

[2020-01-06T18:31:06.6556322Z][Information][Middleware]
{"ContentLength":0,"StatusCode":401,"ContentType":null,"Body":null,"Headers":{"WWW-Authenticate":["Bearer error=\"invalid_token\", error_description=\"The token lifetime is invalid\""]}}

[2020-01-06T18:31:25.1474734Z][Information][Middleware]
{"ContentLength":0,"StatusCode":401,"ContentType":"application/problem+json; charset=utf-8","Body":null,"Headers":{"Connection":["close"],"Date":["Mon, 06 Jan 2020 18:31:24 GMT"],"Content-Type":["application/problem+json; charset=utf-8"],"Server":["Kestrel"],"Access-Control-Allow-Origin":["*"]}}

[2020-01-06T18:31:51.7228473Z][Information][Middleware]
{"ContentLength":45,"StatusCode":500,"ContentType":"text/plain","Body":null,"Headers":{"Connection":["close"],"Date":["Mon, 06 Jan 2020 18:31:50 GMT"],"Content-Type":["text/plain"],"Server":["Kestrel"],"Access-Control-Allow-Origin":["*"],"Content-Length":["45"]}}

[2020-01-06T18:40:14.0484621Z][Information][Middleware]
{"ContentLength":299,"StatusCode":200,"ContentType":null,"Body":null,"Headers":{"Connection":["close"],"Date":["Mon, 06 Jan 2020 18:40:13 GMT"],"Server":["Kestrel"],"Access-Control-Allow-Origin":["*"],"Content-Length":["299"]}}

[2020-01-06T18:40:18.1107129Z][Information][Middleware]
{"ContentLength":0,"StatusCode":204,"ContentType":null,"Body":null,"Headers":{"Access-Control-Allow-Headers":["authorization"],"Access-Control-Allow-Methods":["GET"],"Access-Control-Allow-Origin":["*"]}}

[2020-01-06T18:40:18.1406874Z][Information][Middleware]
{"ContentLength":0,"StatusCode":204,"ContentType":null,"Body":null,"Headers":{"Access-Control-Allow-Headers":["authorization"],"Access-Control-Allow-Methods":["GET"],"Access-Control-Allow-Origin":["*"]}}

[2020-01-06T18:40:18.1485552Z][Information][Middleware]
{"ContentLength":0,"StatusCode":204,"ContentType":null,"Body":null,"Headers":{"Access-Control-Allow-Headers":["authorization"],"Access-Control-Allow-Methods":["GET"],"Access-Control-Allow-Origin":["*"]}}

[2020-01-06T18:40:18.1629724Z][Information][Middleware]
{"ContentLength":0,"StatusCode":204,"ContentType":null,"Body":null,"Headers":{"Access-Control-Allow-Headers":["authorization"],"Access-Control-Allow-Methods":["GET"],"Access-Control-Allow-Origin":["*"]}}

[2020-01-06T18:40:18.1655841Z][Information][Middleware]
{"ContentLength":0,"StatusCode":204,"ContentType":null,"Body":null,"Headers":{"Access-Control-Allow-Headers":["authorization"],"Access-Control-Allow-Methods":["GET"],"Access-Control-Allow-Origin":["*"]}}

[2020-01-06T18:40:18.3826848Z][Information][Middleware]
{"ContentLength":46,"StatusCode":200,"ContentType":"application/json","Body":null,"Headers":{"Connection":["close"],"Date":["Mon, 06 Jan 2020 18:40:17 GMT"],"Content-Type":["application/json"],"Server":["Kestrel"],"Access-Control-Allow-Origin":["*"],"Content-Length":["46"]}}

[2020-01-06T18:40:18.3888381Z][Information][Middleware]
{"ContentLength":26,"StatusCode":200,"ContentType":"application/json","Body":null,"Headers":{"Connection":["close"],"Date":["Mon, 06 Jan 2020 18:40:17 GMT"],"Content-Type":["application/json"],"Server":["Kestrel"],"Access-Control-Allow-Origin":["*"],"Content-Length":["26"]}}

[2020-01-06T18:40:18.7328284Z][Information][Middleware]
{"ContentLength":28,"StatusCode":452,"ContentType":null,"Body":null,"Headers":{"Connection":["close"],"Date":["Mon, 06 Jan 2020 18:40:17 GMT"],"Server":["Kestrel"],"Access-Control-Allow-Origin":["*"],"Content-Length":["28"]}}

[2020-01-06T18:40:18.7886449Z][Information][Middleware]
{"ContentLength":45,"StatusCode":500,"ContentType":"text/plain","Body":null,"Headers":{"Connection":["close"],"Date":["Mon, 06 Jan 2020 18:40:17 GMT"],"Content-Type":["text/plain"],"Server":["Kestrel"],"Access-Control-Allow-Origin":["*"],"Content-Length":["45"]}}

[2020-01-06T18:40:19.1961818Z][Information][Middleware]
{"ContentLength":254,"StatusCode":200,"ContentType":"application/json","Body":null,"Headers":{"Connection":["close"],"Date":["Mon, 06 Jan 2020 18:40:18 GMT"],"Content-Type":["application/json"],"Server":["Kestrel"],"Access-Control-Allow-Origin":["*"],"Content-Length":["254"]}}

[2020-01-06T18:41:25.8652572Z][Information][Middleware]
{"ContentLength":0,"StatusCode":204,"ContentType":null,"Body":null,"Headers":{"Access-Control-Allow-Headers":["authorization,content-type"],"Access-Control-Allow-Methods":["PUT"],"Access-Control-Allow-Origin":["*"]}}

[2020-01-06T18:42:18.4856199Z][Information][Middleware]
{"ContentLength":299,"StatusCode":200,"ContentType":null,"Body":null,"Headers":{"Connection":["close"],"Date":["Mon, 06 Jan 2020 18:42:17 GMT"],"Server":["Kestrel"],"Access-Control-Allow-Origin":["*"],"Content-Length":["299"]}}

[2020-01-06T18:42:23.7984572Z][Information][Middleware]
{"ContentLength":0,"StatusCode":204,"ContentType":null,"Body":null,"Headers":{"Access-Control-Allow-Headers":["authorization"],"Access-Control-Allow-Methods":["GET"],"Access-Control-Allow-Origin":["*"]}}

[2020-01-06T18:42:23.8375685Z][Information][Middleware]
{"ContentLength":0,"StatusCode":204,"ContentType":null,"Body":null,"Headers":{"Access-Control-Allow-Headers":["authorization"],"Access-Control-Allow-Methods":["GET"],"Access-Control-Allow-Origin":["*"]}}

[2020-01-06T18:42:23.8511951Z][Information][Middleware]
{"ContentLength":0,"StatusCode":204,"ContentType":null,"Body":null,"Headers":{"Access-Control-Allow-Headers":["authorization"],"Access-Control-Allow-Methods":["GET"],"Access-Control-Allow-Origin":["*"]}}

[2020-01-06T18:42:23.8559452Z][Information][Middleware]
{"ContentLength":0,"StatusCode":204,"ContentType":null,"Body":null,"Headers":{"Access-Control-Allow-Headers":["authorization"],"Access-Control-Allow-Methods":["GET"],"Access-Control-Allow-Origin":["*"]}}

[2020-01-06T18:42:23.8626560Z][Information][Middleware]
{"ContentLength":0,"StatusCode":204,"ContentType":null,"Body":null,"Headers":{"Access-Control-Allow-Headers":["authorization"],"Access-Control-Allow-Methods":["GET"],"Access-Control-Allow-Origin":["*"]}}

[2020-01-06T18:42:23.9251644Z][Information][Middleware]
{"ContentLength":321,"StatusCode":200,"ContentType":"application/json","Body":null,"Headers":{"Connection":["close"],"Date":["Mon, 06 Jan 2020 18:42:23 GMT"],"Content-Type":["application/json"],"Server":["Kestrel"],"Access-Control-Allow-Origin":["*"],"Content-Length":["321"]}}

[2020-01-06T18:42:23.9303597Z][Information][Middleware]
{"ContentLength":26,"StatusCode":200,"ContentType":"application/json","Body":null,"Headers":{"Connection":["close"],"Date":["Mon, 06 Jan 2020 18:42:23 GMT"],"Content-Type":["application/json"],"Server":["Kestrel"],"Access-Control-Allow-Origin":["*"],"Content-Length":["26"]}}

[2020-01-06T18:42:23.9333769Z][Information][Middleware]
{"ContentLength":28,"StatusCode":452,"ContentType":null,"Body":null,"Headers":{"Connection":["close"],"Date":["Mon, 06 Jan 2020 18:42:23 GMT"],"Server":["Kestrel"],"Access-Control-Allow-Origin":["*"],"Content-Length":["28"]}}

[2020-01-06T18:42:23.9599001Z][Information][Middleware]
{"ContentLength":46,"StatusCode":200,"ContentType":"application/json","Body":null,"Headers":{"Connection":["close"],"Date":["Mon, 06 Jan 2020 18:42:23 GMT"],"Content-Type":["application/json"],"Server":["Kestrel"],"Access-Control-Allow-Origin":["*"],"Content-Length":["46"]}}

[2020-01-06T18:42:23.9607654Z][Information][Middleware]
{"ContentLength":45,"StatusCode":500,"ContentType":"text/plain","Body":null,"Headers":{"Connection":["close"],"Date":["Mon, 06 Jan 2020 18:42:23 GMT"],"Content-Type":["text/plain"],"Server":["Kestrel"],"Access-Control-Allow-Origin":["*"],"Content-Length":["45"]}}

[2020-01-06T18:43:38.1931260Z][Information][Middleware]
{"ContentLength":0,"StatusCode":204,"ContentType":null,"Body":null,"Headers":{"Access-Control-Allow-Headers":["authorization,content-type"],"Access-Control-Allow-Methods":["PUT"],"Access-Control-Allow-Origin":["*"]}}

[2020-01-06T18:44:57.2925316Z][Information][Middleware]
{"ContentLength":0,"StatusCode":204,"ContentType":null,"Body":null,"Headers":{"Access-Control-Allow-Headers":["authorization,content-type"],"Access-Control-Allow-Methods":["PUT"],"Access-Control-Allow-Origin":["*"]}}

[2020-01-06T18:44:59.0253970Z][Information][Middleware]
{"ContentLength":0,"StatusCode":200,"ContentType":null,"Body":null,"Headers":{"Access-Control-Allow-Origin":["*"]}}

[2020-01-06T18:45:13.2783411Z][Information][Middleware]
{"ContentLength":0,"StatusCode":204,"ContentType":null,"Body":null,"Headers":{"Access-Control-Allow-Headers":["authorization"],"Access-Control-Allow-Methods":["GET"],"Access-Control-Allow-Origin":["*"]}}

[2020-01-06T18:45:13.3193015Z][Information][Middleware]
{"ContentLength":0,"StatusCode":204,"ContentType":null,"Body":null,"Headers":{"Access-Control-Allow-Headers":["authorization"],"Access-Control-Allow-Methods":["GET"],"Access-Control-Allow-Origin":["*"]}}

[2020-01-06T18:45:13.3227675Z][Information][Middleware]
{"ContentLength":0,"StatusCode":204,"ContentType":null,"Body":null,"Headers":{"Access-Control-Allow-Headers":["authorization"],"Access-Control-Allow-Methods":["GET"],"Access-Control-Allow-Origin":["*"]}}

[2020-01-06T18:45:13.3328924Z][Information][Middleware]
{"ContentLength":0,"StatusCode":204,"ContentType":null,"Body":null,"Headers":{"Access-Control-Allow-Headers":["authorization"],"Access-Control-Allow-Methods":["GET"],"Access-Control-Allow-Origin":["*"]}}

[2020-01-06T18:45:13.4962247Z][Information][Middleware]
{"ContentLength":0,"StatusCode":204,"ContentType":null,"Body":null,"Headers":{"Access-Control-Allow-Headers":["authorization"],"Access-Control-Allow-Methods":["GET"],"Access-Control-Allow-Origin":["*"]}}

[2020-01-06T18:45:13.5275287Z][Information][Middleware]
{"ContentLength":26,"StatusCode":200,"ContentType":"application/json","Body":null,"Headers":{"Connection":["close"],"Date":["Mon, 06 Jan 2020 18:45:12 GMT"],"Content-Type":["application/json"],"Server":["Kestrel"],"Access-Control-Allow-Origin":["*"],"Content-Length":["26"]}}

[2020-01-06T18:45:13.5497437Z][Information][Middleware]
{"ContentLength":46,"StatusCode":200,"ContentType":"application/json","Body":null,"Headers":{"Connection":["close"],"Date":["Mon, 06 Jan 2020 18:45:12 GMT"],"Content-Type":["application/json"],"Server":["Kestrel"],"Access-Control-Allow-Origin":["*"],"Content-Length":["46"]}}

[2020-01-06T18:45:13.5689977Z][Information][Middleware]
{"ContentLength":45,"StatusCode":500,"ContentType":"text/plain","Body":null,"Headers":{"Connection":["close"],"Date":["Mon, 06 Jan 2020 18:45:12 GMT"],"Content-Type":["text/plain"],"Server":["Kestrel"],"Access-Control-Allow-Origin":["*"],"Content-Length":["45"]}}

[2020-01-06T18:45:13.5820896Z][Information][Middleware]
{"ContentLength":321,"StatusCode":200,"ContentType":"application/json","Body":null,"Headers":{"Connection":["close"],"Date":["Mon, 06 Jan 2020 18:45:12 GMT"],"Content-Type":["application/json"],"Server":["Kestrel"],"Access-Control-Allow-Origin":["*"],"Content-Length":["321"]}}

[2020-01-06T18:45:14.1525781Z][Information][Middleware]
{"ContentLength":293294,"StatusCode":200,"ContentType":"application/json","Body":null,"Headers":{"Connection":["close"],"Date":["Mon, 06 Jan 2020 18:45:13 GMT"],"Content-Type":["application/json"],"Server":["Kestrel"],"Access-Control-Allow-Origin":["*"],"Content-Length":["293294"]}}

[2020-01-06T18:45:22.0073612Z][Information][Middleware]
{"ContentLength":0,"StatusCode":204,"ContentType":null,"Body":null,"Headers":{"Access-Control-Allow-Headers":["authorization"],"Access-Control-Allow-Methods":["PUT"],"Access-Control-Allow-Origin":["*"]}}

[2020-01-06T18:45:22.2307285Z][Information][Middleware]
{"ContentLength":0,"StatusCode":200,"ContentType":null,"Body":null,"Headers":{"Access-Control-Allow-Origin":["*"]}}

[2020-01-06T18:45:22.2562867Z][Information][Middleware]
{"ContentLength":0,"StatusCode":204,"ContentType":null,"Body":null,"Headers":{"Access-Control-Allow-Headers":["authorization"],"Access-Control-Allow-Methods":["GET"],"Access-Control-Allow-Origin":["*"]}}

[2020-01-06T18:45:22.3322731Z][Information][Middleware]
{"ContentLength":45,"StatusCode":500,"ContentType":"text/plain","Body":null,"Headers":{"Connection":["close"],"Date":["Mon, 06 Jan 2020 18:45:21 GMT"],"Content-Type":["text/plain"],"Server":["Kestrel"],"Access-Control-Allow-Origin":["*"],"Content-Length":["45"]}}

[2020-01-06T18:45:27.9328183Z][Information][Middleware]
{"ContentLength":0,"StatusCode":204,"ContentType":null,"Body":null,"Headers":{"Access-Control-Allow-Headers":["authorization"],"Access-Control-Allow-Methods":["GET"],"Access-Control-Allow-Origin":["*"]}}

[2020-01-06T18:45:27.9332444Z][Information][Middleware]
{"ContentLength":0,"StatusCode":204,"ContentType":null,"Body":null,"Headers":{"Access-Control-Allow-Headers":["authorization"],"Access-Control-Allow-Methods":["GET"],"Access-Control-Allow-Origin":["*"]}}

[2020-01-06T18:45:27.9494629Z][Information][Middleware]
{"ContentLength":0,"StatusCode":204,"ContentType":null,"Body":null,"Headers":{"Access-Control-Allow-Headers":["authorization"],"Access-Control-Allow-Methods":["GET"],"Access-Control-Allow-Origin":["*"]}}

[2020-01-06T18:45:27.9580676Z][Information][Middleware]
{"ContentLength":0,"StatusCode":204,"ContentType":null,"Body":null,"Headers":{"Access-Control-Allow-Headers":["authorization"],"Access-Control-Allow-Methods":["GET"],"Access-Control-Allow-Origin":["*"]}}

[2020-01-06T18:45:27.9603493Z][Information][Middleware]
{"ContentLength":0,"StatusCode":204,"ContentType":null,"Body":null,"Headers":{"Access-Control-Allow-Headers":["authorization"],"Access-Control-Allow-Methods":["GET"],"Access-Control-Allow-Origin":["*"]}}

[2020-01-06T18:45:28.0069009Z][Information][Middleware]
{"ContentLength":45,"StatusCode":500,"ContentType":"text/plain","Body":null,"Headers":{"Connection":["close"],"Date":["Mon, 06 Jan 2020 18:45:27 GMT"],"Content-Type":["text/plain"],"Server":["Kestrel"],"Access-Control-Allow-Origin":["*"],"Content-Length":["45"]}}

[2020-01-06T18:45:28.0071703Z][Information][Middleware]
{"ContentLength":46,"StatusCode":200,"ContentType":"application/json","Body":null,"Headers":{"Connection":["close"],"Date":["Mon, 06 Jan 2020 18:45:27 GMT"],"Content-Type":["application/json"],"Server":["Kestrel"],"Access-Control-Allow-Origin":["*"],"Content-Length":["46"]}}

[2020-01-06T18:45:28.0084999Z][Information][Middleware]
{"ContentLength":26,"StatusCode":200,"ContentType":"application/json","Body":null,"Headers":{"Connection":["close"],"Date":["Mon, 06 Jan 2020 18:45:27 GMT"],"Content-Type":["application/json"],"Server":["Kestrel"],"Access-Control-Allow-Origin":["*"],"Content-Length":["26"]}}

[2020-01-06T18:45:28.0094309Z][Information][Middleware]
{"ContentLength":321,"StatusCode":200,"ContentType":"application/json","Body":null,"Headers":{"Connection":["close"],"Date":["Mon, 06 Jan 2020 18:45:27 GMT"],"Content-Type":["application/json"],"Server":["Kestrel"],"Access-Control-Allow-Origin":["*"],"Content-Length":["321"]}}

[2020-01-06T18:45:28.4031923Z][Information][Middleware]
{"ContentLength":293294,"StatusCode":200,"ContentType":"application/json","Body":null,"Headers":{"Connection":["close"],"Date":["Mon, 06 Jan 2020 18:45:27 GMT"],"Content-Type":["application/json"],"Server":["Kestrel"],"Access-Control-Allow-Origin":["*"],"Content-Length":["293294"]}}

[2020-01-06T18:47:28.3765533Z][Information][Middleware]
{"ContentLength":0,"StatusCode":204,"ContentType":null,"Body":null,"Headers":{"Access-Control-Allow-Headers":["authorization"],"Access-Control-Allow-Methods":["GET"],"Access-Control-Allow-Origin":["*"]}}

[2020-01-06T18:47:28.5159678Z][Information][Middleware]
{"ContentLength":43,"StatusCode":500,"ContentType":"text/plain","Body":null,"Headers":{"Connection":["close"],"Date":["Mon, 06 Jan 2020 18:47:27 GMT"],"Content-Type":["text/plain"],"Server":["Kestrel"],"Access-Control-Allow-Origin":["*"],"Content-Length":["43"]}}

[2020-01-06T18:47:31.6476087Z][Information][Middleware]
{"ContentLength":0,"StatusCode":204,"ContentType":null,"Body":null,"Headers":{"Access-Control-Allow-Headers":["authorization"],"Access-Control-Allow-Methods":["GET"],"Access-Control-Allow-Origin":["*"]}}

[2020-01-06T18:47:31.7334149Z][Information][Middleware]
{"ContentLength":45,"StatusCode":500,"ContentType":"text/plain","Body":null,"Headers":{"Connection":["close"],"Date":["Mon, 06 Jan 2020 18:47:30 GMT"],"Content-Type":["text/plain"],"Server":["Kestrel"],"Access-Control-Allow-Origin":["*"],"Content-Length":["45"]}}

[2020-01-06T18:48:26.3289048Z][Information][Middleware]
{"ContentLength":0,"StatusCode":204,"ContentType":null,"Body":null,"Headers":{"Access-Control-Allow-Headers":["authorization"],"Access-Control-Allow-Methods":["GET"],"Access-Control-Allow-Origin":["*"]}}

[2020-01-06T18:48:26.3715513Z][Information][Middleware]
{"ContentLength":28,"StatusCode":200,"ContentType":"application/json","Body":null,"Headers":{"Connection":["close"],"Date":["Mon, 06 Jan 2020 18:48:25 GMT"],"Content-Type":["application/json"],"Server":["Kestrel"],"Access-Control-Allow-Origin":["*"],"Content-Length":["28"]}}

[2020-01-06T18:48:27.2854010Z][Information][Middleware]
{"ContentLength":0,"StatusCode":204,"ContentType":null,"Body":null,"Headers":{"Access-Control-Allow-Headers":["authorization"],"Access-Control-Allow-Methods":["GET"],"Access-Control-Allow-Origin":["*"]}}

[2020-01-06T18:48:27.3350435Z][Information][Middleware]
{"ContentLength":46,"StatusCode":200,"ContentType":"application/json","Body":null,"Headers":{"Connection":["close"],"Date":["Mon, 06 Jan 2020 18:48:26 GMT"],"Content-Type":["application/json"],"Server":["Kestrel"],"Access-Control-Allow-Origin":["*"],"Content-Length":["46"]}}

[2020-01-06T18:48:28.1787516Z][Information][Middleware]
{"ContentLength":0,"StatusCode":204,"ContentType":null,"Body":null,"Headers":{"Access-Control-Allow-Headers":["authorization"],"Access-Control-Allow-Methods":["GET"],"Access-Control-Allow-Origin":["*"]}}

[2020-01-06T18:48:28.2150956Z][Information][Middleware]
{"ContentLength":43,"StatusCode":200,"ContentType":"application/json","Body":null,"Headers":{"Connection":["close"],"Date":["Mon, 06 Jan 2020 18:48:27 GMT"],"Content-Type":["application/json"],"Server":["Kestrel"],"Access-Control-Allow-Origin":["*"],"Content-Length":["43"]}}

[2020-01-06T18:48:35.8206666Z][Information][Middleware]
{"ContentLength":0,"StatusCode":204,"ContentType":null,"Body":null,"Headers":{"Access-Control-Allow-Headers":["authorization,content-type"],"Access-Control-Allow-Methods":["PUT"],"Access-Control-Allow-Origin":["*"]}}

[2020-01-06T18:48:37.6876790Z][Information][Middleware]
{"ContentLength":50,"StatusCode":500,"ContentType":"text/plain","Body":null,"Headers":{"Connection":["close"],"Date":["Mon, 06 Jan 2020 18:48:36 GMT"],"Content-Type":["text/plain"],"Server":["Kestrel"],"Access-Control-Allow-Origin":["*"],"Content-Length":["50"]}}

[2020-01-06T18:49:01.1171694Z][Information][Middleware]
{"ContentLength":0,"StatusCode":204,"ContentType":null,"Body":null,"Headers":{"Access-Control-Allow-Headers":["authorization"],"Access-Control-Allow-Methods":["GET"],"Access-Control-Allow-Origin":["*"]}}

[2020-01-06T18:49:01.2027887Z][Information][Middleware]
{"ContentLength":46,"StatusCode":200,"ContentType":"application/json","Body":null,"Headers":{"Connection":["close"],"Date":["Mon, 06 Jan 2020 18:49:00 GMT"],"Content-Type":["application/json"],"Server":["Kestrel"],"Access-Control-Allow-Origin":["*"],"Content-Length":["46"]}}

[2020-01-06T18:49:10.1182212Z][Information][Middleware]
{"ContentLength":0,"StatusCode":204,"ContentType":null,"Body":null,"Headers":{"Access-Control-Allow-Headers":["authorization,content-type"],"Access-Control-Allow-Methods":["PUT"],"Access-Control-Allow-Origin":["*"]}}

[2020-01-06T18:49:10.3847737Z][Information][Middleware]
{"ContentLength":0,"StatusCode":200,"ContentType":null,"Body":null,"Headers":{"Access-Control-Allow-Origin":["*"]}}

[2020-01-06T18:49:12.4010361Z][Information][Middleware]
{"ContentLength":0,"StatusCode":204,"ContentType":null,"Body":null,"Headers":{"Access-Control-Allow-Headers":["authorization"],"Access-Control-Allow-Methods":["GET"],"Access-Control-Allow-Origin":["*"]}}

[2020-01-06T18:49:12.4578293Z][Information][Middleware]
{"ContentLength":43,"StatusCode":200,"ContentType":"application/json","Body":null,"Headers":{"Connection":["close"],"Date":["Mon, 06 Jan 2020 18:49:11 GMT"],"Content-Type":["application/json"],"Server":["Kestrel"],"Access-Control-Allow-Origin":["*"],"Content-Length":["43"]}}

[2020-01-06T18:49:18.9967376Z][Information][Middleware]
{"ContentLength":0,"StatusCode":204,"ContentType":null,"Body":null,"Headers":{"Access-Control-Allow-Headers":["authorization"],"Access-Control-Allow-Methods":["GET"],"Access-Control-Allow-Origin":["*"]}}

[2020-01-06T18:49:19.0617042Z][Information][Middleware]
{"ContentLength":21,"StatusCode":200,"ContentType":"application/json","Body":null,"Headers":{"Connection":["close"],"Date":["Mon, 06 Jan 2020 18:49:18 GMT"],"Content-Type":["application/json"],"Server":["Kestrel"],"Access-Control-Allow-Origin":["*"],"Content-Length":["21"]}}

[2020-01-06T18:49:56.1892715Z][Information][Middleware]
{"ContentLength":0,"StatusCode":204,"ContentType":null,"Body":null,"Headers":{"Access-Control-Allow-Headers":["authorization,content-type"],"Access-Control-Allow-Methods":["PUT"],"Access-Control-Allow-Origin":["*"]}}

[2020-01-06T18:49:56.4201596Z][Information][Middleware]
{"ContentLength":0,"StatusCode":200,"ContentType":null,"Body":null,"Headers":{"Access-Control-Allow-Origin":["*"]}}

[2020-01-06T18:49:59.4042170Z][Information][Middleware]
{"ContentLength":0,"StatusCode":204,"ContentType":null,"Body":null,"Headers":{"Access-Control-Allow-Headers":["authorization"],"Access-Control-Allow-Methods":["GET"],"Access-Control-Allow-Origin":["*"]}}

[2020-01-06T18:49:59.5604285Z][Information][Middleware]
{"ContentLength":43,"StatusCode":200,"ContentType":"application/json","Body":null,"Headers":{"Connection":["close"],"Date":["Mon, 06 Jan 2020 18:49:58 GMT"],"Content-Type":["application/json"],"Server":["Kestrel"],"Access-Control-Allow-Origin":["*"],"Content-Length":["43"]}}

[2020-01-06T18:50:00.3735245Z][Information][Middleware]
{"ContentLength":0,"StatusCode":204,"ContentType":null,"Body":null,"Headers":{"Access-Control-Allow-Headers":["authorization"],"Access-Control-Allow-Methods":["GET"],"Access-Control-Allow-Origin":["*"]}}

[2020-01-06T18:50:00.4293256Z][Information][Middleware]
{"ContentLength":135,"StatusCode":200,"ContentType":"application/json","Body":null,"Headers":{"Connection":["close"],"Date":["Mon, 06 Jan 2020 18:49:59 GMT"],"Content-Type":["application/json"],"Server":["Kestrel"],"Access-Control-Allow-Origin":["*"],"Content-Length":["135"]}}

[2020-01-06T18:50:01.2871324Z][Information][Middleware]
{"ContentLength":0,"StatusCode":204,"ContentType":null,"Body":null,"Headers":{"Access-Control-Allow-Headers":["authorization"],"Access-Control-Allow-Methods":["GET"],"Access-Control-Allow-Origin":["*"]}}

[2020-01-06T18:50:01.3303700Z][Information][Middleware]
{"ContentLength":52,"StatusCode":200,"ContentType":"application/json","Body":null,"Headers":{"Connection":["close"],"Date":["Mon, 06 Jan 2020 18:50:00 GMT"],"Content-Type":["application/json"],"Server":["Kestrel"],"Access-Control-Allow-Origin":["*"],"Content-Length":["52"]}}

[2020-01-06T18:50:02.2533885Z][Information][Middleware]
{"ContentLength":0,"StatusCode":204,"ContentType":null,"Body":null,"Headers":{"Access-Control-Allow-Headers":["authorization"],"Access-Control-Allow-Methods":["GET"],"Access-Control-Allow-Origin":["*"]}}

[2020-01-06T18:50:02.2940992Z][Information][Middleware]
{"ContentLength":28,"StatusCode":200,"ContentType":"application/json","Body":null,"Headers":{"Connection":["close"],"Date":["Mon, 06 Jan 2020 18:50:01 GMT"],"Content-Type":["application/json"],"Server":["Kestrel"],"Access-Control-Allow-Origin":["*"],"Content-Length":["28"]}}

