[2020-01-03T22:00:37.2239048Z][Information][Middleware]
{"QueryString":"?email=aerooneQ@yandex.ru&password=AeroOne123","Body":null,"ContentType":null,"ContentLength":null,"IsHttps":false,"Host":{"Port":7000,"Host":"localhost"},"Method":"GET"}

[2020-01-03T22:08:16.3905986Z][Information][Middleware]
{"QueryString":"?email=aerooneQ@yandex.ru&password=AeroOne123","Body":null,"ContentType":null,"ContentLength":null,"IsHttps":false,"Host":{"Port":7000,"Host":"localhost"},"Method":"GET"}

[2020-01-03T22:08:33.5448858Z][Information][Middleware]
{"QueryString":"?properties=isAccountVerified,","Body":null,"ContentType":null,"ContentLength":null,"IsHttps":false,"Host":{"Port":7000,"Host":"localhost"},"Method":"OPTIONS"}

[2020-01-03T22:08:33.5554406Z][Information][Middleware]
{"QueryString":"","Body":null,"ContentType":null,"ContentLength":null,"IsHttps":false,"Host":{"Port":7000,"Host":"localhost"},"Method":"OPTIONS"}

[2020-01-03T22:08:33.5557417Z][Information][Middleware]
{"QueryString":"","Body":null,"ContentType":null,"ContentLength":null,"IsHttps":false,"Host":{"Port":7000,"Host":"localhost"},"Method":"OPTIONS"}

[2020-01-03T22:08:33.5720200Z][Information][Middleware]
{"QueryString":"","Body":null,"ContentType":null,"ContentLength":null,"IsHttps":false,"Host":{"Port":7000,"Host":"localhost"},"Method":"OPTIONS"}

[2020-01-03T22:08:33.5736900Z][Information][Middleware]
{"QueryString":"","Body":null,"ContentType":null,"ContentLength":null,"IsHttps":false,"Host":{"Port":7000,"Host":"localhost"},"Method":"GET"}

[2020-01-03T22:08:33.5817634Z][Information][Middleware]
{"QueryString":"","Body":null,"ContentType":null,"ContentLength":null,"IsHttps":false,"Host":{"Port":7000,"Host":"localhost"},"Method":"GET"}

[2020-01-03T22:08:33.5874457Z][Information][Middleware]
{"QueryString":"?properties=name,surname,middleName,","Body":null,"ContentType":null,"ContentLength":null,"IsHttps":false,"Host":{"Port":7000,"Host":"localhost"},"Method":"OPTIONS"}

[2020-01-03T22:08:33.5893498Z][Information][Middleware]
{"QueryString":"?properties=isAccountVerified,","Body":null,"ContentType":null,"ContentLength":null,"IsHttps":false,"Host":{"Port":7000,"Host":"localhost"},"Method":"GET"}

[2020-01-03T22:08:33.5970190Z][Information][Middleware]
{"QueryString":"","Body":null,"ContentType":null,"ContentLength":null,"IsHttps":false,"Host":{"Port":7000,"Host":"localhost"},"Method":"GET"}

[2020-01-03T22:08:33.5991031Z][Information][Middleware]
{"QueryString":"?properties=name,surname,middleName,","Body":null,"ContentType":null,"ContentLength":null,"IsHttps":false,"Host":{"Port":7000,"Host":"localhost"},"Method":"GET"}

[2020-01-03T22:09:25.6948166Z][Information][Middleware]
{"QueryString":"","Body":null,"ContentType":null,"ContentLength":null,"IsHttps":false,"Host":{"Port":7000,"Host":"localhost"},"Method":"OPTIONS"}

[2020-01-03T22:09:25.8040878Z][Information][Middleware]
{"QueryString":"","Body":null,"ContentType":"application/x-www-form-urlencoded","ContentLength":16,"IsHttps":false,"Host":{"Port":7000,"Host":"localhost"},"Method":"PUT"}

[2020-01-03T22:09:26.0340460Z][Information][Middleware]
{"QueryString":"","Body":null,"ContentType":null,"ContentLength":null,"IsHttps":false,"Host":{"Port":7000,"Host":"localhost"},"Method":"OPTIONS"}

[2020-01-03T22:09:26.0412049Z][Information][Middleware]
{"QueryString":"","Body":null,"ContentType":null,"ContentLength":null,"IsHttps":false,"Host":{"Port":7000,"Host":"localhost"},"Method":"GET"}

