[2020-01-03T22:01:56.5964725Z][Information][Middleware]
{"QueryString":"?email=aerooneQ@yandex.ru&password=AeroOne123","Body":null,"ContentType":null,"ContentLength":null,"IsHttps":false,"Host":{"Port":7000,"Host":"localhost"},"Method":"GET"}

[2020-01-06T19:26:45.3517094Z][Information][Middleware]
{"QueryString":"","Body":null,"ContentType":null,"ContentLength":null,"IsHttps":false,"Host":{"Port":7000,"Host":"localhost"},"Method":"OPTIONS"}

[2020-01-06T19:26:46.7665860Z][Information][Middleware]
{"QueryString":"","Body":null,"ContentType":null,"ContentLength":null,"IsHttps":false,"Host":{"Port":7000,"Host":"localhost"},"Method":"GET"}

[2020-01-06T19:27:24.8773205Z][Information][Middleware]
{"QueryString":"?email=&password=","Body":null,"ContentType":null,"ContentLength":null,"IsHttps":false,"Host":{"Port":7000,"Host":"localhost"},"Method":"GET"}

[2020-01-06T19:27:36.5785485Z][Information][Middleware]
{"QueryString":"?email=aerooneQ@yandex.ru&password=AeroOne123","Body":null,"ContentType":null,"ContentLength":0,"IsHttps":false,"Host":{"Port":7000,"Host":"localhost"},"Method":"POST"}

[2020-01-06T19:28:59.1472410Z][Information][Middleware]
{"QueryString":"?email=aerooneQ@yandex.ru&password=AeroOne123321","Body":null,"ContentType":null,"ContentLength":null,"IsHttps":false,"Host":{"Port":7000,"Host":"localhost"},"Method":"GET"}

[2020-01-06T19:29:06.5813187Z][Information][Middleware]
{"QueryString":"?email=aerooneQ@yandex.ru&password=AeroOne123","Body":null,"ContentType":null,"ContentLength":null,"IsHttps":false,"Host":{"Port":7000,"Host":"localhost"},"Method":"GET"}

[2020-01-06T19:29:09.8359420Z][Information][Middleware]
{"QueryString":"?properties=isAccountVerified,","Body":null,"ContentType":null,"ContentLength":null,"IsHttps":false,"Host":{"Port":7000,"Host":"localhost"},"Method":"OPTIONS"}

[2020-01-06T19:29:09.8935141Z][Information][Middleware]
{"QueryString":"","Body":null,"ContentType":null,"ContentLength":null,"IsHttps":false,"Host":{"Port":7000,"Host":"localhost"},"Method":"OPTIONS"}

[2020-01-06T19:29:09.9093182Z][Information][Middleware]
{"QueryString":"","Body":null,"ContentType":null,"ContentLength":null,"IsHttps":false,"Host":{"Port":7000,"Host":"localhost"},"Method":"OPTIONS"}

[2020-01-06T19:29:09.9128919Z][Information][Middleware]
{"QueryString":"?properties=isAccountVerified,","Body":null,"ContentType":null,"ContentLength":null,"IsHttps":false,"Host":{"Port":7000,"Host":"localhost"},"Method":"GET"}

[2020-01-06T19:29:10.0465857Z][Information][Middleware]
{"QueryString":"?properties=name,surname,middleName,","Body":null,"ContentType":null,"ContentLength":null,"IsHttps":false,"Host":{"Port":7000,"Host":"localhost"},"Method":"OPTIONS"}

[2020-01-06T19:29:10.0483776Z][Information][Middleware]
{"QueryString":"","Body":null,"ContentType":null,"ContentLength":null,"IsHttps":false,"Host":{"Port":7000,"Host":"localhost"},"Method":"OPTIONS"}

[2020-01-06T19:29:10.0484054Z][Information][Middleware]
{"QueryString":"","Body":null,"ContentType":null,"ContentLength":null,"IsHttps":false,"Host":{"Port":7000,"Host":"localhost"},"Method":"GET"}

[2020-01-06T19:29:10.0581508Z][Information][Middleware]
{"QueryString":"","Body":null,"ContentType":null,"ContentLength":null,"IsHttps":false,"Host":{"Port":7000,"Host":"localhost"},"Method":"GET"}

[2020-01-06T19:29:10.0597386Z][Information][Middleware]
{"QueryString":"","Body":null,"ContentType":null,"ContentLength":null,"IsHttps":false,"Host":{"Port":7000,"Host":"localhost"},"Method":"GET"}

[2020-01-06T19:29:10.0724860Z][Information][Middleware]
{"QueryString":"?properties=name,surname,middleName,","Body":null,"ContentType":null,"ContentLength":null,"IsHttps":false,"Host":{"Port":7000,"Host":"localhost"},"Method":"GET"}

[2020-01-06T19:29:42.3003343Z][Information][Middleware]
{"QueryString":"","Body":null,"ContentType":null,"ContentLength":null,"IsHttps":false,"Host":{"Port":7000,"Host":"localhost"},"Method":"OPTIONS"}

[2020-01-06T19:29:48.4108545Z][Information][Middleware]
{"QueryString":"","Body":null,"ContentType":null,"ContentLength":null,"IsHttps":false,"Host":{"Port":7000,"Host":"localhost"},"Method":"OPTIONS"}

[2020-01-06T19:30:17.9112542Z][Information][Middleware]
{"QueryString":"","Body":null,"ContentType":null,"ContentLength":null,"IsHttps":false,"Host":{"Port":7000,"Host":"localhost"},"Method":"OPTIONS"}

[2020-01-06T19:30:17.9418078Z][Information][Middleware]
{"QueryString":"","Body":null,"ContentType":"application/json;charset=utf-8","ContentLength":786879,"IsHttps":false,"Host":{"Port":7000,"Host":"localhost"},"Method":"PUT"}

[2020-01-06T19:31:04.1748867Z][Information][Middleware]
{"QueryString":"?folderID=-1","Body":null,"ContentType":null,"ContentLength":null,"IsHttps":false,"Host":{"Port":7000,"Host":"localhost"},"Method":"OPTIONS"}

[2020-01-06T19:31:04.1952402Z][Information][Middleware]
{"QueryString":"?folderID=-1","Body":null,"ContentType":null,"ContentLength":null,"IsHttps":false,"Host":{"Port":7000,"Host":"localhost"},"Method":"GET"}

[2020-01-06T19:31:33.3507730Z][Information][Middleware]
{"QueryString":"?properties=isAccountVerified,","Body":null,"ContentType":null,"ContentLength":null,"IsHttps":false,"Host":{"Port":7000,"Host":"localhost"},"Method":"OPTIONS"}

[2020-01-06T19:31:33.3634233Z][Information][Middleware]
{"QueryString":"","Body":null,"ContentType":null,"ContentLength":null,"IsHttps":false,"Host":{"Port":7000,"Host":"localhost"},"Method":"OPTIONS"}

[2020-01-06T19:31:33.3775220Z][Information][Middleware]
{"QueryString":"","Body":null,"ContentType":null,"ContentLength":null,"IsHttps":false,"Host":{"Port":7000,"Host":"localhost"},"Method":"GET"}

[2020-01-06T19:31:33.3789905Z][Information][Middleware]
{"QueryString":"?properties=isAccountVerified,","Body":null,"ContentType":null,"ContentLength":null,"IsHttps":false,"Host":{"Port":7000,"Host":"localhost"},"Method":"GET"}

[2020-01-06T19:31:33.3841617Z][Information][Middleware]
{"QueryString":"","Body":null,"ContentType":null,"ContentLength":null,"IsHttps":false,"Host":{"Port":7000,"Host":"localhost"},"Method":"OPTIONS"}

[2020-01-06T19:31:33.3920691Z][Information][Middleware]
{"QueryString":"?properties=name,surname,middleName,","Body":null,"ContentType":null,"ContentLength":null,"IsHttps":false,"Host":{"Port":7000,"Host":"localhost"},"Method":"OPTIONS"}

[2020-01-06T19:31:33.4146313Z][Information][Middleware]
{"QueryString":"","Body":null,"ContentType":null,"ContentLength":null,"IsHttps":false,"Host":{"Port":7000,"Host":"localhost"},"Method":"GET"}

[2020-01-06T19:31:33.4217525Z][Information][Middleware]
{"QueryString":"","Body":null,"ContentType":null,"ContentLength":null,"IsHttps":false,"Host":{"Port":7000,"Host":"localhost"},"Method":"OPTIONS"}

[2020-01-06T19:31:33.4264546Z][Information][Middleware]
{"QueryString":"?properties=name,surname,middleName,","Body":null,"ContentType":null,"ContentLength":null,"IsHttps":false,"Host":{"Port":7000,"Host":"localhost"},"Method":"GET"}

[2020-01-06T19:31:33.4300497Z][Information][Middleware]
{"QueryString":"","Body":null,"ContentType":null,"ContentLength":null,"IsHttps":false,"Host":{"Port":7000,"Host":"localhost"},"Method":"GET"}

[2020-01-06T19:31:45.2730967Z][Information][Middleware]
{"QueryString":"","Body":null,"ContentType":null,"ContentLength":null,"IsHttps":false,"Host":{"Port":7000,"Host":"localhost"},"Method":"OPTIONS"}

[2020-01-06T19:31:45.2850369Z][Information][Middleware]
{"QueryString":"","Body":null,"ContentType":"application/x-www-form-urlencoded","ContentLength":3,"IsHttps":false,"Host":{"Port":7000,"Host":"localhost"},"Method":"PUT"}

[2020-01-06T19:31:45.5611324Z][Information][Middleware]
{"QueryString":"","Body":null,"ContentType":null,"ContentLength":null,"IsHttps":false,"Host":{"Port":7000,"Host":"localhost"},"Method":"OPTIONS"}

[2020-01-06T19:31:45.5654554Z][Information][Middleware]
{"QueryString":"","Body":null,"ContentType":null,"ContentLength":null,"IsHttps":false,"Host":{"Port":7000,"Host":"localhost"},"Method":"GET"}

[2020-01-06T19:32:24.6944094Z][Information][Middleware]
{"QueryString":"","Body":null,"ContentType":null,"ContentLength":null,"IsHttps":false,"Host":{"Port":7000,"Host":"localhost"},"Method":"OPTIONS"}

[2020-01-06T19:32:24.7393865Z][Information][Middleware]
{"QueryString":"","Body":null,"ContentType":"application/json;charset=utf-8","ContentLength":50,"IsHttps":false,"Host":{"Port":7000,"Host":"localhost"},"Method":"PUT"}

[2020-01-06T19:32:27.2183366Z][Information][Middleware]
{"QueryString":"","Body":null,"ContentType":null,"ContentLength":null,"IsHttps":false,"Host":{"Port":7000,"Host":"localhost"},"Method":"OPTIONS"}

[2020-01-06T19:32:27.2383386Z][Information][Middleware]
{"QueryString":"","Body":null,"ContentType":null,"ContentLength":null,"IsHttps":false,"Host":{"Port":7000,"Host":"localhost"},"Method":"GET"}

[2020-01-06T19:32:31.2046867Z][Information][Middleware]
{"QueryString":"?properties=isAccountVerified,","Body":null,"ContentType":null,"ContentLength":null,"IsHttps":false,"Host":{"Port":7000,"Host":"localhost"},"Method":"OPTIONS"}

[2020-01-06T19:32:31.2113654Z][Information][Middleware]
{"QueryString":"?properties=isAccountVerified,","Body":null,"ContentType":null,"ContentLength":null,"IsHttps":false,"Host":{"Port":7000,"Host":"localhost"},"Method":"GET"}

[2020-01-06T19:32:31.2183319Z][Information][Middleware]
{"QueryString":"","Body":null,"ContentType":null,"ContentLength":null,"IsHttps":false,"Host":{"Port":7000,"Host":"localhost"},"Method":"OPTIONS"}

[2020-01-06T19:32:31.2186809Z][Information][Middleware]
{"QueryString":"","Body":null,"ContentType":null,"ContentLength":null,"IsHttps":false,"Host":{"Port":7000,"Host":"localhost"},"Method":"OPTIONS"}

[2020-01-06T19:32:31.2260419Z][Information][Middleware]
{"QueryString":"?properties=name,surname,middleName,","Body":null,"ContentType":null,"ContentLength":null,"IsHttps":false,"Host":{"Port":7000,"Host":"localhost"},"Method":"OPTIONS"}

[2020-01-06T19:32:31.2264030Z][Information][Middleware]
{"QueryString":"","Body":null,"ContentType":null,"ContentLength":null,"IsHttps":false,"Host":{"Port":7000,"Host":"localhost"},"Method":"GET"}

[2020-01-06T19:32:31.2271871Z][Information][Middleware]
{"QueryString":"","Body":null,"ContentType":null,"ContentLength":null,"IsHttps":false,"Host":{"Port":7000,"Host":"localhost"},"Method":"GET"}

[2020-01-06T19:32:31.2274116Z][Information][Middleware]
{"QueryString":"","Body":null,"ContentType":null,"ContentLength":null,"IsHttps":false,"Host":{"Port":7000,"Host":"localhost"},"Method":"OPTIONS"}

[2020-01-06T19:32:31.2298505Z][Information][Middleware]
{"QueryString":"?properties=name,surname,middleName,","Body":null,"ContentType":null,"ContentLength":null,"IsHttps":false,"Host":{"Port":7000,"Host":"localhost"},"Method":"GET"}

[2020-01-06T19:32:31.3243279Z][Information][Middleware]
{"QueryString":"","Body":null,"ContentType":null,"ContentLength":null,"IsHttps":false,"Host":{"Port":7000,"Host":"localhost"},"Method":"GET"}

[2020-01-06T19:33:03.1426305Z][Information][Middleware]
{"QueryString":"?folderID=-1","Body":null,"ContentType":null,"ContentLength":null,"IsHttps":false,"Host":{"Port":7000,"Host":"localhost"},"Method":"OPTIONS"}

[2020-01-06T19:33:03.1694500Z][Information][Middleware]
{"QueryString":"?folderID=-1","Body":null,"ContentType":null,"ContentLength":null,"IsHttps":false,"Host":{"Port":7000,"Host":"localhost"},"Method":"GET"}

[2020-01-07T19:08:21.1765568Z][Information][Middleware]
{"QueryString":"?email=aerooneQ@yandex.ru&password=AeroOne123","Body":null,"ContentType":null,"ContentLength":null,"IsHttps":false,"Host":{"Port":7000,"Host":"localhost"},"Method":"GET"}

[2020-01-07T19:09:19.3403013Z][Information][Middleware]
{"QueryString":"?properties=isAccountVerified,","Body":null,"ContentType":null,"ContentLength":null,"IsHttps":false,"Host":{"Port":7000,"Host":"localhost"},"Method":"OPTIONS"}

[2020-01-07T19:09:19.3481002Z][Information][Middleware]
{"QueryString":"","Body":null,"ContentType":null,"ContentLength":null,"IsHttps":false,"Host":{"Port":7000,"Host":"localhost"},"Method":"OPTIONS"}

[2020-01-07T19:09:19.3629465Z][Information][Middleware]
{"QueryString":"","Body":null,"ContentType":null,"ContentLength":null,"IsHttps":false,"Host":{"Port":7000,"Host":"localhost"},"Method":"OPTIONS"}

[2020-01-07T19:09:19.3652068Z][Information][Middleware]
{"QueryString":"","Body":null,"ContentType":null,"ContentLength":null,"IsHttps":false,"Host":{"Port":7000,"Host":"localhost"},"Method":"GET"}

[2020-01-07T19:09:19.3660167Z][Information][Middleware]
{"QueryString":"?properties=name,surname,middleName,","Body":null,"ContentType":null,"ContentLength":null,"IsHttps":false,"Host":{"Port":7000,"Host":"localhost"},"Method":"OPTIONS"}

[2020-01-07T19:09:19.4090957Z][Information][Middleware]
{"QueryString":"?properties=isAccountVerified,","Body":null,"ContentType":null,"ContentLength":null,"IsHttps":false,"Host":{"Port":7000,"Host":"localhost"},"Method":"GET"}

[2020-01-07T19:09:19.4094098Z][Information][Middleware]
{"QueryString":"","Body":null,"ContentType":null,"ContentLength":null,"IsHttps":false,"Host":{"Port":7000,"Host":"localhost"},"Method":"GET"}

[2020-01-07T19:09:19.4110958Z][Information][Middleware]
{"QueryString":"","Body":null,"ContentType":null,"ContentLength":null,"IsHttps":false,"Host":{"Port":7000,"Host":"localhost"},"Method":"OPTIONS"}

[2020-01-07T19:09:19.4253934Z][Information][Middleware]
{"QueryString":"?properties=name,surname,middleName,","Body":null,"ContentType":null,"ContentLength":null,"IsHttps":false,"Host":{"Port":7000,"Host":"localhost"},"Method":"GET"}

[2020-01-07T19:09:19.4253934Z][Information][Middleware]
{"QueryString":"","Body":null,"ContentType":null,"ContentLength":null,"IsHttps":false,"Host":{"Port":7000,"Host":"localhost"},"Method":"GET"}

[2020-01-07T19:09:30.5136710Z][Information][Middleware]
{"QueryString":"?properties=country,city,","Body":null,"ContentType":null,"ContentLength":null,"IsHttps":false,"Host":{"Port":7000,"Host":"localhost"},"Method":"OPTIONS"}

[2020-01-07T19:09:30.5308575Z][Information][Middleware]
{"QueryString":"?properties=country,city,","Body":null,"ContentType":null,"ContentLength":null,"IsHttps":false,"Host":{"Port":7000,"Host":"localhost"},"Method":"GET"}

[2020-01-07T19:09:32.4738547Z][Information][Middleware]
{"QueryString":"?properties=careerStages,","Body":null,"ContentType":null,"ContentLength":null,"IsHttps":false,"Host":{"Port":7000,"Host":"localhost"},"Method":"OPTIONS"}

[2020-01-07T19:09:32.4861767Z][Information][Middleware]
{"QueryString":"?properties=careerStages,","Body":null,"ContentType":null,"ContentLength":null,"IsHttps":false,"Host":{"Port":7000,"Host":"localhost"},"Method":"GET"}

[2020-01-07T19:09:44.7550184Z][Information][Middleware]
{"QueryString":"","Body":null,"ContentType":null,"ContentLength":null,"IsHttps":false,"Host":{"Port":7000,"Host":"localhost"},"Method":"OPTIONS"}

[2020-01-07T19:09:44.7625805Z][Information][Middleware]
{"QueryString":"","Body":null,"ContentType":"application/json;charset=utf-8","ContentLength":103,"IsHttps":false,"Host":{"Port":7000,"Host":"localhost"},"Method":"PUT"}

[2020-01-07T19:10:10.6051950Z][Information][Middleware]
{"QueryString":"?properties=isAccountVerified,","Body":null,"ContentType":null,"ContentLength":null,"IsHttps":false,"Host":{"Port":7000,"Host":"localhost"},"Method":"OPTIONS"}

[2020-01-07T19:10:10.6391242Z][Information][Middleware]
{"QueryString":"?properties=isAccountVerified,","Body":null,"ContentType":null,"ContentLength":null,"IsHttps":false,"Host":{"Port":7000,"Host":"localhost"},"Method":"GET"}

[2020-01-07T19:10:10.6456477Z][Information][Middleware]
{"QueryString":"","Body":null,"ContentType":null,"ContentLength":null,"IsHttps":false,"Host":{"Port":7000,"Host":"localhost"},"Method":"OPTIONS"}

[2020-01-07T19:10:10.6554795Z][Information][Middleware]
{"QueryString":"","Body":null,"ContentType":null,"ContentLength":null,"IsHttps":false,"Host":{"Port":7000,"Host":"localhost"},"Method":"OPTIONS"}

[2020-01-07T19:10:10.6579490Z][Information][Middleware]
{"QueryString":"?properties=name,surname,middleName,","Body":null,"ContentType":null,"ContentLength":null,"IsHttps":false,"Host":{"Port":7000,"Host":"localhost"},"Method":"OPTIONS"}

[2020-01-07T19:10:10.6665385Z][Information][Middleware]
{"QueryString":"","Body":null,"ContentType":null,"ContentLength":null,"IsHttps":false,"Host":{"Port":7000,"Host":"localhost"},"Method":"OPTIONS"}

[2020-01-07T19:10:10.6675152Z][Information][Middleware]
{"QueryString":"","Body":null,"ContentType":null,"ContentLength":null,"IsHttps":false,"Host":{"Port":7000,"Host":"localhost"},"Method":"GET"}

[2020-01-07T19:10:10.6717393Z][Information][Middleware]
{"QueryString":"","Body":null,"ContentType":null,"ContentLength":null,"IsHttps":false,"Host":{"Port":7000,"Host":"localhost"},"Method":"GET"}

[2020-01-07T19:10:10.8744841Z][Information][Middleware]
{"QueryString":"?properties=name,surname,middleName,","Body":null,"ContentType":null,"ContentLength":null,"IsHttps":false,"Host":{"Port":7000,"Host":"localhost"},"Method":"GET"}

[2020-01-07T19:10:10.9144196Z][Information][Middleware]
{"QueryString":"","Body":null,"ContentType":null,"ContentLength":null,"IsHttps":false,"Host":{"Port":7000,"Host":"localhost"},"Method":"GET"}

[2020-01-07T19:10:12.9830859Z][Information][Middleware]
{"QueryString":"?properties=careerStages,","Body":null,"ContentType":null,"ContentLength":null,"IsHttps":false,"Host":{"Port":7000,"Host":"localhost"},"Method":"OPTIONS"}

[2020-01-07T19:10:12.9903904Z][Information][Middleware]
{"QueryString":"?properties=careerStages,","Body":null,"ContentType":null,"ContentLength":null,"IsHttps":false,"Host":{"Port":7000,"Host":"localhost"},"Method":"GET"}

[2020-01-07T19:10:19.5025422Z][Information][Middleware]
{"QueryString":"","Body":null,"ContentType":null,"ContentLength":null,"IsHttps":false,"Host":{"Port":7000,"Host":"localhost"},"Method":"OPTIONS"}

[2020-01-07T19:10:19.5105620Z][Information][Middleware]
{"QueryString":"","Body":null,"ContentType":"application/json;charset=utf-8","ContentLength":105,"IsHttps":false,"Host":{"Port":7000,"Host":"localhost"},"Method":"PUT"}

[2020-01-07T19:10:39.1273756Z][Information][Middleware]
{"QueryString":"","Body":null,"ContentType":null,"ContentLength":null,"IsHttps":false,"Host":{"Port":7000,"Host":"localhost"},"Method":"OPTIONS"}

[2020-01-07T19:10:39.1316029Z][Information][Middleware]
{"QueryString":"","Body":null,"ContentType":"application/x-www-form-urlencoded","ContentLength":6,"IsHttps":false,"Host":{"Port":7000,"Host":"localhost"},"Method":"PUT"}

[2020-01-07T19:10:45.6489853Z][Information][Middleware]
{"QueryString":"","Body":null,"ContentType":null,"ContentLength":null,"IsHttps":false,"Host":{"Port":7000,"Host":"localhost"},"Method":"OPTIONS"}

[2020-01-07T19:10:45.6567016Z][Information][Middleware]
{"QueryString":"","Body":null,"ContentType":null,"ContentLength":null,"IsHttps":false,"Host":{"Port":7000,"Host":"localhost"},"Method":"GET"}

[2020-01-07T19:10:49.3511567Z][Information][Middleware]
{"QueryString":"?properties=isAccountVerified,","Body":null,"ContentType":null,"ContentLength":null,"IsHttps":false,"Host":{"Port":7000,"Host":"localhost"},"Method":"OPTIONS"}

[2020-01-07T19:10:49.3882204Z][Information][Middleware]
{"QueryString":"?properties=isAccountVerified,","Body":null,"ContentType":null,"ContentLength":null,"IsHttps":false,"Host":{"Port":7000,"Host":"localhost"},"Method":"GET"}

[2020-01-07T19:10:49.4008215Z][Information][Middleware]
{"QueryString":"","Body":null,"ContentType":null,"ContentLength":null,"IsHttps":false,"Host":{"Port":7000,"Host":"localhost"},"Method":"OPTIONS"}

[2020-01-07T19:10:49.4022230Z][Information][Middleware]
{"QueryString":"","Body":null,"ContentType":null,"ContentLength":null,"IsHttps":false,"Host":{"Port":7000,"Host":"localhost"},"Method":"OPTIONS"}

[2020-01-07T19:10:49.4022482Z][Information][Middleware]
{"QueryString":"","Body":null,"ContentType":null,"ContentLength":null,"IsHttps":false,"Host":{"Port":7000,"Host":"localhost"},"Method":"OPTIONS"}

[2020-01-07T19:10:49.4033883Z][Information][Middleware]
{"QueryString":"?properties=name,surname,middleName,","Body":null,"ContentType":null,"ContentLength":null,"IsHttps":false,"Host":{"Port":7000,"Host":"localhost"},"Method":"OPTIONS"}

[2020-01-07T19:10:49.4044616Z][Information][Middleware]
{"QueryString":"","Body":null,"ContentType":null,"ContentLength":null,"IsHttps":false,"Host":{"Port":7000,"Host":"localhost"},"Method":"GET"}

[2020-01-07T19:10:49.4054384Z][Information][Middleware]
{"QueryString":"","Body":null,"ContentType":null,"ContentLength":null,"IsHttps":false,"Host":{"Port":7000,"Host":"localhost"},"Method":"GET"}

[2020-01-07T19:10:49.4068166Z][Information][Middleware]
{"QueryString":"","Body":null,"ContentType":null,"ContentLength":null,"IsHttps":false,"Host":{"Port":7000,"Host":"localhost"},"Method":"GET"}

[2020-01-07T19:10:49.4068662Z][Information][Middleware]
{"QueryString":"?properties=name,surname,middleName,","Body":null,"ContentType":null,"ContentLength":null,"IsHttps":false,"Host":{"Port":7000,"Host":"localhost"},"Method":"GET"}

[2020-01-07T19:10:56.8704801Z][Information][Middleware]
{"QueryString":"","Body":null,"ContentType":null,"ContentLength":null,"IsHttps":false,"Host":{"Port":7000,"Host":"localhost"},"Method":"OPTIONS"}

[2020-01-07T19:10:56.8746225Z][Information][Middleware]
{"QueryString":"","Body":null,"ContentType":"application/x-www-form-urlencoded","ContentLength":6,"IsHttps":false,"Host":{"Port":7000,"Host":"localhost"},"Method":"PUT"}

[2020-01-07T19:13:24.2409695Z][Information][Middleware]
{"QueryString":"","Body":null,"ContentType":null,"ContentLength":null,"IsHttps":false,"Host":{"Port":7000,"Host":"localhost"},"Method":"OPTIONS"}

[2020-01-07T19:13:24.2570691Z][Information][Middleware]
{"QueryString":"","Body":null,"ContentType":null,"ContentLength":null,"IsHttps":false,"Host":{"Port":7000,"Host":"localhost"},"Method":"GET"}

[2020-01-07T19:13:31.6425872Z][Information][Middleware]
{"QueryString":"?properties=isAccountVerified,","Body":null,"ContentType":null,"ContentLength":null,"IsHttps":false,"Host":{"Port":7000,"Host":"localhost"},"Method":"OPTIONS"}

[2020-01-07T19:13:31.6543604Z][Information][Middleware]
{"QueryString":"","Body":null,"ContentType":null,"ContentLength":null,"IsHttps":false,"Host":{"Port":7000,"Host":"localhost"},"Method":"OPTIONS"}

[2020-01-07T19:13:31.6547693Z][Information][Middleware]
{"QueryString":"?properties=isAccountVerified,","Body":null,"ContentType":null,"ContentLength":null,"IsHttps":false,"Host":{"Port":7000,"Host":"localhost"},"Method":"GET"}

[2020-01-07T19:13:31.6665809Z][Information][Middleware]
{"QueryString":"","Body":null,"ContentType":null,"ContentLength":null,"IsHttps":false,"Host":{"Port":7000,"Host":"localhost"},"Method":"OPTIONS"}

[2020-01-07T19:13:31.6730076Z][Information][Middleware]
{"QueryString":"","Body":null,"ContentType":null,"ContentLength":null,"IsHttps":false,"Host":{"Port":7000,"Host":"localhost"},"Method":"OPTIONS"}

[2020-01-07T19:13:31.6730075Z][Information][Middleware]
{"QueryString":"?properties=name,surname,middleName,","Body":null,"ContentType":null,"ContentLength":null,"IsHttps":false,"Host":{"Port":7000,"Host":"localhost"},"Method":"OPTIONS"}

[2020-01-07T19:13:31.6982437Z][Information][Middleware]
{"QueryString":"","Body":null,"ContentType":null,"ContentLength":null,"IsHttps":false,"Host":{"Port":7000,"Host":"localhost"},"Method":"GET"}

[2020-01-07T19:13:31.7018702Z][Information][Middleware]
{"QueryString":"","Body":null,"ContentType":null,"ContentLength":null,"IsHttps":false,"Host":{"Port":7000,"Host":"localhost"},"Method":"GET"}

[2020-01-07T19:13:31.7031903Z][Information][Middleware]
{"QueryString":"?properties=name,surname,middleName,","Body":null,"ContentType":null,"ContentLength":null,"IsHttps":false,"Host":{"Port":7000,"Host":"localhost"},"Method":"GET"}

[2020-01-07T19:13:31.7053594Z][Information][Middleware]
{"QueryString":"","Body":null,"ContentType":null,"ContentLength":null,"IsHttps":false,"Host":{"Port":7000,"Host":"localhost"},"Method":"GET"}

[2020-01-07T19:13:34.9537723Z][Information][Middleware]
{"QueryString":"","Body":null,"ContentType":null,"ContentLength":null,"IsHttps":false,"Host":{"Port":7000,"Host":"localhost"},"Method":"OPTIONS"}

[2020-01-07T19:13:34.9564526Z][Information][Middleware]
{"QueryString":"","Body":null,"ContentType":"application/x-www-form-urlencoded","ContentLength":3,"IsHttps":false,"Host":{"Port":7000,"Host":"localhost"},"Method":"PUT"}

[2020-01-07T19:13:56.0054448Z][Information][Middleware]
{"QueryString":"","Body":null,"ContentType":null,"ContentLength":null,"IsHttps":false,"Host":{"Port":7000,"Host":"localhost"},"Method":"OPTIONS"}

[2020-01-07T19:13:56.0086074Z][Information][Middleware]
{"QueryString":"","Body":null,"ContentType":null,"ContentLength":null,"IsHttps":false,"Host":{"Port":7000,"Host":"localhost"},"Method":"GET"}

[2020-01-07T19:14:02.7357478Z][Information][Middleware]
{"QueryString":"?properties=isAccountVerified,","Body":null,"ContentType":null,"ContentLength":null,"IsHttps":false,"Host":{"Port":7000,"Host":"localhost"},"Method":"OPTIONS"}

[2020-01-07T19:14:02.7586651Z][Information][Middleware]
{"QueryString":"?properties=isAccountVerified,","Body":null,"ContentType":null,"ContentLength":null,"IsHttps":false,"Host":{"Port":7000,"Host":"localhost"},"Method":"GET"}

[2020-01-07T19:14:02.7588921Z][Information][Middleware]
{"QueryString":"","Body":null,"ContentType":null,"ContentLength":null,"IsHttps":false,"Host":{"Port":7000,"Host":"localhost"},"Method":"OPTIONS"}

[2020-01-07T19:14:02.7591939Z][Information][Middleware]
{"QueryString":"","Body":null,"ContentType":null,"ContentLength":null,"IsHttps":false,"Host":{"Port":7000,"Host":"localhost"},"Method":"OPTIONS"}

[2020-01-07T19:14:02.7594171Z][Information][Middleware]
{"QueryString":"","Body":null,"ContentType":null,"ContentLength":null,"IsHttps":false,"Host":{"Port":7000,"Host":"localhost"},"Method":"OPTIONS"}

[2020-01-07T19:14:02.7595724Z][Information][Middleware]
{"QueryString":"?properties=name,surname,middleName,","Body":null,"ContentType":null,"ContentLength":null,"IsHttps":false,"Host":{"Port":7000,"Host":"localhost"},"Method":"OPTIONS"}

[2020-01-07T19:14:02.7616338Z][Information][Middleware]
{"QueryString":"","Body":null,"ContentType":null,"ContentLength":null,"IsHttps":false,"Host":{"Port":7000,"Host":"localhost"},"Method":"GET"}

[2020-01-07T19:14:02.7623528Z][Information][Middleware]
{"QueryString":"","Body":null,"ContentType":null,"ContentLength":null,"IsHttps":false,"Host":{"Port":7000,"Host":"localhost"},"Method":"GET"}

[2020-01-07T19:14:02.7680778Z][Information][Middleware]
{"QueryString":"?properties=name,surname,middleName,","Body":null,"ContentType":null,"ContentLength":null,"IsHttps":false,"Host":{"Port":7000,"Host":"localhost"},"Method":"GET"}

[2020-01-07T19:14:02.8060895Z][Information][Middleware]
{"QueryString":"","Body":null,"ContentType":null,"ContentLength":null,"IsHttps":false,"Host":{"Port":7000,"Host":"localhost"},"Method":"GET"}

[2020-01-07T19:14:05.0696920Z][Information][Middleware]
{"QueryString":"","Body":null,"ContentType":null,"ContentLength":null,"IsHttps":false,"Host":{"Port":7000,"Host":"localhost"},"Method":"OPTIONS"}

[2020-01-07T19:14:05.0734842Z][Information][Middleware]
{"QueryString":"","Body":null,"ContentType":"application/x-www-form-urlencoded","ContentLength":3,"IsHttps":false,"Host":{"Port":7000,"Host":"localhost"},"Method":"PUT"}

[2020-01-07T19:14:16.5526708Z][Information][Middleware]
{"QueryString":"","Body":null,"ContentType":null,"ContentLength":null,"IsHttps":false,"Host":{"Port":7000,"Host":"localhost"},"Method":"OPTIONS"}

[2020-01-07T19:14:16.5601459Z][Information][Middleware]
{"QueryString":"","Body":null,"ContentType":null,"ContentLength":null,"IsHttps":false,"Host":{"Port":7000,"Host":"localhost"},"Method":"GET"}

[2020-01-07T19:14:17.4707687Z][Information][Middleware]
{"QueryString":"","Body":null,"ContentType":null,"ContentLength":null,"IsHttps":false,"Host":{"Port":7000,"Host":"localhost"},"Method":"OPTIONS"}

[2020-01-07T19:14:17.4733952Z][Information][Middleware]
{"QueryString":"","Body":null,"ContentType":null,"ContentLength":null,"IsHttps":false,"Host":{"Port":7000,"Host":"localhost"},"Method":"GET"}

[2020-01-07T19:14:20.7862131Z][Information][Middleware]
{"QueryString":"?properties=isAccountVerified,","Body":null,"ContentType":null,"ContentLength":null,"IsHttps":false,"Host":{"Port":7000,"Host":"localhost"},"Method":"OPTIONS"}

[2020-01-07T19:14:20.8179610Z][Information][Middleware]
{"QueryString":"?properties=isAccountVerified,","Body":null,"ContentType":null,"ContentLength":null,"IsHttps":false,"Host":{"Port":7000,"Host":"localhost"},"Method":"GET"}

[2020-01-07T19:14:20.8181801Z][Information][Middleware]
{"QueryString":"","Body":null,"ContentType":null,"ContentLength":null,"IsHttps":false,"Host":{"Port":7000,"Host":"localhost"},"Method":"OPTIONS"}

[2020-01-07T19:14:20.8181789Z][Information][Middleware]
{"QueryString":"","Body":null,"ContentType":null,"ContentLength":null,"IsHttps":false,"Host":{"Port":7000,"Host":"localhost"},"Method":"OPTIONS"}

[2020-01-07T19:14:20.8185104Z][Information][Middleware]
{"QueryString":"","Body":null,"ContentType":null,"ContentLength":null,"IsHttps":false,"Host":{"Port":7000,"Host":"localhost"},"Method":"OPTIONS"}

[2020-01-07T19:14:20.8194778Z][Information][Middleware]
{"QueryString":"?properties=name,surname,middleName,","Body":null,"ContentType":null,"ContentLength":null,"IsHttps":false,"Host":{"Port":7000,"Host":"localhost"},"Method":"OPTIONS"}

[2020-01-07T19:14:20.8204193Z][Information][Middleware]
{"QueryString":"","Body":null,"ContentType":null,"ContentLength":null,"IsHttps":false,"Host":{"Port":7000,"Host":"localhost"},"Method":"GET"}

[2020-01-07T19:14:20.8264444Z][Information][Middleware]
{"QueryString":"?properties=name,surname,middleName,","Body":null,"ContentType":null,"ContentLength":null,"IsHttps":false,"Host":{"Port":7000,"Host":"localhost"},"Method":"GET"}

[2020-01-07T19:14:20.8384865Z][Information][Middleware]
{"QueryString":"","Body":null,"ContentType":null,"ContentLength":null,"IsHttps":false,"Host":{"Port":7000,"Host":"localhost"},"Method":"GET"}

[2020-01-07T19:14:20.8542982Z][Information][Middleware]
{"QueryString":"","Body":null,"ContentType":null,"ContentLength":null,"IsHttps":false,"Host":{"Port":7000,"Host":"localhost"},"Method":"GET"}

[2020-01-07T19:14:23.9322208Z][Information][Middleware]
{"QueryString":"","Body":null,"ContentType":null,"ContentLength":null,"IsHttps":false,"Host":{"Port":7000,"Host":"localhost"},"Method":"OPTIONS"}

[2020-01-07T19:14:23.9342085Z][Information][Middleware]
{"QueryString":"","Body":null,"ContentType":"application/x-www-form-urlencoded","ContentLength":3,"IsHttps":false,"Host":{"Port":7000,"Host":"localhost"},"Method":"PUT"}

[2020-01-07T19:14:58.2974209Z][Information][Middleware]
{"QueryString":"","Body":null,"ContentType":null,"ContentLength":null,"IsHttps":false,"Host":{"Port":7000,"Host":"localhost"},"Method":"OPTIONS"}

[2020-01-07T19:14:58.3839163Z][Information][Middleware]
{"QueryString":"","Body":null,"ContentType":null,"ContentLength":null,"IsHttps":false,"Host":{"Port":7000,"Host":"localhost"},"Method":"GET"}

[2020-01-07T19:15:23.5929854Z][Information][Middleware]
{"QueryString":"","Body":null,"ContentType":null,"ContentLength":null,"IsHttps":false,"Host":{"Port":7000,"Host":"localhost"},"Method":"OPTIONS"}

[2020-01-07T19:15:23.5969709Z][Information][Middleware]
{"QueryString":"","Body":null,"ContentType":null,"ContentLength":null,"IsHttps":false,"Host":{"Port":7000,"Host":"localhost"},"Method":"GET"}

[2020-01-07T19:15:27.5133550Z][Information][Middleware]
{"QueryString":"?properties=isAccountVerified,","Body":null,"ContentType":null,"ContentLength":null,"IsHttps":false,"Host":{"Port":7000,"Host":"localhost"},"Method":"OPTIONS"}

[2020-01-07T19:15:27.5226361Z][Information][Middleware]
{"QueryString":"","Body":null,"ContentType":null,"ContentLength":null,"IsHttps":false,"Host":{"Port":7000,"Host":"localhost"},"Method":"OPTIONS"}

[2020-01-07T19:15:27.5253617Z][Information][Middleware]
{"QueryString":"?properties=isAccountVerified,","Body":null,"ContentType":null,"ContentLength":null,"IsHttps":false,"Host":{"Port":7000,"Host":"localhost"},"Method":"GET"}

[2020-01-07T19:15:27.5328812Z][Information][Middleware]
{"QueryString":"","Body":null,"ContentType":null,"ContentLength":null,"IsHttps":false,"Host":{"Port":7000,"Host":"localhost"},"Method":"GET"}

[2020-01-07T19:15:27.5328813Z][Information][Middleware]
{"QueryString":"","Body":null,"ContentType":null,"ContentLength":null,"IsHttps":false,"Host":{"Port":7000,"Host":"localhost"},"Method":"OPTIONS"}

[2020-01-07T19:15:27.5509556Z][Information][Middleware]
{"QueryString":"","Body":null,"ContentType":null,"ContentLength":null,"IsHttps":false,"Host":{"Port":7000,"Host":"localhost"},"Method":"OPTIONS"}

[2020-01-07T19:15:27.5571260Z][Information][Middleware]
{"QueryString":"","Body":null,"ContentType":null,"ContentLength":null,"IsHttps":false,"Host":{"Port":7000,"Host":"localhost"},"Method":"GET"}

[2020-01-07T19:15:27.5574719Z][Information][Middleware]
{"QueryString":"?properties=name,surname,middleName,","Body":null,"ContentType":null,"ContentLength":null,"IsHttps":false,"Host":{"Port":7000,"Host":"localhost"},"Method":"OPTIONS"}

[2020-01-07T19:15:27.5681911Z][Information][Middleware]
{"QueryString":"","Body":null,"ContentType":null,"ContentLength":null,"IsHttps":false,"Host":{"Port":7000,"Host":"localhost"},"Method":"GET"}

[2020-01-07T19:15:27.5693517Z][Information][Middleware]
{"QueryString":"?properties=name,surname,middleName,","Body":null,"ContentType":null,"ContentLength":null,"IsHttps":false,"Host":{"Port":7000,"Host":"localhost"},"Method":"GET"}

[2020-01-07T19:15:29.4540142Z][Information][Middleware]
{"QueryString":"","Body":null,"ContentType":null,"ContentLength":null,"IsHttps":false,"Host":{"Port":7000,"Host":"localhost"},"Method":"OPTIONS"}

[2020-01-07T19:15:29.4572616Z][Information][Middleware]
{"QueryString":"","Body":null,"ContentType":"application/x-www-form-urlencoded","ContentLength":3,"IsHttps":false,"Host":{"Port":7000,"Host":"localhost"},"Method":"PUT"}

[2020-01-07T19:15:43.9815596Z][Information][Middleware]
{"QueryString":"","Body":null,"ContentType":null,"ContentLength":null,"IsHttps":false,"Host":{"Port":7000,"Host":"localhost"},"Method":"OPTIONS"}

[2020-01-07T19:15:43.9838836Z][Information][Middleware]
{"QueryString":"","Body":null,"ContentType":null,"ContentLength":null,"IsHttps":false,"Host":{"Port":7000,"Host":"localhost"},"Method":"GET"}

[2020-01-07T19:15:44.8903902Z][Information][Middleware]
{"QueryString":"","Body":null,"ContentType":null,"ContentLength":null,"IsHttps":false,"Host":{"Port":7000,"Host":"localhost"},"Method":"OPTIONS"}

[2020-01-07T19:15:44.9142094Z][Information][Middleware]
{"QueryString":"","Body":null,"ContentType":null,"ContentLength":null,"IsHttps":false,"Host":{"Port":7000,"Host":"localhost"},"Method":"GET"}

[2020-01-07T19:15:48.2302752Z][Information][Middleware]
{"QueryString":"?properties=isAccountVerified,","Body":null,"ContentType":null,"ContentLength":null,"IsHttps":false,"Host":{"Port":7000,"Host":"localhost"},"Method":"OPTIONS"}

[2020-01-07T19:15:48.2469037Z][Information][Middleware]
{"QueryString":"?properties=isAccountVerified,","Body":null,"ContentType":null,"ContentLength":null,"IsHttps":false,"Host":{"Port":7000,"Host":"localhost"},"Method":"GET"}

[2020-01-07T19:15:48.2469766Z][Information][Middleware]
{"QueryString":"","Body":null,"ContentType":null,"ContentLength":null,"IsHttps":false,"Host":{"Port":7000,"Host":"localhost"},"Method":"OPTIONS"}

[2020-01-07T19:15:48.2472649Z][Information][Middleware]
{"QueryString":"","Body":null,"ContentType":null,"ContentLength":null,"IsHttps":false,"Host":{"Port":7000,"Host":"localhost"},"Method":"OPTIONS"}

[2020-01-07T19:15:48.2516770Z][Information][Middleware]
{"QueryString":"","Body":null,"ContentType":null,"ContentLength":null,"IsHttps":false,"Host":{"Port":7000,"Host":"localhost"},"Method":"GET"}

[2020-01-07T19:15:48.2557713Z][Information][Middleware]
{"QueryString":"","Body":null,"ContentType":null,"ContentLength":null,"IsHttps":false,"Host":{"Port":7000,"Host":"localhost"},"Method":"GET"}

[2020-01-07T19:15:48.2760160Z][Information][Middleware]
{"QueryString":"?properties=name,surname,middleName,","Body":null,"ContentType":null,"ContentLength":null,"IsHttps":false,"Host":{"Port":7000,"Host":"localhost"},"Method":"OPTIONS"}

[2020-01-07T19:15:48.3020036Z][Information][Middleware]
{"QueryString":"","Body":null,"ContentType":null,"ContentLength":null,"IsHttps":false,"Host":{"Port":7000,"Host":"localhost"},"Method":"OPTIONS"}

[2020-01-07T19:15:48.3042381Z][Information][Middleware]
{"QueryString":"","Body":null,"ContentType":null,"ContentLength":null,"IsHttps":false,"Host":{"Port":7000,"Host":"localhost"},"Method":"GET"}

[2020-01-07T19:15:48.3340192Z][Information][Middleware]
{"QueryString":"?properties=name,surname,middleName,","Body":null,"ContentType":null,"ContentLength":null,"IsHttps":false,"Host":{"Port":7000,"Host":"localhost"},"Method":"GET"}

[2020-01-07T19:15:50.3378798Z][Information][Middleware]
{"QueryString":"","Body":null,"ContentType":null,"ContentLength":null,"IsHttps":false,"Host":{"Port":7000,"Host":"localhost"},"Method":"OPTIONS"}

[2020-01-07T19:15:50.3400321Z][Information][Middleware]
{"QueryString":"","Body":null,"ContentType":"application/x-www-form-urlencoded","ContentLength":1,"IsHttps":false,"Host":{"Port":7000,"Host":"localhost"},"Method":"PUT"}

[2020-01-07T19:15:53.8154017Z][Information][Middleware]
{"QueryString":"","Body":null,"ContentType":null,"ContentLength":null,"IsHttps":false,"Host":{"Port":7000,"Host":"localhost"},"Method":"OPTIONS"}

[2020-01-07T19:15:53.8421098Z][Information][Middleware]
{"QueryString":"","Body":null,"ContentType":null,"ContentLength":null,"IsHttps":false,"Host":{"Port":7000,"Host":"localhost"},"Method":"GET"}

[2020-01-07T19:16:18.6946689Z][Information][Middleware]
{"QueryString":"","Body":null,"ContentType":null,"ContentLength":null,"IsHttps":false,"Host":{"Port":7000,"Host":"localhost"},"Method":"OPTIONS"}

[2020-01-07T19:16:18.7647782Z][Information][Middleware]
{"QueryString":"","Body":null,"ContentType":null,"ContentLength":null,"IsHttps":false,"Host":{"Port":7000,"Host":"localhost"},"Method":"GET"}

[2020-01-07T19:16:22.1574453Z][Information][Middleware]
{"QueryString":"?properties=isAccountVerified,","Body":null,"ContentType":null,"ContentLength":null,"IsHttps":false,"Host":{"Port":7000,"Host":"localhost"},"Method":"OPTIONS"}

[2020-01-07T19:16:22.1599377Z][Information][Middleware]
{"QueryString":"","Body":null,"ContentType":null,"ContentLength":null,"IsHttps":false,"Host":{"Port":7000,"Host":"localhost"},"Method":"OPTIONS"}

[2020-01-07T19:16:22.1620536Z][Information][Middleware]
{"QueryString":"?properties=isAccountVerified,","Body":null,"ContentType":null,"ContentLength":null,"IsHttps":false,"Host":{"Port":7000,"Host":"localhost"},"Method":"GET"}

[2020-01-07T19:16:22.1638053Z][Information][Middleware]
{"QueryString":"","Body":null,"ContentType":null,"ContentLength":null,"IsHttps":false,"Host":{"Port":7000,"Host":"localhost"},"Method":"OPTIONS"}

[2020-01-07T19:16:22.1647655Z][Information][Middleware]
{"QueryString":"","Body":null,"ContentType":null,"ContentLength":null,"IsHttps":false,"Host":{"Port":7000,"Host":"localhost"},"Method":"GET"}

[2020-01-07T19:16:22.1654718Z][Information][Middleware]
{"QueryString":"","Body":null,"ContentType":null,"ContentLength":null,"IsHttps":false,"Host":{"Port":7000,"Host":"localhost"},"Method":"OPTIONS"}

[2020-01-07T19:16:22.1772181Z][Information][Middleware]
{"QueryString":"","Body":null,"ContentType":null,"ContentLength":null,"IsHttps":false,"Host":{"Port":7000,"Host":"localhost"},"Method":"GET"}

[2020-01-07T19:16:22.1772515Z][Information][Middleware]
{"QueryString":"","Body":null,"ContentType":null,"ContentLength":null,"IsHttps":false,"Host":{"Port":7000,"Host":"localhost"},"Method":"GET"}

[2020-01-07T19:16:22.1805527Z][Information][Middleware]
{"QueryString":"?properties=name,surname,middleName,","Body":null,"ContentType":null,"ContentLength":null,"IsHttps":false,"Host":{"Port":7000,"Host":"localhost"},"Method":"OPTIONS"}

[2020-01-07T19:16:22.1836960Z][Information][Middleware]
{"QueryString":"?properties=name,surname,middleName,","Body":null,"ContentType":null,"ContentLength":null,"IsHttps":false,"Host":{"Port":7000,"Host":"localhost"},"Method":"GET"}

[2020-01-07T19:16:24.3821057Z][Information][Middleware]
{"QueryString":"","Body":null,"ContentType":null,"ContentLength":null,"IsHttps":false,"Host":{"Port":7000,"Host":"localhost"},"Method":"OPTIONS"}

[2020-01-07T19:16:24.4053276Z][Information][Middleware]
{"QueryString":"","Body":null,"ContentType":"application/x-www-form-urlencoded","ContentLength":3,"IsHttps":false,"Host":{"Port":7000,"Host":"localhost"},"Method":"PUT"}

[2020-01-07T19:16:34.2635908Z][Information][Middleware]
{"QueryString":"","Body":null,"ContentType":null,"ContentLength":null,"IsHttps":false,"Host":{"Port":7000,"Host":"localhost"},"Method":"OPTIONS"}

[2020-01-07T19:16:34.2789584Z][Information][Middleware]
{"QueryString":"","Body":null,"ContentType":null,"ContentLength":null,"IsHttps":false,"Host":{"Port":7000,"Host":"localhost"},"Method":"GET"}

[2020-01-07T19:16:38.2010643Z][Information][Middleware]
{"QueryString":"?properties=isAccountVerified,","Body":null,"ContentType":null,"ContentLength":null,"IsHttps":false,"Host":{"Port":7000,"Host":"localhost"},"Method":"OPTIONS"}

[2020-01-07T19:16:38.2014071Z][Information][Middleware]
{"QueryString":"","Body":null,"ContentType":null,"ContentLength":null,"IsHttps":false,"Host":{"Port":7000,"Host":"localhost"},"Method":"OPTIONS"}

[2020-01-07T19:16:38.2014510Z][Information][Middleware]
{"QueryString":"","Body":null,"ContentType":null,"ContentLength":null,"IsHttps":false,"Host":{"Port":7000,"Host":"localhost"},"Method":"OPTIONS"}

[2020-01-07T19:16:38.2113046Z][Information][Middleware]
{"QueryString":"","Body":null,"ContentType":null,"ContentLength":null,"IsHttps":false,"Host":{"Port":7000,"Host":"localhost"},"Method":"OPTIONS"}

[2020-01-07T19:16:38.2115169Z][Information][Middleware]
{"QueryString":"","Body":null,"ContentType":null,"ContentLength":null,"IsHttps":false,"Host":{"Port":7000,"Host":"localhost"},"Method":"GET"}

[2020-01-07T19:16:38.2116562Z][Information][Middleware]
{"QueryString":"?properties=isAccountVerified,","Body":null,"ContentType":null,"ContentLength":null,"IsHttps":false,"Host":{"Port":7000,"Host":"localhost"},"Method":"GET"}

[2020-01-07T19:16:38.2294097Z][Information][Middleware]
{"QueryString":"","Body":null,"ContentType":null,"ContentLength":null,"IsHttps":false,"Host":{"Port":7000,"Host":"localhost"},"Method":"GET"}

[2020-01-07T19:16:38.2400379Z][Information][Middleware]
{"QueryString":"?properties=name,surname,middleName,","Body":null,"ContentType":null,"ContentLength":null,"IsHttps":false,"Host":{"Port":7000,"Host":"localhost"},"Method":"OPTIONS"}

[2020-01-07T19:16:38.2428160Z][Information][Middleware]
{"QueryString":"?properties=name,surname,middleName,","Body":null,"ContentType":null,"ContentLength":null,"IsHttps":false,"Host":{"Port":7000,"Host":"localhost"},"Method":"GET"}

[2020-01-07T19:16:38.2482221Z][Information][Middleware]
{"QueryString":"","Body":null,"ContentType":null,"ContentLength":null,"IsHttps":false,"Host":{"Port":7000,"Host":"localhost"},"Method":"GET"}

[2020-01-07T19:16:39.6744832Z][Information][Middleware]
{"QueryString":"","Body":null,"ContentType":null,"ContentLength":null,"IsHttps":false,"Host":{"Port":7000,"Host":"localhost"},"Method":"OPTIONS"}

[2020-01-07T19:16:39.6899912Z][Information][Middleware]
{"QueryString":"","Body":null,"ContentType":"application/x-www-form-urlencoded","ContentLength":3,"IsHttps":false,"Host":{"Port":7000,"Host":"localhost"},"Method":"PUT"}

[2020-01-07T19:17:31.3858067Z][Information][Middleware]
{"QueryString":"","Body":null,"ContentType":null,"ContentLength":null,"IsHttps":false,"Host":{"Port":7000,"Host":"localhost"},"Method":"OPTIONS"}

[2020-01-07T19:17:31.4816825Z][Information][Middleware]
{"QueryString":"","Body":null,"ContentType":null,"ContentLength":null,"IsHttps":false,"Host":{"Port":7000,"Host":"localhost"},"Method":"GET"}

[2020-01-07T19:17:35.0310316Z][Information][Middleware]
{"QueryString":"?properties=isAccountVerified,","Body":null,"ContentType":null,"ContentLength":null,"IsHttps":false,"Host":{"Port":7000,"Host":"localhost"},"Method":"OPTIONS"}

[2020-01-07T19:17:35.0460334Z][Information][Middleware]
{"QueryString":"?properties=isAccountVerified,","Body":null,"ContentType":null,"ContentLength":null,"IsHttps":false,"Host":{"Port":7000,"Host":"localhost"},"Method":"GET"}

[2020-01-07T19:17:35.0461225Z][Information][Middleware]
{"QueryString":"","Body":null,"ContentType":null,"ContentLength":null,"IsHttps":false,"Host":{"Port":7000,"Host":"localhost"},"Method":"OPTIONS"}

[2020-01-07T19:17:35.0617964Z][Information][Middleware]
{"QueryString":"","Body":null,"ContentType":null,"ContentLength":null,"IsHttps":false,"Host":{"Port":7000,"Host":"localhost"},"Method":"OPTIONS"}

[2020-01-07T19:17:35.1378514Z][Information][Middleware]
{"QueryString":"","Body":null,"ContentType":null,"ContentLength":null,"IsHttps":false,"Host":{"Port":7000,"Host":"localhost"},"Method":"OPTIONS"}

[2020-01-07T19:17:35.2316743Z][Information][Middleware]
{"QueryString":"","Body":null,"ContentType":null,"ContentLength":null,"IsHttps":false,"Host":{"Port":7000,"Host":"localhost"},"Method":"GET"}

[2020-01-07T19:17:35.2317174Z][Information][Middleware]
{"QueryString":"","Body":null,"ContentType":null,"ContentLength":null,"IsHttps":false,"Host":{"Port":7000,"Host":"localhost"},"Method":"GET"}

[2020-01-07T19:17:35.2317530Z][Information][Middleware]
{"QueryString":"","Body":null,"ContentType":null,"ContentLength":null,"IsHttps":false,"Host":{"Port":7000,"Host":"localhost"},"Method":"GET"}

[2020-01-07T19:17:35.2323466Z][Information][Middleware]
{"QueryString":"?properties=name,surname,middleName,","Body":null,"ContentType":null,"ContentLength":null,"IsHttps":false,"Host":{"Port":7000,"Host":"localhost"},"Method":"OPTIONS"}

[2020-01-07T19:17:35.2345154Z][Information][Middleware]
{"QueryString":"?properties=name,surname,middleName,","Body":null,"ContentType":null,"ContentLength":null,"IsHttps":false,"Host":{"Port":7000,"Host":"localhost"},"Method":"GET"}

[2020-01-07T19:17:36.6199617Z][Information][Middleware]
{"QueryString":"","Body":null,"ContentType":null,"ContentLength":null,"IsHttps":false,"Host":{"Port":7000,"Host":"localhost"},"Method":"OPTIONS"}

[2020-01-07T19:17:36.6228051Z][Information][Middleware]
{"QueryString":"","Body":null,"ContentType":"application/x-www-form-urlencoded","ContentLength":3,"IsHttps":false,"Host":{"Port":7000,"Host":"localhost"},"Method":"PUT"}

[2020-01-07T19:17:49.7122397Z][Information][Middleware]
{"QueryString":"","Body":null,"ContentType":null,"ContentLength":null,"IsHttps":false,"Host":{"Port":7000,"Host":"localhost"},"Method":"OPTIONS"}

[2020-01-07T19:17:49.7192515Z][Information][Middleware]
{"QueryString":"","Body":null,"ContentType":null,"ContentLength":null,"IsHttps":false,"Host":{"Port":7000,"Host":"localhost"},"Method":"GET"}

[2020-01-07T19:17:53.5262699Z][Information][Middleware]
{"QueryString":"?properties=isAccountVerified,","Body":null,"ContentType":null,"ContentLength":null,"IsHttps":false,"Host":{"Port":7000,"Host":"localhost"},"Method":"OPTIONS"}

[2020-01-07T19:17:53.5381574Z][Information][Middleware]
{"QueryString":"?properties=isAccountVerified,","Body":null,"ContentType":null,"ContentLength":null,"IsHttps":false,"Host":{"Port":7000,"Host":"localhost"},"Method":"GET"}

[2020-01-07T19:17:53.5390293Z][Information][Middleware]
{"QueryString":"","Body":null,"ContentType":null,"ContentLength":null,"IsHttps":false,"Host":{"Port":7000,"Host":"localhost"},"Method":"OPTIONS"}

[2020-01-07T19:17:53.5586259Z][Information][Middleware]
{"QueryString":"","Body":null,"ContentType":null,"ContentLength":null,"IsHttps":false,"Host":{"Port":7000,"Host":"localhost"},"Method":"OPTIONS"}

[2020-01-07T19:17:53.5587809Z][Information][Middleware]
{"QueryString":"","Body":null,"ContentType":null,"ContentLength":null,"IsHttps":false,"Host":{"Port":7000,"Host":"localhost"},"Method":"GET"}

[2020-01-07T19:17:53.5588242Z][Information][Middleware]
{"QueryString":"","Body":null,"ContentType":null,"ContentLength":null,"IsHttps":false,"Host":{"Port":7000,"Host":"localhost"},"Method":"OPTIONS"}

[2020-01-07T19:17:53.5589509Z][Information][Middleware]
{"QueryString":"?properties=name,surname,middleName,","Body":null,"ContentType":null,"ContentLength":null,"IsHttps":false,"Host":{"Port":7000,"Host":"localhost"},"Method":"OPTIONS"}

[2020-01-07T19:17:53.5623869Z][Information][Middleware]
{"QueryString":"","Body":null,"ContentType":null,"ContentLength":null,"IsHttps":false,"Host":{"Port":7000,"Host":"localhost"},"Method":"GET"}

[2020-01-07T19:17:53.5631869Z][Information][Middleware]
{"QueryString":"","Body":null,"ContentType":null,"ContentLength":null,"IsHttps":false,"Host":{"Port":7000,"Host":"localhost"},"Method":"GET"}

[2020-01-07T19:17:53.5638648Z][Information][Middleware]
{"QueryString":"?properties=name,surname,middleName,","Body":null,"ContentType":null,"ContentLength":null,"IsHttps":false,"Host":{"Port":7000,"Host":"localhost"},"Method":"GET"}

[2020-01-07T19:17:55.0738476Z][Information][Middleware]
{"QueryString":"","Body":null,"ContentType":null,"ContentLength":null,"IsHttps":false,"Host":{"Port":7000,"Host":"localhost"},"Method":"OPTIONS"}

[2020-01-07T19:17:55.0760168Z][Information][Middleware]
{"QueryString":"","Body":null,"ContentType":"application/x-www-form-urlencoded","ContentLength":3,"IsHttps":false,"Host":{"Port":7000,"Host":"localhost"},"Method":"PUT"}

[2020-01-07T19:17:55.1229659Z][Information][Middleware]
{"QueryString":"","Body":null,"ContentType":null,"ContentLength":null,"IsHttps":false,"Host":{"Port":7000,"Host":"localhost"},"Method":"OPTIONS"}

[2020-01-07T19:17:55.1326117Z][Information][Middleware]
{"QueryString":"","Body":null,"ContentType":null,"ContentLength":null,"IsHttps":false,"Host":{"Port":7000,"Host":"localhost"},"Method":"GET"}

[2020-01-07T19:18:18.6263562Z][Information][Middleware]
{"QueryString":"","Body":null,"ContentType":null,"ContentLength":null,"IsHttps":false,"Host":{"Port":7000,"Host":"localhost"},"Method":"OPTIONS"}

[2020-01-07T19:18:19.5958448Z][Information][Middleware]
{"QueryString":"","Body":null,"ContentType":"application/x-www-form-urlencoded","ContentLength":3,"IsHttps":false,"Host":{"Port":7000,"Host":"localhost"},"Method":"PUT"}

[2020-01-07T19:18:26.1399046Z][Information][Middleware]
{"QueryString":"","Body":null,"ContentType":null,"ContentLength":null,"IsHttps":false,"Host":{"Port":7000,"Host":"localhost"},"Method":"OPTIONS"}

[2020-01-07T19:18:26.1484411Z][Information][Middleware]
{"QueryString":"","Body":null,"ContentType":null,"ContentLength":null,"IsHttps":false,"Host":{"Port":7000,"Host":"localhost"},"Method":"GET"}

[2020-01-07T19:18:49.3553471Z][Information][Middleware]
{"QueryString":"?properties=isAccountVerified,","Body":null,"ContentType":null,"ContentLength":null,"IsHttps":false,"Host":{"Port":7000,"Host":"localhost"},"Method":"OPTIONS"}

[2020-01-07T19:18:49.3733868Z][Information][Middleware]
{"QueryString":"?properties=name,surname,middleName,","Body":null,"ContentType":null,"ContentLength":null,"IsHttps":false,"Host":{"Port":7000,"Host":"localhost"},"Method":"OPTIONS"}

[2020-01-07T19:18:49.3733858Z][Information][Middleware]
{"QueryString":"","Body":null,"ContentType":null,"ContentLength":null,"IsHttps":false,"Host":{"Port":7000,"Host":"localhost"},"Method":"OPTIONS"}

[2020-01-07T19:18:49.3934166Z][Information][Middleware]
{"QueryString":"","Body":null,"ContentType":null,"ContentLength":null,"IsHttps":false,"Host":{"Port":7000,"Host":"localhost"},"Method":"OPTIONS"}

[2020-01-07T19:18:49.3934511Z][Information][Middleware]
{"QueryString":"","Body":null,"ContentType":null,"ContentLength":null,"IsHttps":false,"Host":{"Port":7000,"Host":"localhost"},"Method":"GET"}

[2020-01-07T19:18:49.3937687Z][Information][Middleware]
{"QueryString":"?properties=name,surname,middleName,","Body":null,"ContentType":null,"ContentLength":null,"IsHttps":false,"Host":{"Port":7000,"Host":"localhost"},"Method":"GET"}

[2020-01-07T19:18:49.3940873Z][Information][Middleware]
{"QueryString":"?properties=isAccountVerified,","Body":null,"ContentType":null,"ContentLength":null,"IsHttps":false,"Host":{"Port":7000,"Host":"localhost"},"Method":"GET"}

[2020-01-07T19:18:49.4018302Z][Information][Middleware]
{"QueryString":"","Body":null,"ContentType":null,"ContentLength":null,"IsHttps":false,"Host":{"Port":7000,"Host":"localhost"},"Method":"OPTIONS"}

[2020-01-07T19:18:49.4034278Z][Information][Middleware]
{"QueryString":"","Body":null,"ContentType":null,"ContentLength":null,"IsHttps":false,"Host":{"Port":7000,"Host":"localhost"},"Method":"GET"}

[2020-01-07T19:18:49.4047002Z][Information][Middleware]
{"QueryString":"","Body":null,"ContentType":null,"ContentLength":null,"IsHttps":false,"Host":{"Port":7000,"Host":"localhost"},"Method":"GET"}

[2020-01-07T19:19:01.3219734Z][Information][Middleware]
{"QueryString":"?properties=country,city,","Body":null,"ContentType":null,"ContentLength":null,"IsHttps":false,"Host":{"Port":7000,"Host":"localhost"},"Method":"OPTIONS"}

[2020-01-07T19:19:01.3392191Z][Information][Middleware]
{"QueryString":"?properties=country,city,","Body":null,"ContentType":null,"ContentLength":null,"IsHttps":false,"Host":{"Port":7000,"Host":"localhost"},"Method":"GET"}

[2020-01-07T19:19:13.5808439Z][Information][Middleware]
{"QueryString":"","Body":null,"ContentType":null,"ContentLength":null,"IsHttps":false,"Host":{"Port":7000,"Host":"localhost"},"Method":"OPTIONS"}

[2020-01-07T19:19:13.5896057Z][Information][Middleware]
{"QueryString":"","Body":null,"ContentType":"application/json;charset=utf-8","ContentLength":36,"IsHttps":false,"Host":{"Port":7000,"Host":"localhost"},"Method":"PUT"}

[2020-01-07T19:19:44.0406661Z][Information][Middleware]
{"QueryString":"","Body":null,"ContentType":null,"ContentLength":null,"IsHttps":false,"Host":{"Port":7000,"Host":"localhost"},"Method":"OPTIONS"}

[2020-01-07T19:19:44.0889876Z][Information][Middleware]
{"QueryString":"","Body":null,"ContentType":null,"ContentLength":null,"IsHttps":false,"Host":{"Port":7000,"Host":"localhost"},"Method":"GET"}

