[2020-01-06T18:31:03.9364391Z][Information][Middleware]
{"QueryString":"","Body":null,"ContentType":null,"ContentLength":null,"IsHttps":false,"Host":{"Port":7000,"Host":"localhost"},"Method":"OPTIONS"}

[2020-01-06T18:31:05.3577131Z][Information][Middleware]
{"QueryString":"","Body":null,"ContentType":null,"ContentLength":null,"IsHttps":false,"Host":{"Port":7000,"Host":"localhost"},"Method":"GET"}

[2020-01-06T18:31:20.2760669Z][Information][Middleware]
{"QueryString":"?email=aerooneQ@yandex.ru&password=AeroOne123","Body":null,"ContentType":null,"ContentLength":null,"IsHttps":false,"Host":{"Port":7000,"Host":"localhost"},"Method":"GET"}

[2020-01-06T18:31:49.9220083Z][Information][Middleware]
{"QueryString":"?email=aerooneQ@yandex.ru&password=AeroOne123","Body":null,"ContentType":null,"ContentLength":0,"IsHttps":false,"Host":{"Port":7000,"Host":"localhost"},"Method":"POST"}

[2020-01-06T18:40:13.8373102Z][Information][Middleware]
{"QueryString":"?email=aerooneQ@yandex.ru&password=AeroOne123","Body":null,"ContentType":null,"ContentLength":null,"IsHttps":false,"Host":{"Port":7000,"Host":"localhost"},"Method":"GET"}

[2020-01-06T18:40:18.1086303Z][Information][Middleware]
{"QueryString":"?properties=isAccountVerified,","Body":null,"ContentType":null,"ContentLength":null,"IsHttps":false,"Host":{"Port":7000,"Host":"localhost"},"Method":"OPTIONS"}

[2020-01-06T18:40:18.1296800Z][Information][Middleware]
{"QueryString":"","Body":null,"ContentType":null,"ContentLength":null,"IsHttps":false,"Host":{"Port":7000,"Host":"localhost"},"Method":"OPTIONS"}

[2020-01-06T18:40:18.1460555Z][Information][Middleware]
{"QueryString":"","Body":null,"ContentType":null,"ContentLength":null,"IsHttps":false,"Host":{"Port":7000,"Host":"localhost"},"Method":"OPTIONS"}

[2020-01-06T18:40:18.1617363Z][Information][Middleware]
{"QueryString":"","Body":null,"ContentType":null,"ContentLength":null,"IsHttps":false,"Host":{"Port":7000,"Host":"localhost"},"Method":"OPTIONS"}

[2020-01-06T18:40:18.1640541Z][Information][Middleware]
{"QueryString":"?properties=name,surname,middleName,","Body":null,"ContentType":null,"ContentLength":null,"IsHttps":false,"Host":{"Port":7000,"Host":"localhost"},"Method":"OPTIONS"}

[2020-01-06T18:40:18.1894167Z][Information][Middleware]
{"QueryString":"?properties=isAccountVerified,","Body":null,"ContentType":null,"ContentLength":null,"IsHttps":false,"Host":{"Port":7000,"Host":"localhost"},"Method":"GET"}

[2020-01-06T18:40:18.2075175Z][Information][Middleware]
{"QueryString":"","Body":null,"ContentType":null,"ContentLength":null,"IsHttps":false,"Host":{"Port":7000,"Host":"localhost"},"Method":"GET"}

[2020-01-06T18:40:18.2132136Z][Information][Middleware]
{"QueryString":"","Body":null,"ContentType":null,"ContentLength":null,"IsHttps":false,"Host":{"Port":7000,"Host":"localhost"},"Method":"GET"}

[2020-01-06T18:40:18.2243234Z][Information][Middleware]
{"QueryString":"","Body":null,"ContentType":null,"ContentLength":null,"IsHttps":false,"Host":{"Port":7000,"Host":"localhost"},"Method":"GET"}

[2020-01-06T18:40:18.2247324Z][Information][Middleware]
{"QueryString":"?properties=name,surname,middleName,","Body":null,"ContentType":null,"ContentLength":null,"IsHttps":false,"Host":{"Port":7000,"Host":"localhost"},"Method":"GET"}

[2020-01-06T18:41:25.8642564Z][Information][Middleware]
{"QueryString":"","Body":null,"ContentType":null,"ContentLength":null,"IsHttps":false,"Host":{"Port":7000,"Host":"localhost"},"Method":"OPTIONS"}

[2020-01-06T18:42:18.1459870Z][Information][Middleware]
{"QueryString":"?email=aerooneQ@yandex.ru&password=AeroOne123","Body":null,"ContentType":null,"ContentLength":null,"IsHttps":false,"Host":{"Port":7000,"Host":"localhost"},"Method":"GET"}

[2020-01-06T18:42:23.7977159Z][Information][Middleware]
{"QueryString":"?properties=isAccountVerified,","Body":null,"ContentType":null,"ContentLength":null,"IsHttps":false,"Host":{"Port":7000,"Host":"localhost"},"Method":"OPTIONS"}

[2020-01-06T18:42:23.8136367Z][Information][Middleware]
{"QueryString":"","Body":null,"ContentType":null,"ContentLength":null,"IsHttps":false,"Host":{"Port":7000,"Host":"localhost"},"Method":"OPTIONS"}

[2020-01-06T18:42:23.8399096Z][Information][Middleware]
{"QueryString":"?properties=isAccountVerified,","Body":null,"ContentType":null,"ContentLength":null,"IsHttps":false,"Host":{"Port":7000,"Host":"localhost"},"Method":"GET"}

[2020-01-06T18:42:23.8506000Z][Information][Middleware]
{"QueryString":"","Body":null,"ContentType":null,"ContentLength":null,"IsHttps":false,"Host":{"Port":7000,"Host":"localhost"},"Method":"OPTIONS"}

[2020-01-06T18:42:23.8547985Z][Information][Middleware]
{"QueryString":"?properties=name,surname,middleName,","Body":null,"ContentType":null,"ContentLength":null,"IsHttps":false,"Host":{"Port":7000,"Host":"localhost"},"Method":"OPTIONS"}

[2020-01-06T18:42:23.8548144Z][Information][Middleware]
{"QueryString":"","Body":null,"ContentType":null,"ContentLength":null,"IsHttps":false,"Host":{"Port":7000,"Host":"localhost"},"Method":"GET"}

[2020-01-06T18:42:23.8621663Z][Information][Middleware]
{"QueryString":"","Body":null,"ContentType":null,"ContentLength":null,"IsHttps":false,"Host":{"Port":7000,"Host":"localhost"},"Method":"OPTIONS"}

[2020-01-06T18:42:23.8695071Z][Information][Middleware]
{"QueryString":"","Body":null,"ContentType":null,"ContentLength":null,"IsHttps":false,"Host":{"Port":7000,"Host":"localhost"},"Method":"GET"}

[2020-01-06T18:42:23.8730234Z][Information][Middleware]
{"QueryString":"?properties=name,surname,middleName,","Body":null,"ContentType":null,"ContentLength":null,"IsHttps":false,"Host":{"Port":7000,"Host":"localhost"},"Method":"GET"}

[2020-01-06T18:42:23.8774414Z][Information][Middleware]
{"QueryString":"","Body":null,"ContentType":null,"ContentLength":null,"IsHttps":false,"Host":{"Port":7000,"Host":"localhost"},"Method":"GET"}

[2020-01-06T18:43:38.1925517Z][Information][Middleware]
{"QueryString":"","Body":null,"ContentType":null,"ContentLength":null,"IsHttps":false,"Host":{"Port":7000,"Host":"localhost"},"Method":"OPTIONS"}

[2020-01-06T18:44:57.2885485Z][Information][Middleware]
{"QueryString":"","Body":null,"ContentType":null,"ContentLength":null,"IsHttps":false,"Host":{"Port":7000,"Host":"localhost"},"Method":"OPTIONS"}

[2020-01-06T18:44:57.3343481Z][Information][Middleware]
{"QueryString":"","Body":null,"ContentType":"application/json;charset=utf-8","ContentLength":786879,"IsHttps":false,"Host":{"Port":7000,"Host":"localhost"},"Method":"PUT"}

[2020-01-06T18:45:13.2778733Z][Information][Middleware]
{"QueryString":"?properties=isAccountVerified,","Body":null,"ContentType":null,"ContentLength":null,"IsHttps":false,"Host":{"Port":7000,"Host":"localhost"},"Method":"OPTIONS"}

[2020-01-06T18:45:13.3183180Z][Information][Middleware]
{"QueryString":"?properties=isAccountVerified,","Body":null,"ContentType":null,"ContentLength":null,"IsHttps":false,"Host":{"Port":7000,"Host":"localhost"},"Method":"GET"}

[2020-01-06T18:45:13.3185986Z][Information][Middleware]
{"QueryString":"","Body":null,"ContentType":null,"ContentLength":null,"IsHttps":false,"Host":{"Port":7000,"Host":"localhost"},"Method":"OPTIONS"}

[2020-01-06T18:45:13.3221989Z][Information][Middleware]
{"QueryString":"?properties=name,surname,middleName,","Body":null,"ContentType":null,"ContentLength":null,"IsHttps":false,"Host":{"Port":7000,"Host":"localhost"},"Method":"OPTIONS"}

[2020-01-06T18:45:13.3325016Z][Information][Middleware]
{"QueryString":"","Body":null,"ContentType":null,"ContentLength":null,"IsHttps":false,"Host":{"Port":7000,"Host":"localhost"},"Method":"OPTIONS"}

[2020-01-06T18:45:13.4864521Z][Information][Middleware]
{"QueryString":"","Body":null,"ContentType":null,"ContentLength":null,"IsHttps":false,"Host":{"Port":7000,"Host":"localhost"},"Method":"GET"}

[2020-01-06T18:45:13.4864521Z][Information][Middleware]
{"QueryString":"?properties=name,surname,middleName,","Body":null,"ContentType":null,"ContentLength":null,"IsHttps":false,"Host":{"Port":7000,"Host":"localhost"},"Method":"GET"}

[2020-01-06T18:45:13.4865294Z][Information][Middleware]
{"QueryString":"","Body":null,"ContentType":null,"ContentLength":null,"IsHttps":false,"Host":{"Port":7000,"Host":"localhost"},"Method":"GET"}

[2020-01-06T18:45:13.4881632Z][Information][Middleware]
{"QueryString":"","Body":null,"ContentType":null,"ContentLength":null,"IsHttps":false,"Host":{"Port":7000,"Host":"localhost"},"Method":"OPTIONS"}

[2020-01-06T18:45:13.5252449Z][Information][Middleware]
{"QueryString":"","Body":null,"ContentType":null,"ContentLength":null,"IsHttps":false,"Host":{"Port":7000,"Host":"localhost"},"Method":"GET"}

[2020-01-06T18:45:22.0068922Z][Information][Middleware]
{"QueryString":"","Body":null,"ContentType":null,"ContentLength":null,"IsHttps":false,"Host":{"Port":7000,"Host":"localhost"},"Method":"OPTIONS"}

[2020-01-06T18:45:22.0157723Z][Information][Middleware]
{"QueryString":"","Body":null,"ContentType":"application/x-www-form-urlencoded","ContentLength":16,"IsHttps":false,"Host":{"Port":7000,"Host":"localhost"},"Method":"PUT"}

[2020-01-06T18:45:22.2478323Z][Information][Middleware]
{"QueryString":"","Body":null,"ContentType":null,"ContentLength":null,"IsHttps":false,"Host":{"Port":7000,"Host":"localhost"},"Method":"OPTIONS"}

[2020-01-06T18:45:22.2620569Z][Information][Middleware]
{"QueryString":"","Body":null,"ContentType":null,"ContentLength":null,"IsHttps":false,"Host":{"Port":7000,"Host":"localhost"},"Method":"GET"}

[2020-01-06T18:45:27.9326092Z][Information][Middleware]
{"QueryString":"?properties=isAccountVerified,","Body":null,"ContentType":null,"ContentLength":null,"IsHttps":false,"Host":{"Port":7000,"Host":"localhost"},"Method":"OPTIONS"}

[2020-01-06T18:45:27.9330843Z][Information][Middleware]
{"QueryString":"","Body":null,"ContentType":null,"ContentLength":null,"IsHttps":false,"Host":{"Port":7000,"Host":"localhost"},"Method":"OPTIONS"}

[2020-01-06T18:45:27.9381811Z][Information][Middleware]
{"QueryString":"?properties=isAccountVerified,","Body":null,"ContentType":null,"ContentLength":null,"IsHttps":false,"Host":{"Port":7000,"Host":"localhost"},"Method":"GET"}

[2020-01-06T18:45:27.9381810Z][Information][Middleware]
{"QueryString":"","Body":null,"ContentType":null,"ContentLength":null,"IsHttps":false,"Host":{"Port":7000,"Host":"localhost"},"Method":"GET"}

[2020-01-06T18:45:27.9492538Z][Information][Middleware]
{"QueryString":"","Body":null,"ContentType":null,"ContentLength":null,"IsHttps":false,"Host":{"Port":7000,"Host":"localhost"},"Method":"OPTIONS"}

[2020-01-06T18:45:27.9544821Z][Information][Middleware]
{"QueryString":"","Body":null,"ContentType":null,"ContentLength":null,"IsHttps":false,"Host":{"Port":7000,"Host":"localhost"},"Method":"OPTIONS"}

[2020-01-06T18:45:27.9546716Z][Information][Middleware]
{"QueryString":"?properties=name,surname,middleName,","Body":null,"ContentType":null,"ContentLength":null,"IsHttps":false,"Host":{"Port":7000,"Host":"localhost"},"Method":"OPTIONS"}

[2020-01-06T18:45:27.9547761Z][Information][Middleware]
{"QueryString":"","Body":null,"ContentType":null,"ContentLength":null,"IsHttps":false,"Host":{"Port":7000,"Host":"localhost"},"Method":"GET"}

[2020-01-06T18:45:27.9693812Z][Information][Middleware]
{"QueryString":"","Body":null,"ContentType":null,"ContentLength":null,"IsHttps":false,"Host":{"Port":7000,"Host":"localhost"},"Method":"GET"}

[2020-01-06T18:45:27.9694297Z][Information][Middleware]
{"QueryString":"?properties=name,surname,middleName,","Body":null,"ContentType":null,"ContentLength":null,"IsHttps":false,"Host":{"Port":7000,"Host":"localhost"},"Method":"GET"}

[2020-01-06T18:47:28.3763400Z][Information][Middleware]
{"QueryString":"","Body":null,"ContentType":null,"ContentLength":null,"IsHttps":false,"Host":{"Port":7000,"Host":"localhost"},"Method":"OPTIONS"}

[2020-01-06T18:47:28.3904455Z][Information][Middleware]
{"QueryString":"","Body":null,"ContentType":null,"ContentLength":null,"IsHttps":false,"Host":{"Port":7000,"Host":"localhost"},"Method":"GET"}

[2020-01-06T18:47:31.6473926Z][Information][Middleware]
{"QueryString":"","Body":null,"ContentType":null,"ContentLength":null,"IsHttps":false,"Host":{"Port":7000,"Host":"localhost"},"Method":"OPTIONS"}

[2020-01-06T18:47:31.6516790Z][Information][Middleware]
{"QueryString":"","Body":null,"ContentType":null,"ContentLength":null,"IsHttps":false,"Host":{"Port":7000,"Host":"localhost"},"Method":"GET"}

[2020-01-06T18:48:26.3286969Z][Information][Middleware]
{"QueryString":"?properties=country,city,","Body":null,"ContentType":null,"ContentLength":null,"IsHttps":false,"Host":{"Port":7000,"Host":"localhost"},"Method":"OPTIONS"}

[2020-01-06T18:48:26.3325174Z][Information][Middleware]
{"QueryString":"?properties=country,city,","Body":null,"ContentType":null,"ContentLength":null,"IsHttps":false,"Host":{"Port":7000,"Host":"localhost"},"Method":"GET"}

[2020-01-06T18:48:27.2852185Z][Information][Middleware]
{"QueryString":"?properties=name,surname,middleName,","Body":null,"ContentType":null,"ContentLength":null,"IsHttps":false,"Host":{"Port":7000,"Host":"localhost"},"Method":"OPTIONS"}

[2020-01-06T18:48:27.2884322Z][Information][Middleware]
{"QueryString":"?properties=name,surname,middleName,","Body":null,"ContentType":null,"ContentLength":null,"IsHttps":false,"Host":{"Port":7000,"Host":"localhost"},"Method":"GET"}

[2020-01-06T18:48:28.1785729Z][Information][Middleware]
{"QueryString":"?properties=email,login,","Body":null,"ContentType":null,"ContentLength":null,"IsHttps":false,"Host":{"Port":7000,"Host":"localhost"},"Method":"OPTIONS"}

[2020-01-06T18:48:28.1817121Z][Information][Middleware]
{"QueryString":"?properties=email,login,","Body":null,"ContentType":null,"ContentLength":null,"IsHttps":false,"Host":{"Port":7000,"Host":"localhost"},"Method":"GET"}

[2020-01-06T18:48:35.8204770Z][Information][Middleware]
{"QueryString":"","Body":null,"ContentType":null,"ContentLength":null,"IsHttps":false,"Host":{"Port":7000,"Host":"localhost"},"Method":"OPTIONS"}

[2020-01-06T18:48:35.8446598Z][Information][Middleware]
{"QueryString":"","Body":null,"ContentType":"application/json;charset=utf-8","ContentLength":51,"IsHttps":false,"Host":{"Port":7000,"Host":"localhost"},"Method":"PUT"}

[2020-01-06T18:49:01.1169884Z][Information][Middleware]
{"QueryString":"?properties=name,surname,middleName,","Body":null,"ContentType":null,"ContentLength":null,"IsHttps":false,"Host":{"Port":7000,"Host":"localhost"},"Method":"OPTIONS"}

[2020-01-06T18:49:01.1632365Z][Information][Middleware]
{"QueryString":"?properties=name,surname,middleName,","Body":null,"ContentType":null,"ContentLength":null,"IsHttps":false,"Host":{"Port":7000,"Host":"localhost"},"Method":"GET"}

[2020-01-06T18:49:10.1180457Z][Information][Middleware]
{"QueryString":"","Body":null,"ContentType":null,"ContentLength":null,"IsHttps":false,"Host":{"Port":7000,"Host":"localhost"},"Method":"OPTIONS"}

[2020-01-06T18:49:10.1241572Z][Information][Middleware]
{"QueryString":"","Body":null,"ContentType":"application/json;charset=utf-8","ContentLength":52,"IsHttps":false,"Host":{"Port":7000,"Host":"localhost"},"Method":"PUT"}

[2020-01-06T18:49:12.4008760Z][Information][Middleware]
{"QueryString":"?properties=email,login,","Body":null,"ContentType":null,"ContentLength":null,"IsHttps":false,"Host":{"Port":7000,"Host":"localhost"},"Method":"OPTIONS"}

[2020-01-06T18:49:12.4058126Z][Information][Middleware]
{"QueryString":"?properties=email,login,","Body":null,"ContentType":null,"ContentLength":null,"IsHttps":false,"Host":{"Port":7000,"Host":"localhost"},"Method":"GET"}

[2020-01-06T18:49:18.9965786Z][Information][Middleware]
{"QueryString":"?properties=careerStages,","Body":null,"ContentType":null,"ContentLength":null,"IsHttps":false,"Host":{"Port":7000,"Host":"localhost"},"Method":"OPTIONS"}

[2020-01-06T18:49:19.0023668Z][Information][Middleware]
{"QueryString":"?properties=careerStages,","Body":null,"ContentType":null,"ContentLength":null,"IsHttps":false,"Host":{"Port":7000,"Host":"localhost"},"Method":"GET"}

[2020-01-06T18:49:56.1891109Z][Information][Middleware]
{"QueryString":"","Body":null,"ContentType":null,"ContentLength":null,"IsHttps":false,"Host":{"Port":7000,"Host":"localhost"},"Method":"OPTIONS"}

[2020-01-06T18:49:56.2181904Z][Information][Middleware]
{"QueryString":"","Body":null,"ContentType":"application/json;charset=utf-8","ContentLength":139,"IsHttps":false,"Host":{"Port":7000,"Host":"localhost"},"Method":"PUT"}

[2020-01-06T18:49:59.4040337Z][Information][Middleware]
{"QueryString":"?properties=email,login,","Body":null,"ContentType":null,"ContentLength":null,"IsHttps":false,"Host":{"Port":7000,"Host":"localhost"},"Method":"OPTIONS"}

[2020-01-06T18:49:59.4704519Z][Information][Middleware]
{"QueryString":"?properties=email,login,","Body":null,"ContentType":null,"ContentLength":null,"IsHttps":false,"Host":{"Port":7000,"Host":"localhost"},"Method":"GET"}

[2020-01-06T18:50:00.3733735Z][Information][Middleware]
{"QueryString":"?properties=careerStages,","Body":null,"ContentType":null,"ContentLength":null,"IsHttps":false,"Host":{"Port":7000,"Host":"localhost"},"Method":"OPTIONS"}

[2020-01-06T18:50:00.3782919Z][Information][Middleware]
{"QueryString":"?properties=careerStages,","Body":null,"ContentType":null,"ContentLength":null,"IsHttps":false,"Host":{"Port":7000,"Host":"localhost"},"Method":"GET"}

[2020-01-06T18:50:01.2869612Z][Information][Middleware]
{"QueryString":"?properties=name,surname,middleName,","Body":null,"ContentType":null,"ContentLength":null,"IsHttps":false,"Host":{"Port":7000,"Host":"localhost"},"Method":"OPTIONS"}

[2020-01-06T18:50:01.2906204Z][Information][Middleware]
{"QueryString":"?properties=name,surname,middleName,","Body":null,"ContentType":null,"ContentLength":null,"IsHttps":false,"Host":{"Port":7000,"Host":"localhost"},"Method":"GET"}

[2020-01-06T18:50:02.2532351Z][Information][Middleware]
{"QueryString":"?properties=country,city,","Body":null,"ContentType":null,"ContentLength":null,"IsHttps":false,"Host":{"Port":7000,"Host":"localhost"},"Method":"OPTIONS"}

[2020-01-06T18:50:02.2582408Z][Information][Middleware]
{"QueryString":"?properties=country,city,","Body":null,"ContentType":null,"ContentLength":null,"IsHttps":false,"Host":{"Port":7000,"Host":"localhost"},"Method":"GET"}

[2020-01-06T20:58:14.1106148Z][Information][Middleware]
{"QueryString":"","Body":null,"ContentType":null,"ContentLength":null,"IsHttps":false,"Host":{"Port":7000,"Host":"localhost"},"Method":"OPTIONS"}

[2020-01-06T20:58:15.4856762Z][Information][Middleware]
{"QueryString":"","Body":null,"ContentType":null,"ContentLength":null,"IsHttps":false,"Host":{"Port":7000,"Host":"localhost"},"Method":"GET"}

[2020-01-06T20:58:30.1444204Z][Information][Middleware]
{"QueryString":"?properties=isAccountVerified,","Body":null,"ContentType":null,"ContentLength":null,"IsHttps":false,"Host":{"Port":7000,"Host":"localhost"},"Method":"OPTIONS"}

[2020-01-06T20:58:30.1472153Z][Information][Middleware]
{"QueryString":"","Body":null,"ContentType":null,"ContentLength":null,"IsHttps":false,"Host":{"Port":7000,"Host":"localhost"},"Method":"OPTIONS"}

[2020-01-06T20:58:30.1411349Z][Information][Middleware]
{"QueryString":"","Body":null,"ContentType":null,"ContentLength":null,"IsHttps":false,"Host":{"Port":7000,"Host":"localhost"},"Method":"OPTIONS"}

[2020-01-06T20:58:30.1702943Z][Information][Middleware]
{"QueryString":"","Body":null,"ContentType":null,"ContentLength":null,"IsHttps":false,"Host":{"Port":7000,"Host":"localhost"},"Method":"OPTIONS"}

[2020-01-06T20:58:30.1702322Z][Information][Middleware]
{"QueryString":"?properties=name,surname,middleName,","Body":null,"ContentType":null,"ContentLength":null,"IsHttps":false,"Host":{"Port":7000,"Host":"localhost"},"Method":"OPTIONS"}

[2020-01-06T20:58:30.1809100Z][Information][Middleware]
{"QueryString":"","Body":null,"ContentType":null,"ContentLength":null,"IsHttps":false,"Host":{"Port":7000,"Host":"localhost"},"Method":"GET"}

[2020-01-06T20:58:30.1862810Z][Information][Middleware]
{"QueryString":"","Body":null,"ContentType":null,"ContentLength":null,"IsHttps":false,"Host":{"Port":7000,"Host":"localhost"},"Method":"GET"}

[2020-01-06T20:58:30.1862989Z][Information][Middleware]
{"QueryString":"?properties=isAccountVerified,","Body":null,"ContentType":null,"ContentLength":null,"IsHttps":false,"Host":{"Port":7000,"Host":"localhost"},"Method":"GET"}

[2020-01-06T20:58:30.1863697Z][Information][Middleware]
{"QueryString":"","Body":null,"ContentType":null,"ContentLength":null,"IsHttps":false,"Host":{"Port":7000,"Host":"localhost"},"Method":"GET"}

[2020-01-06T20:58:30.1936587Z][Information][Middleware]
{"QueryString":"?properties=name,surname,middleName,","Body":null,"ContentType":null,"ContentLength":null,"IsHttps":false,"Host":{"Port":7000,"Host":"localhost"},"Method":"GET"}

[2020-01-06T20:58:41.6093097Z][Information][Middleware]
{"QueryString":"?properties=email,login,","Body":null,"ContentType":null,"ContentLength":null,"IsHttps":false,"Host":{"Port":7000,"Host":"localhost"},"Method":"OPTIONS"}

[2020-01-06T20:58:41.6213123Z][Information][Middleware]
{"QueryString":"?properties=email,login,","Body":null,"ContentType":null,"ContentLength":null,"IsHttps":false,"Host":{"Port":7000,"Host":"localhost"},"Method":"GET"}

[2020-01-06T20:58:43.6789457Z][Information][Middleware]
{"QueryString":"?properties=country,city,","Body":null,"ContentType":null,"ContentLength":null,"IsHttps":false,"Host":{"Port":7000,"Host":"localhost"},"Method":"OPTIONS"}

[2020-01-06T20:58:43.6858296Z][Information][Middleware]
{"QueryString":"?properties=country,city,","Body":null,"ContentType":null,"ContentLength":null,"IsHttps":false,"Host":{"Port":7000,"Host":"localhost"},"Method":"GET"}

[2020-01-06T20:58:45.5796964Z][Information][Middleware]
{"QueryString":"?properties=country,city,","Body":null,"ContentType":null,"ContentLength":null,"IsHttps":false,"Host":{"Port":7000,"Host":"localhost"},"Method":"OPTIONS"}

[2020-01-06T20:58:45.6086951Z][Information][Middleware]
{"QueryString":"?properties=country,city,","Body":null,"ContentType":null,"ContentLength":null,"IsHttps":false,"Host":{"Port":7000,"Host":"localhost"},"Method":"GET"}

